00:00:00.193453 VirtualBox GUI (separate) 7.0.18 r162988 linux.amd64 (May  2 2024 10:35:36) release log
00:00:00.193454 Log opened 2024-05-21T20:50:33.262574000Z
00:00:00.193454 Build Type: release
00:00:00.193456 OS Product: Linux
00:00:00.193456 OS Release: 6.8.9-300.fc40.x86_64
00:00:00.193456 OS Version: #1 SMP PREEMPT_DYNAMIC Thu May  2 18:59:06 UTC 2024
00:00:00.193472 DMI Product Name: B550 AORUS PRO AC
00:00:00.193479 DMI Product Version: Default string
00:00:00.193483 Firmware type: UEFI
00:00:00.193532 Secure Boot: Disabled
00:00:00.193556 Host RAM: 31983MB (31.2GB) total, 21667MB (21.1GB) available
00:00:00.193558 Executable: /usr/lib/virtualbox/VirtualBoxVM
00:00:00.193558 Process ID: 25422
00:00:00.193558 Package type: LINUX_64BITS_FEDORA_40
00:00:00.193957 GUI: UIMediumEnumerator: Initial medium-enumeration finished!
00:00:00.615427 GUI: UIMediumEnumerator: Medium-enumeration started...
00:00:00.649496 GUI: UIFrameBufferPrivate::performResize: Size=640x480, Using fallback buffer since no source bitmap is provided
00:00:00.659210 GUI: UIMachineViewNormal::resendSizeHint: Restoring guest size-hint for screen 0 to 800x600
00:00:00.690315 QDBus inhibition call error for service org.freedesktop.ScreenSaver: org.gtk.GDBus.UnmappedGError.Quark._g_2dio_2derror_2dquark.Code36. GDBus.Error:org.gnome.SessionManager.GeneralError: Unable to uninhibit: Invalid cookie
00:00:00.690833 QDBus inhibition call error for service org.freedesktop.ScreenSaver: org.gtk.GDBus.UnmappedGError.Quark._g_2dio_2derror_2dquark.Code36. GDBus.Error:org.gnome.SessionManager.GeneralError: Unable to uninhibit: Invalid cookie
00:00:00.691291 QDBus inhibition call error for service org.gnome.SettingsDaemon.ScreensaverProxy: org.gtk.GDBus.UnmappedGError.Quark._g_2dio_2derror_2dquark.Code36. GDBus.Error:org.gnome.SessionManager.GeneralError: Unable to uninhibit: Invalid cookie
00:00:00.691717 QDBus inhibition call error for service org.gnome.SettingsDaemon.ScreensaverProxy: org.gtk.GDBus.UnmappedGError.Quark._g_2dio_2derror_2dquark.Code36. GDBus.Error:org.gnome.SessionManager.GeneralError: Unable to uninhibit: Invalid cookie
00:00:00.714802 GUI: UIMediumEnumerator: Medium-enumeration finished!
00:00:00.714818 GUI: UIFrameBufferPrivate::performResize: Size=800x600, Using fallback buffer since no source bitmap is provided
00:00:00.735464 GUI: UISession::sltAdditionsChange: GA state really changed, notifying listeners
00:00:00.735500 GUI: UIMachineViewNormal::adjustGuestScreenSize: Adjust guest-screen size if necessary
00:00:00.735666 GUI: UISession::sltAdditionsChange: GA state change event came, notifying listeners
00:00:00.735674 GUI: UIMachineLogicNormal::sltCheckForRequestedVisualStateType: Requested-state=1, Machine-state=6
00:00:00.736307 GUI: HID LEDs sync is not supported on this platform
00:00:00.771320 GUI: UIDesktopWidgetWatchdog::sltHandleHostScreenAvailableGeometryCalculated: Screen 1 work area is actually resized to: 0x0 x 1440x2560
00:00:00.771341 GUI: UIDesktopWidgetWatchdog::sltHandleHostScreenAvailableGeometryCalculated: Screen 0 work area is actually resized to: 1440x32 x 2560x1408
00:00:00.790340 GUI: UIMachineLogicNormal::sltCheckForRequestedVisualStateType: Requested-state=1, Machine-state=6
00:00:00.838107 GUI: UIFrameBufferPrivate::performResize: Size=800x600, Using fallback buffer since no source bitmap is provided
00:00:00.839439 GUI: UIFrameBufferPrivate::performResize: Size=800x600, Using fallback buffer since no source bitmap is provided
00:00:00.876930 GUI: UIMachineLogic: Guest-screen count changed
00:00:01.079994 GUI: UIMediumEnumerator: Medium-enumeration finished!
00:00:03.871482 GUI: UIMediumEnumerator: Medium-enumeration finished!
00:01:43.323662 GUI: Request for close-action to power VM off.
00:01:43.323874 GUI: Powering VM off..
00:01:43.331457 GUI: UIFrameBufferPrivate::performResize: Size=800x600, Using fallback buffer since no source bitmap is provided
00:01:43.334999 GUI: UIFrameBufferPrivate::performResize: Size=800x600, Using fallback buffer since no source bitmap is provided
00:01:43.351273 GUI: UIMediumEnumerator: Medium-enumeration finished!
00:01:43.413233 GUI: Passing request to close Runtime UI from UI session to UI machine.
00:01:43.414198 GUI: UICommon: Handling aboutToQuit request..
00:01:44.328891 ERROR [COM]: aRC=NS_ERROR_UNEXPECTED (0x8000ffff) aIID={c0447716-ff5a-4795-b57a-ecd5fffa18a4} aComponent={SessionWrap} aText={The session is not locked (session state: Unlocked)}, preserve=false aResultDetail=0
00:01:44.329586 ERROR [COM]: aRC=NS_ERROR_UNEXPECTED (0x8000ffff) aIID={c0447716-ff5a-4795-b57a-ecd5fffa18a4} aComponent={SessionWrap} aText={The session is not locked (session state: Unlocked)}, preserve=false aResultDetail=0
00:01:44.344946 GUI: UICommon: aboutToQuit request handled!
