00:00:00.204867 VirtualBox GUI (separate) 7.0.18 r162988 linux.amd64 (May  2 2024 10:35:36) release log
00:00:00.204869 Log opened 2024-05-21T20:28:52.162776000Z
00:00:00.204869 Build Type: release
00:00:00.204870 OS Product: Linux
00:00:00.204871 OS Release: 6.8.9-300.fc40.x86_64
00:00:00.204871 OS Version: #1 SMP PREEMPT_DYNAMIC Thu May  2 18:59:06 UTC 2024
00:00:00.204889 DMI Product Name: B550 AORUS PRO AC
00:00:00.204896 DMI Product Version: Default string
00:00:00.204900 Firmware type: UEFI
00:00:00.204956 Secure Boot: Disabled
00:00:00.204983 Host RAM: 31983MB (31.2GB) total, 22849MB (22.3GB) available
00:00:00.204984 Executable: /usr/lib/virtualbox/VirtualBoxVM
00:00:00.204984 Process ID: 24411
00:00:00.204984 Package type: LINUX_64BITS_FEDORA_40
00:00:00.205471 GUI: UIMediumEnumerator: Initial medium-enumeration finished!
00:00:00.734412 GUI: UIMediumEnumerator: Medium-enumeration started...
00:00:00.767340 GUI: UIFrameBufferPrivate::performResize: Size=640x480, Using fallback buffer since no source bitmap is provided
00:00:00.770723 GUI: UIMachineViewNormal::resendSizeHint: Restoring guest size-hint for screen 0 to 800x600
00:00:00.809205 QDBus inhibition call error for service org.freedesktop.ScreenSaver: org.gtk.GDBus.UnmappedGError.Quark._g_2dio_2derror_2dquark.Code36. GDBus.Error:org.gnome.SessionManager.GeneralError: Unable to uninhibit: Invalid cookie
00:00:00.809674 QDBus inhibition call error for service org.freedesktop.ScreenSaver: org.gtk.GDBus.UnmappedGError.Quark._g_2dio_2derror_2dquark.Code36. GDBus.Error:org.gnome.SessionManager.GeneralError: Unable to uninhibit: Invalid cookie
00:00:00.810083 QDBus inhibition call error for service org.gnome.SettingsDaemon.ScreensaverProxy: org.gtk.GDBus.UnmappedGError.Quark._g_2dio_2derror_2dquark.Code36. GDBus.Error:org.gnome.SessionManager.GeneralError: Unable to uninhibit: Invalid cookie
00:00:00.810614 QDBus inhibition call error for service org.gnome.SettingsDaemon.ScreensaverProxy: org.gtk.GDBus.UnmappedGError.Quark._g_2dio_2derror_2dquark.Code36. GDBus.Error:org.gnome.SessionManager.GeneralError: Unable to uninhibit: Invalid cookie
00:00:00.832886 GUI: UIMediumEnumerator: Medium-enumeration finished!
00:00:00.832907 GUI: UIFrameBufferPrivate::performResize: Size=800x600, Using fallback buffer since no source bitmap is provided
00:00:00.853183 GUI: UISession::sltAdditionsChange: GA state really changed, notifying listeners
00:00:00.853226 GUI: UIMachineViewNormal::adjustGuestScreenSize: Adjust guest-screen size if necessary
00:00:00.853405 GUI: UISession::sltAdditionsChange: GA state change event came, notifying listeners
00:00:00.853412 GUI: UIMachineLogicNormal::sltCheckForRequestedVisualStateType: Requested-state=1, Machine-state=6
00:00:00.853952 GUI: HID LEDs sync is not supported on this platform
00:00:00.886493 GUI: UIDesktopWidgetWatchdog::sltHandleHostScreenAvailableGeometryCalculated: Screen 1 work area is actually resized to: 0x0 x 1440x2560
00:00:00.886524 GUI: UIDesktopWidgetWatchdog::sltHandleHostScreenAvailableGeometryCalculated: Screen 0 work area is actually resized to: 1440x32 x 2560x1408
00:00:00.905756 GUI: UIMachineLogicNormal::sltCheckForRequestedVisualStateType: Requested-state=1, Machine-state=6
00:00:11.099554 GUI: UIMediumEnumerator: Medium-enumeration finished!
00:00:36.744716 GUI: UIMediumEnumerator: Medium-enumeration finished!
00:00:38.848561 GUI: UIMediumEnumerator: Medium-enumeration finished!
00:23:41.209112 GUI: Request for close-action to power VM off.
00:23:41.209255 GUI: Powering VM off..
00:23:41.214437 GUI: UIFrameBufferPrivate::performResize: Size=800x600, Using fallback buffer since no source bitmap is provided
00:23:41.265202 GUI: Passing request to close Runtime UI from UI session to UI machine.
00:23:41.266333 GUI: UICommon: Handling aboutToQuit request..
00:23:42.372333 ERROR [COM]: aRC=NS_ERROR_UNEXPECTED (0x8000ffff) aIID={c0447716-ff5a-4795-b57a-ecd5fffa18a4} aComponent={SessionWrap} aText={The session is not locked (session state: Unlocked)}, preserve=false aResultDetail=0
00:23:42.373126 ERROR [COM]: aRC=NS_ERROR_UNEXPECTED (0x8000ffff) aIID={c0447716-ff5a-4795-b57a-ecd5fffa18a4} aComponent={SessionWrap} aText={The session is not locked (session state: Unlocked)}, preserve=false aResultDetail=0
00:23:42.388752 GUI: UICommon: aboutToQuit request handled!
