00:00:00.008022 VirtualBox VM 7.0.18 r162988 linux.amd64 (May  2 2024 10:35:36) release log
00:00:00.008024 Log opened 2024-05-20T20:58:11.764662000Z
00:00:00.008024 Build Type: release
00:00:00.008025 OS Product: Linux
00:00:00.008026 OS Release: 6.8.9-300.fc40.x86_64
00:00:00.008026 OS Version: #1 SMP PREEMPT_DYNAMIC Thu May  2 18:59:06 UTC 2024
00:00:00.008041 DMI Product Name: B550 AORUS PRO AC
00:00:00.008049 DMI Product Version: Default string
00:00:00.008053 Firmware type: UEFI
00:00:00.008112 Secure Boot: Disabled
00:00:00.008136 Host RAM: 31983MB (31.2GB) total, 27023MB (26.3GB) available
00:00:00.008137 Executable: /usr/lib/virtualbox/VBoxHeadless
00:00:00.008137 Process ID: 18707
00:00:00.008138 Package type: LINUX_64BITS_FEDORA_40
00:00:00.015188 Installed Extension Packs:
00:00:00.015198   None installed!
00:00:00.015627 Console: Machine state changed to 'Starting'
00:00:00.035005 SUP: Opened VMMR0.r0 (/usr/lib/virtualbox/VMMR0.r0) at 0xXXXXXXXXXXXXXXXX.
00:00:00.036488 Guest OS type: 'Linux24_64'
00:00:00.037408 fHMForced=true - No raw-mode support in this build!
00:00:00.042575 File system of '/home/exeruvim/GNS3/projects/lab5/project-files/virtualbox/a7e7982a-e7eb-434b-aef8-5b6748d11678/v-ESR-Router-BR/Snapshots' (snapshots) is btrfs
00:00:00.042582 File system of '/home/exeruvim/GNS3/projects/lab5/project-files/virtualbox/a7e7982a-e7eb-434b-aef8-5b6748d11678/v-ESR-Router-BR/Snapshots/{a67e7f4d-57ad-4925-b7d7-06006887edf7}.vdi' is btrfs
00:00:00.057393 Audio: Detected default audio driver type is 'ALSAAudio'
00:00:00.063288 Shared Clipboard: Service loaded
00:00:00.063296 Shared Clipboard: Mode: Off
00:00:00.063327 Shared Clipboard: Service running in headless mode
00:00:00.063734 Drag and drop service loaded
00:00:00.063741 Drag and drop mode: Off
00:00:00.065280 ************************* CFGM dump *************************
00:00:00.065283 [/] (level 0)
00:00:00.065286   CpuExecutionCap   <integer> = 0x0000000000000064 (100)
00:00:00.065289   EnablePAE         <integer> = 0x0000000000000001 (1)
00:00:00.065289   HMEnabled         <integer> = 0x0000000000000001 (1)
00:00:00.065290   MemBalloonSize    <integer> = 0x0000000000000000 (0, 0 B)
00:00:00.065290   Name              <string>  = "v-ESR-Router-BR" (cb=16)
00:00:00.065291   NumCPUs           <integer> = 0x0000000000000002 (2)
00:00:00.065291   PageFusionAllowed <integer> = 0x0000000000000000 (0)
00:00:00.065292   RamHoleSize       <integer> = 0x0000000020000000 (536 870 912, 512.0 MiB)
00:00:00.065292   RamSize           <integer> = 0x0000000100000000 (4 294 967 296, 4.0 GiB)
00:00:00.065293   TimerMillies      <integer> = 0x000000000000000a (10)
00:00:00.065293   UUID              <bytes>   = "45 9d bb a8 c0 62 99 40 8a 2a ac 5e 9a 77 e2 1c" (cb=16)
00:00:00.065295 
00:00:00.065296 [/CPUM/] (level 1)
00:00:00.065297   Enable64bit        <integer> = 0x0000000000000001 (1)
00:00:00.065297   GuestCpuName       <string>  = "host" (cb=5)
00:00:00.065298   NestedHWVirt       <integer> = 0x0000000000000000 (0)
00:00:00.065298   PortableCpuIdLevel <integer> = 0x0000000000000000 (0)
00:00:00.065298   SpecCtrl           <integer> = 0x0000000000000000 (0)
00:00:00.065298 
00:00:00.065299 [/CPUM/IsaExts/] (level 2)
00:00:00.065299 
00:00:00.065300 [/DBGC/] (level 1)
00:00:00.065300   GlobalInitScript <string>  = "/home/exeruvim/.config/VirtualBox/dbgc-init" (cb=44)
00:00:00.065301   HistoryFile      <string>  = "/home/exeruvim/.config/VirtualBox/dbgc-history" (cb=47)
00:00:00.065301   LocalInitScript  <string>  = "/home/exeruvim/GNS3/projects/lab5/project-files/virtualbox/a7e7982a-e7eb-434b-aef8-5b6748d11678/v-ESR-Router-BR/dbgc-init" (cb=122)
00:00:00.065301 
00:00:00.065301 [/DBGF/] (level 1)
00:00:00.065302   Path <string>  = "/home/exeruvim/GNS3/projects/lab5/project-files/virtualbox/a7e7982a-e7eb-434b-aef8-5b6748d11678/v-ESR-Router-BR/debug/;/home/exeruvim/GNS3/projects/lab5/project-files/virtualbox/a7e7982a-e7eb-434b-aef8-5b6748d11678/v-ESR-Router-BR/;cache*/home/exeruvim/GNS3/projects/lab5/project-files/virtualbox/a7e7982a-e7eb-434b-aef8-5b6748d11678/v-ESR-Router-BR/dbgcache/;/home/exeruvim/" (cb=376)
00:00:00.065302 
00:00:00.065302 [/Devices/] (level 1)
00:00:00.065302 
00:00:00.065302 [/Devices/3c501/] (level 2)
00:00:00.065303 
00:00:00.065303 [/Devices/8237A/] (level 2)
00:00:00.065303 
00:00:00.065303 [/Devices/8237A/0/] (level 3)
00:00:00.065304   Trusted <integer> = 0x0000000000000001 (1)
00:00:00.065304 
00:00:00.065304 [/Devices/VMMDev/] (level 2)
00:00:00.065304 
00:00:00.065304 [/Devices/VMMDev/0/] (level 3)
00:00:00.065305   PCIBusNo      <integer> = 0x0000000000000000 (0)
00:00:00.065305   PCIDeviceNo   <integer> = 0x0000000000000004 (4)
00:00:00.065306   PCIFunctionNo <integer> = 0x0000000000000000 (0)
00:00:00.065306   Trusted       <integer> = 0x0000000000000001 (1)
00:00:00.065306 
00:00:00.065306 [/Devices/VMMDev/0/Config/] (level 4)
00:00:00.065307   GuestCoreDumpDir <string>  = "/home/exeruvim/GNS3/projects/lab5/project-files/virtualbox/a7e7982a-e7eb-434b-aef8-5b6748d11678/v-ESR-Router-BR/Snapshots" (cb=122)
00:00:00.065307 
00:00:00.065308 [/Devices/VMMDev/0/LUN#0/] (level 4)
00:00:00.065308   Driver <string>  = "HGCM" (cb=5)
00:00:00.065309 
00:00:00.065309 [/Devices/VMMDev/0/LUN#0/Config/] (level 5)
00:00:00.065310 
00:00:00.065310 [/Devices/VMMDev/0/LUN#999/] (level 4)
00:00:00.065310   Driver <string>  = "MainStatus" (cb=11)
00:00:00.065311 
00:00:00.065311 [/Devices/VMMDev/0/LUN#999/Config/] (level 5)
00:00:00.065311   First                <integer> = 0x0000000000000000 (0)
00:00:00.065312   HasMediumAttachments <integer> = 0x0000000000000000 (0)
00:00:00.065312   Last                 <integer> = 0x0000000000000000 (0)
00:00:00.065312   iLedSet              <integer> = 0x0000000000000008 (8)
00:00:00.065312 
00:00:00.065313 [/Devices/acpi/] (level 2)
00:00:00.065313 
00:00:00.065313 [/Devices/acpi/0/] (level 3)
00:00:00.065313   PCIBusNo      <integer> = 0x0000000000000000 (0)
00:00:00.065314   PCIDeviceNo   <integer> = 0x0000000000000007 (7)
00:00:00.065314   PCIFunctionNo <integer> = 0x0000000000000000 (0)
00:00:00.065314   Trusted       <integer> = 0x0000000000000001 (1)
00:00:00.065315 
00:00:00.065315 [/Devices/acpi/0/Config/] (level 4)
00:00:00.065315   CpuHotPlug          <integer> = 0x0000000000000000 (0)
00:00:00.065315   FdcEnabled          <integer> = 0x0000000000000000 (0)
00:00:00.065316   HostBusPciAddress   <integer> = 0x0000000000000000 (0)
00:00:00.065316   HpetEnabled         <integer> = 0x0000000000000000 (0)
00:00:00.065316   IOAPIC              <integer> = 0x0000000000000001 (1)
00:00:00.065317   IocPciAddress       <integer> = 0x0000000000010000 (65 536)
00:00:00.065317   NumCPUs             <integer> = 0x0000000000000002 (2)
00:00:00.065317   Parallel0IoPortBase <integer> = 0x0000000000000000 (0)
00:00:00.065318   Parallel0Irq        <integer> = 0x0000000000000000 (0)
00:00:00.065318   Parallel1IoPortBase <integer> = 0x0000000000000000 (0)
00:00:00.065318   Parallel1Irq        <integer> = 0x0000000000000000 (0)
00:00:00.065318   Serial0IoPortBase   <integer> = 0x00000000000003f8 (1 016)
00:00:00.065319   Serial0Irq          <integer> = 0x0000000000000004 (4)
00:00:00.065319   Serial1IoPortBase   <integer> = 0x0000000000000000 (0)
00:00:00.065319   Serial1Irq          <integer> = 0x0000000000000000 (0)
00:00:00.065320   ShowCpu             <integer> = 0x0000000000000001 (1)
00:00:00.065320   ShowRtc             <integer> = 0x0000000000000000 (0)
00:00:00.065320   SmcEnabled          <integer> = 0x0000000000000000 (0)
00:00:00.065320 
00:00:00.065321 [/Devices/acpi/0/LUN#0/] (level 4)
00:00:00.065321   Driver <string>  = "ACPIHost" (cb=9)
00:00:00.065321 
00:00:00.065321 [/Devices/acpi/0/LUN#0/Config/] (level 5)
00:00:00.065322 
00:00:00.065322 [/Devices/acpi/0/LUN#1/] (level 4)
00:00:00.065322   Driver <string>  = "ACPICpu" (cb=8)
00:00:00.065322 
00:00:00.065323 [/Devices/acpi/0/LUN#1/Config/] (level 5)
00:00:00.065323 
00:00:00.065323 [/Devices/apic/] (level 2)
00:00:00.065323 
00:00:00.065323 [/Devices/apic/0/] (level 3)
00:00:00.065324   Trusted <integer> = 0x0000000000000001 (1)
00:00:00.065324 
00:00:00.065324 [/Devices/apic/0/Config/] (level 4)
00:00:00.065325   IOAPIC  <integer> = 0x0000000000000001 (1)
00:00:00.065325   Mode    <integer> = 0x0000000000000002 (2)
00:00:00.065325   NumCPUs <integer> = 0x0000000000000002 (2)
00:00:00.065325 
00:00:00.065325 [/Devices/dp8390/] (level 2)
00:00:00.065326 
00:00:00.065326 [/Devices/e1000/] (level 2)
00:00:00.065326 
00:00:00.065326 [/Devices/e1000/0/] (level 3)
00:00:00.065327   PCIBusNo      <integer> = 0x0000000000000000 (0)
00:00:00.065327   PCIDeviceNo   <integer> = 0x0000000000000003 (3)
00:00:00.065327   PCIFunctionNo <integer> = 0x0000000000000000 (0)
00:00:00.065328   Trusted       <integer> = 0x0000000000000001 (1)
00:00:00.065328 
00:00:00.065328 [/Devices/e1000/0/Config/] (level 4)
00:00:00.065328   AdapterType    <integer> = 0x0000000000000000 (0)
00:00:00.065329   CableConnected <integer> = 0x0000000000000000 (0)
00:00:00.065329   LineSpeed      <integer> = 0x0000000000000000 (0)
00:00:00.065329   MAC            <bytes>   = "08 00 27 a6 58 91" (cb=6)
00:00:00.065330 
00:00:00.065330 [/Devices/e1000/0/LUN#0/] (level 4)
00:00:00.065330   Driver <string>  = "UDPTunnel" (cb=10)
00:00:00.065330 
00:00:00.065331 [/Devices/e1000/0/LUN#0/Config/] (level 5)
00:00:00.065331   dest  <string>  = "127.0.0.1" (cb=10)
00:00:00.065331   dport <string>  = "10005" (cb=6)
00:00:00.065332   sport <string>  = "10004" (cb=6)
00:00:00.065332 
00:00:00.065332 [/Devices/e1000/0/LUN#999/] (level 4)
00:00:00.065332   Driver <string>  = "MainStatus" (cb=11)
00:00:00.065332 
00:00:00.065333 [/Devices/e1000/0/LUN#999/Config/] (level 5)
00:00:00.065333   First                <integer> = 0x0000000000000000 (0)
00:00:00.065333   HasMediumAttachments <integer> = 0x0000000000000000 (0)
00:00:00.065334   Last                 <integer> = 0x0000000000000000 (0)
00:00:00.065334   iLedSet              <integer> = 0x0000000000000004 (4)
00:00:00.065334 
00:00:00.065334 [/Devices/e1000/1/] (level 3)
00:00:00.065335   PCIBusNo      <integer> = 0x0000000000000000 (0)
00:00:00.065335   PCIDeviceNo   <integer> = 0x0000000000000008 (8)
00:00:00.065335   PCIFunctionNo <integer> = 0x0000000000000000 (0)
00:00:00.065335   Trusted       <integer> = 0x0000000000000001 (1)
00:00:00.065336 
00:00:00.065336 [/Devices/e1000/1/Config/] (level 4)
00:00:00.065336   AdapterType    <integer> = 0x0000000000000000 (0)
00:00:00.065336   CableConnected <integer> = 0x0000000000000000 (0)
00:00:00.065337   LineSpeed      <integer> = 0x0000000000000000 (0)
00:00:00.065337   MAC            <bytes>   = "08 00 27 5e 98 c0" (cb=6)
00:00:00.065337 
00:00:00.065338 [/Devices/e1000/1/LUN#0/] (level 4)
00:00:00.065338   Driver <string>  = "UDPTunnel" (cb=10)
00:00:00.065338 
00:00:00.065338 [/Devices/e1000/1/LUN#0/Config/] (level 5)
00:00:00.065339   dest  <string>  = "127.0.0.1" (cb=10)
00:00:00.065339   dport <string>  = "10011" (cb=6)
00:00:00.065339   sport <string>  = "10010" (cb=6)
00:00:00.065339 
00:00:00.065339 [/Devices/e1000/1/LUN#999/] (level 4)
00:00:00.065340   Driver <string>  = "MainStatus" (cb=11)
00:00:00.065340 
00:00:00.065340 [/Devices/e1000/1/LUN#999/Config/] (level 5)
00:00:00.065341   First                <integer> = 0x0000000000000000 (0)
00:00:00.065341   HasMediumAttachments <integer> = 0x0000000000000000 (0)
00:00:00.065341   Last                 <integer> = 0x0000000000000000 (0)
00:00:00.065341   iLedSet              <integer> = 0x0000000000000005 (5)
00:00:00.065342 
00:00:00.065342 [/Devices/e1000/2/] (level 3)
00:00:00.065342   PCIBusNo      <integer> = 0x0000000000000000 (0)
00:00:00.065342   PCIDeviceNo   <integer> = 0x0000000000000009 (9)
00:00:00.065343   PCIFunctionNo <integer> = 0x0000000000000000 (0)
00:00:00.065343   Trusted       <integer> = 0x0000000000000001 (1)
00:00:00.065343 
00:00:00.065343 [/Devices/e1000/2/Config/] (level 4)
00:00:00.065344   AdapterType    <integer> = 0x0000000000000000 (0)
00:00:00.065344   CableConnected <integer> = 0x0000000000000000 (0)
00:00:00.065344   LineSpeed      <integer> = 0x0000000000000000 (0)
00:00:00.065344   MAC            <bytes>   = "08 00 27 a8 24 51" (cb=6)
00:00:00.065345 
00:00:00.065345 [/Devices/e1000/2/LUN#0/] (level 4)
00:00:00.065346   Driver <string>  = "UDPTunnel" (cb=10)
00:00:00.065346 
00:00:00.065346 [/Devices/e1000/2/LUN#0/Config/] (level 5)
00:00:00.065346   dest  <string>  = "127.0.0.1" (cb=10)
00:00:00.065346   dport <string>  = "10017" (cb=6)
00:00:00.065347   sport <string>  = "10016" (cb=6)
00:00:00.065347 
00:00:00.065347 [/Devices/e1000/2/LUN#999/] (level 4)
00:00:00.065347   Driver <string>  = "MainStatus" (cb=11)
00:00:00.065348 
00:00:00.065348 [/Devices/e1000/2/LUN#999/Config/] (level 5)
00:00:00.065348   First                <integer> = 0x0000000000000000 (0)
00:00:00.065348   HasMediumAttachments <integer> = 0x0000000000000000 (0)
00:00:00.065349   Last                 <integer> = 0x0000000000000000 (0)
00:00:00.065349   iLedSet              <integer> = 0x0000000000000006 (6)
00:00:00.065349 
00:00:00.065349 [/Devices/e1000/3/] (level 3)
00:00:00.065350   PCIBusNo      <integer> = 0x0000000000000000 (0)
00:00:00.065350   PCIDeviceNo   <integer> = 0x000000000000000a (10)
00:00:00.065350   PCIFunctionNo <integer> = 0x0000000000000000 (0)
00:00:00.065350   Trusted       <integer> = 0x0000000000000001 (1)
00:00:00.065351 
00:00:00.065351 [/Devices/e1000/3/Config/] (level 4)
00:00:00.065351   AdapterType    <integer> = 0x0000000000000000 (0)
00:00:00.065352   CableConnected <integer> = 0x0000000000000000 (0)
00:00:00.065352   LineSpeed      <integer> = 0x0000000000000000 (0)
00:00:00.065352   MAC            <bytes>   = "08 00 27 49 70 6d" (cb=6)
00:00:00.065352 
00:00:00.065353 [/Devices/e1000/3/LUN#0/] (level 4)
00:00:00.065353   Driver <string>  = "UDPTunnel" (cb=10)
00:00:00.065353 
00:00:00.065353 [/Devices/e1000/3/LUN#0/Config/] (level 5)
00:00:00.065354   dest  <string>  = "127.0.0.1" (cb=10)
00:00:00.065354   dport <string>  = "10023" (cb=6)
00:00:00.065354   sport <string>  = "10022" (cb=6)
00:00:00.065354 
00:00:00.065354 [/Devices/e1000/3/LUN#999/] (level 4)
00:00:00.065355   Driver <string>  = "MainStatus" (cb=11)
00:00:00.065355 
00:00:00.065355 [/Devices/e1000/3/LUN#999/Config/] (level 5)
00:00:00.065356   First                <integer> = 0x0000000000000000 (0)
00:00:00.065356   HasMediumAttachments <integer> = 0x0000000000000000 (0)
00:00:00.065356   Last                 <integer> = 0x0000000000000000 (0)
00:00:00.065357   iLedSet              <integer> = 0x0000000000000007 (7)
00:00:00.065357 
00:00:00.065357 [/Devices/i8254/] (level 2)
00:00:00.065357 
00:00:00.065357 [/Devices/i8254/0/] (level 3)
00:00:00.065358 
00:00:00.065358 [/Devices/i8254/0/Config/] (level 4)
00:00:00.065358 
00:00:00.065358 [/Devices/i8259/] (level 2)
00:00:00.065359 
00:00:00.065359 [/Devices/i8259/0/] (level 3)
00:00:00.065359   Trusted <integer> = 0x0000000000000001 (1)
00:00:00.065359 
00:00:00.065359 [/Devices/i8259/0/Config/] (level 4)
00:00:00.065360 
00:00:00.065360 [/Devices/ichac97/] (level 2)
00:00:00.065360 
00:00:00.065360 [/Devices/ichac97/0/] (level 3)
00:00:00.065361   PCIBusNo      <integer> = 0x0000000000000000 (0)
00:00:00.065361   PCIDeviceNo   <integer> = 0x0000000000000005 (5)
00:00:00.065361   PCIFunctionNo <integer> = 0x0000000000000000 (0)
00:00:00.065362   Trusted       <integer> = 0x0000000000000001 (1)
00:00:00.065362 
00:00:00.065362 [/Devices/ichac97/0/AudioConfig/] (level 4)
00:00:00.065362 
00:00:00.065362 [/Devices/ichac97/0/Config/] (level 4)
00:00:00.065363   Codec        <string>  = "AD1980" (cb=7)
00:00:00.065363   DebugEnabled <integer> = 0x0000000000000000 (0)
00:00:00.065363 
00:00:00.065364 [/Devices/ichac97/0/LUN#0/] (level 4)
00:00:00.065364   Driver <string>  = "AUDIO" (cb=6)
00:00:00.065364 
00:00:00.065364 [/Devices/ichac97/0/LUN#0/AttachedDriver/] (level 5)
00:00:00.065365   Driver <string>  = "ALSAAudio" (cb=10)
00:00:00.065365 
00:00:00.065365 [/Devices/ichac97/0/LUN#0/AttachedDriver/Config/] (level 6)
00:00:00.065366 
00:00:00.065366 [/Devices/ichac97/0/LUN#0/Config/] (level 5)
00:00:00.065366   DriverName    <string>  = "ALSAAudio" (cb=10)
00:00:00.065366   InputEnabled  <integer> = 0x0000000000000000 (0)
00:00:00.065367   OutputEnabled <integer> = 0x0000000000000001 (1)
00:00:00.065367 
00:00:00.065367 [/Devices/ichac97/0/LUN#1/] (level 4)
00:00:00.065367   Driver <string>  = "AUDIO" (cb=6)
00:00:00.065368 
00:00:00.065368 [/Devices/ioapic/] (level 2)
00:00:00.065368 
00:00:00.065368 [/Devices/ioapic/0/] (level 3)
00:00:00.065369   Trusted <integer> = 0x0000000000000001 (1)
00:00:00.065369 
00:00:00.065369 [/Devices/ioapic/0/Config/] (level 4)
00:00:00.065370   NumCPUs <integer> = 0x0000000000000002 (2)
00:00:00.065370 
00:00:00.065371 [/Devices/mc146818/] (level 2)
00:00:00.065371 
00:00:00.065371 [/Devices/mc146818/0/] (level 3)
00:00:00.065371 
00:00:00.065371 [/Devices/mc146818/0/Config/] (level 4)
00:00:00.065372   UseUTC <integer> = 0x0000000000000001 (1)
00:00:00.065372 
00:00:00.065372 [/Devices/parallel/] (level 2)
00:00:00.065373 
00:00:00.065373 [/Devices/pcarch/] (level 2)
00:00:00.065373 
00:00:00.065373 [/Devices/pcarch/0/] (level 3)
00:00:00.065373   Trusted <integer> = 0x0000000000000001 (1)
00:00:00.065374 
00:00:00.065374 [/Devices/pcarch/0/Config/] (level 4)
00:00:00.065374 
00:00:00.065374 [/Devices/pcbios/] (level 2)
00:00:00.065375 
00:00:00.065375 [/Devices/pcbios/0/] (level 3)
00:00:00.065375   Trusted <integer> = 0x0000000000000001 (1)
00:00:00.065375 
00:00:00.065375 [/Devices/pcbios/0/Config/] (level 4)
00:00:00.065376   APIC           <integer> = 0x0000000000000001 (1)
00:00:00.065376   BootDevice0    <string>  = "FLOPPY" (cb=7)
00:00:00.065377   BootDevice1    <string>  = "DVD" (cb=4)
00:00:00.065377   BootDevice2    <string>  = "IDE" (cb=4)
00:00:00.065377   BootDevice3    <string>  = "NONE" (cb=5)
00:00:00.065377   FloppyDevice   <string>  = "i82078" (cb=7)
00:00:00.065377   HardDiskDevice <string>  = "piix3ide" (cb=9)
00:00:00.065378   IOAPIC         <integer> = 0x0000000000000001 (1)
00:00:00.065378   McfgBase       <integer> = 0x0000000000000000 (0)
00:00:00.065378   McfgLength     <integer> = 0x0000000000000000 (0)
00:00:00.065379   NumCPUs        <integer> = 0x0000000000000002 (2)
00:00:00.065379   PXEDebug       <integer> = 0x0000000000000000 (0)
00:00:00.065379   UUID           <bytes>   = "45 9d bb a8 c0 62 99 40 8a 2a ac 5e 9a 77 e2 1c" (cb=16)
00:00:00.065380   UuidLe         <integer> = 0x0000000000000001 (1)
00:00:00.065380 
00:00:00.065380 [/Devices/pcbios/0/Config/NetBoot/] (level 5)
00:00:00.065381 
00:00:00.065381 [/Devices/pcbios/0/Config/NetBoot/0/] (level 6)
00:00:00.065381   NIC           <integer> = 0x0000000000000000 (0)
00:00:00.065382   PCIBusNo      <integer> = 0x0000000000000000 (0)
00:00:00.065382   PCIDeviceNo   <integer> = 0x0000000000000003 (3)
00:00:00.065382   PCIFunctionNo <integer> = 0x0000000000000000 (0)
00:00:00.065382 
00:00:00.065383 [/Devices/pci/] (level 2)
00:00:00.065383 
00:00:00.065383 [/Devices/pci/0/] (level 3)
00:00:00.065383   Trusted <integer> = 0x0000000000000001 (1)
00:00:00.065384 
00:00:00.065384 [/Devices/pci/0/Config/] (level 4)
00:00:00.065384   IOAPIC <integer> = 0x0000000000000001 (1)
00:00:00.065384 
00:00:00.065384 [/Devices/pcibridge/] (level 2)
00:00:00.065385 
00:00:00.065385 [/Devices/pckbd/] (level 2)
00:00:00.065385 
00:00:00.065385 [/Devices/pckbd/0/] (level 3)
00:00:00.065386   Trusted <integer> = 0x0000000000000001 (1)
00:00:00.065386 
00:00:00.065386 [/Devices/pckbd/0/Config/] (level 4)
00:00:00.065386 
00:00:00.065386 [/Devices/pckbd/0/LUN#0/] (level 4)
00:00:00.065387   Driver <string>  = "KeyboardQueue" (cb=14)
00:00:00.065387 
00:00:00.065387 [/Devices/pckbd/0/LUN#0/AttachedDriver/] (level 5)
00:00:00.065388   Driver <string>  = "MainKeyboard" (cb=13)
00:00:00.065388 
00:00:00.065388 [/Devices/pckbd/0/LUN#0/Config/] (level 5)
00:00:00.065388   QueueSize <integer> = 0x0000000000000040 (64, 64 B)
00:00:00.065389 
00:00:00.065389 [/Devices/pckbd/0/LUN#1/] (level 4)
00:00:00.065389   Driver <string>  = "MouseQueue" (cb=11)
00:00:00.065390 
00:00:00.065390 [/Devices/pckbd/0/LUN#1/AttachedDriver/] (level 5)
00:00:00.065390   Driver <string>  = "MainMouse" (cb=10)
00:00:00.065390 
00:00:00.065390 [/Devices/pckbd/0/LUN#1/Config/] (level 5)
00:00:00.065391   QueueSize <integer> = 0x0000000000000080 (128, 128 B)
00:00:00.065391 
00:00:00.065391 [/Devices/pcnet/] (level 2)
00:00:00.065392 
00:00:00.065392 [/Devices/piix3ide/] (level 2)
00:00:00.065392 
00:00:00.065392 [/Devices/piix3ide/0/] (level 3)
00:00:00.065393   PCIBusNo      <integer> = 0x0000000000000000 (0)
00:00:00.065393   PCIDeviceNo   <integer> = 0x0000000000000001 (1)
00:00:00.065393   PCIFunctionNo <integer> = 0x0000000000000001 (1)
00:00:00.065393   Trusted       <integer> = 0x0000000000000001 (1)
00:00:00.065394 
00:00:00.065394 [/Devices/piix3ide/0/Config/] (level 4)
00:00:00.065394   Type <string>  = "PIIX4" (cb=6)
00:00:00.065394 
00:00:00.065394 [/Devices/piix3ide/0/LUN#0/] (level 4)
00:00:00.065395   Driver <string>  = "VD" (cb=3)
00:00:00.065395 
00:00:00.065395 [/Devices/piix3ide/0/LUN#0/Config/] (level 5)
00:00:00.065396   EmptyDrive <integer> = 0x0000000000000001 (1)
00:00:00.065396   Mountable  <integer> = 0x0000000000000001 (1)
00:00:00.065396   Type       <string>  = "DVD" (cb=4)
00:00:00.065396 
00:00:00.065397 [/Devices/piix3ide/0/LUN#2/] (level 4)
00:00:00.065397   Driver <string>  = "VD" (cb=3)
00:00:00.065397 
00:00:00.065397 [/Devices/piix3ide/0/LUN#2/Config/] (level 5)
00:00:00.065398   Format    <string>  = "VDI" (cb=4)
00:00:00.065398   Mountable <integer> = 0x0000000000000000 (0)
00:00:00.065398   Path      <string>  = "/home/exeruvim/GNS3/projects/lab5/project-files/virtualbox/a7e7982a-e7eb-434b-aef8-5b6748d11678/v-ESR-Router-BR/Snapshots/{a67e7f4d-57ad-4925-b7d7-06006887edf7}.vdi" (cb=165)
00:00:00.065399   Type      <string>  = "HardDisk" (cb=9)
00:00:00.065399 
00:00:00.065399 [/Devices/piix3ide/0/LUN#2/Config/Parent/] (level 6)
00:00:00.065400   Format <string>  = "VDI" (cb=4)
00:00:00.065400   Path   <string>  = "/home/exeruvim/GNS3/projects/lab5/project-files/virtualbox/a7e7982a-e7eb-434b-aef8-5b6748d11678/v-ESR-Router-BR/Snapshots/{cc7f5217-a2d6-4306-bc89-5c92331a638f}.vdi" (cb=165)
00:00:00.065400 
00:00:00.065400 [/Devices/piix3ide/0/LUN#2/Config/Parent/Parent/] (level 7)
00:00:00.065401   Format <string>  = "VDI" (cb=4)
00:00:00.065401   Path   <string>  = "/home/exeruvim/VirtualBox VMs/v-ESR-Router/v-ESR-Router.vdi" (cb=60)
00:00:00.065401 
00:00:00.065401 [/Devices/piix3ide/0/LUN#2/Config/Parent/Parent/VDConfig/] (level 8)
00:00:00.065402   AllocationBlockSize <string>  = "1048576" (cb=8)
00:00:00.065402 
00:00:00.065402 [/Devices/piix3ide/0/LUN#2/Config/Parent/VDConfig/] (level 7)
00:00:00.065403   AllocationBlockSize <string>  = "1048576" (cb=8)
00:00:00.065403 
00:00:00.065403 [/Devices/piix3ide/0/LUN#2/Config/VDConfig/] (level 6)
00:00:00.065404   AllocationBlockSize <string>  = "1048576" (cb=8)
00:00:00.065404 
00:00:00.065404 [/Devices/piix3ide/0/LUN#999/] (level 4)
00:00:00.065405   Driver <string>  = "MainStatus" (cb=11)
00:00:00.065405 
00:00:00.065405 [/Devices/piix3ide/0/LUN#999/Config/] (level 5)
00:00:00.065405   DeviceInstance       <string>  = "piix3ide/0" (cb=11)
00:00:00.065406   First                <integer> = 0x0000000000000000 (0)
00:00:00.065406   HasMediumAttachments <integer> = 0x0000000000000001 (1)
00:00:00.065406   Last                 <integer> = 0x0000000000000003 (3)
00:00:00.065407   iLedSet              <integer> = 0x0000000000000003 (3)
00:00:00.065407 
00:00:00.065407 [/Devices/serial/] (level 2)
00:00:00.065407 
00:00:00.065407 [/Devices/serial/0/] (level 3)
00:00:00.065408   Trusted <integer> = 0x0000000000000001 (1)
00:00:00.065408 
00:00:00.065408 [/Devices/serial/0/Config/] (level 4)
00:00:00.065409   IOBase   <integer> = 0x00000000000003f8 (1 016)
00:00:00.065409   IRQ      <integer> = 0x0000000000000004 (4)
00:00:00.065409   UartType <string>  = "16550A" (cb=7)
00:00:00.065409 
00:00:00.065409 [/Devices/serial/0/LUN#0/] (level 4)
00:00:00.065410   Driver <string>  = "Char" (cb=5)
00:00:00.065410 
00:00:00.065410 [/Devices/serial/0/LUN#0/AttachedDriver/] (level 5)
00:00:00.065411   Driver <string>  = "NamedPipe" (cb=10)
00:00:00.065411 
00:00:00.065411 [/Devices/serial/0/LUN#0/AttachedDriver/Config/] (level 6)
00:00:00.065411   IsServer <integer> = 0x0000000000000001 (1)
00:00:00.065412   Location <string>  = "/tmp/gns3_vbox/a7e7982a-e7eb-434b-aef8-5b6748d11678" (cb=52)
00:00:00.065412 
00:00:00.065412 [/Devices/usb-ehci/] (level 2)
00:00:00.065412 
00:00:00.065412 [/Devices/usb-ehci/0/] (level 3)
00:00:00.065413   PCIBusNo      <integer> = 0x0000000000000000 (0)
00:00:00.065413   PCIDeviceNo   <integer> = 0x000000000000000b (11)
00:00:00.065414   PCIFunctionNo <integer> = 0x0000000000000000 (0)
00:00:00.065414   Trusted       <integer> = 0x0000000000000001 (1)
00:00:00.065414 
00:00:00.065414 [/Devices/usb-ehci/0/Config/] (level 4)
00:00:00.065415 
00:00:00.065415 [/Devices/usb-ehci/0/LUN#0/] (level 4)
00:00:00.065415   Driver <string>  = "VUSBRootHub" (cb=12)
00:00:00.065415 
00:00:00.065415 [/Devices/usb-ehci/0/LUN#0/Config/] (level 5)
00:00:00.065416 
00:00:00.065416 [/Devices/usb-ehci/0/LUN#999/] (level 4)
00:00:00.065416   Driver <string>  = "MainStatus" (cb=11)
00:00:00.065417 
00:00:00.065417 [/Devices/usb-ehci/0/LUN#999/Config/] (level 5)
00:00:00.065417   First                <integer> = 0x0000000000000000 (0)
00:00:00.065418   HasMediumAttachments <integer> = 0x0000000000000000 (0)
00:00:00.065418   Last                 <integer> = 0x0000000000000000 (0)
00:00:00.065418   iLedSet              <integer> = 0x0000000000000002 (2)
00:00:00.065418 
00:00:00.065419 [/Devices/usb-ohci/] (level 2)
00:00:00.065419 
00:00:00.065419 [/Devices/usb-ohci/0/] (level 3)
00:00:00.065419   PCIBusNo      <integer> = 0x0000000000000000 (0)
00:00:00.065420   PCIDeviceNo   <integer> = 0x0000000000000006 (6)
00:00:00.065420   PCIFunctionNo <integer> = 0x0000000000000000 (0)
00:00:00.065420   Trusted       <integer> = 0x0000000000000001 (1)
00:00:00.065420 
00:00:00.065420 [/Devices/usb-ohci/0/Config/] (level 4)
00:00:00.065421 
00:00:00.065421 [/Devices/usb-ohci/0/LUN#0/] (level 4)
00:00:00.065421   Driver <string>  = "VUSBRootHub" (cb=12)
00:00:00.065422 
00:00:00.065422 [/Devices/usb-ohci/0/LUN#0/Config/] (level 5)
00:00:00.065422 
00:00:00.065422 [/Devices/usb-ohci/0/LUN#999/] (level 4)
00:00:00.065423   Driver <string>  = "MainStatus" (cb=11)
00:00:00.065423 
00:00:00.065423 [/Devices/usb-ohci/0/LUN#999/Config/] (level 5)
00:00:00.065423   First                <integer> = 0x0000000000000000 (0)
00:00:00.065424   HasMediumAttachments <integer> = 0x0000000000000000 (0)
00:00:00.065424   Last                 <integer> = 0x0000000000000000 (0)
00:00:00.065424   iLedSet              <integer> = 0x0000000000000001 (1)
00:00:00.065424 
00:00:00.065425 [/Devices/vga/] (level 2)
00:00:00.065425 
00:00:00.065425 [/Devices/vga/0/] (level 3)
00:00:00.065426   PCIBusNo      <integer> = 0x0000000000000000 (0)
00:00:00.065426   PCIDeviceNo   <integer> = 0x0000000000000002 (2)
00:00:00.065426   PCIFunctionNo <integer> = 0x0000000000000000 (0)
00:00:00.065426   Trusted       <integer> = 0x0000000000000001 (1)
00:00:00.065427 
00:00:00.065427 [/Devices/vga/0/Config/] (level 4)
00:00:00.065427   3DEnabled          <integer> = 0x0000000000000000 (0)
00:00:00.065428   CustomVideoModes   <integer> = 0x0000000000000000 (0)
00:00:00.065428   FadeIn             <integer> = 0x0000000000000001 (1)
00:00:00.065428   FadeOut            <integer> = 0x0000000000000001 (1)
00:00:00.065429   HeightReduction    <integer> = 0x0000000000000000 (0)
00:00:00.065429   LogoFile           <string>  = "" (cb=1)
00:00:00.065429   LogoTime           <integer> = 0x0000000000000000 (0)
00:00:00.065430   MonitorCount       <integer> = 0x0000000000000001 (1)
00:00:00.065430   ShowBootMenu       <integer> = 0x0000000000000002 (2)
00:00:00.065431   VMSVGA3dEnabled    <integer> = 0x0000000000000000 (0)
00:00:00.065432   VMSVGAEnabled      <integer> = 0x0000000000000001 (1)
00:00:00.065432   VMSVGAPciBarLayout <integer> = 0x0000000000000001 (1)
00:00:00.065432   VMSVGAPciId        <integer> = 0x0000000000000001 (1)
00:00:00.065433   VRamSize           <integer> = 0x0000000001000000 (16 777 216, 16.0 MiB)
00:00:00.065433 
00:00:00.065433 [/Devices/vga/0/LUN#0/] (level 4)
00:00:00.065434   Driver <string>  = "MainDisplay" (cb=12)
00:00:00.065434 
00:00:00.065434 [/Devices/vga/0/LUN#0/Config/] (level 5)
00:00:00.065434 
00:00:00.065434 [/Devices/vga/0/LUN#999/] (level 4)
00:00:00.065435   Driver <string>  = "MainStatus" (cb=11)
00:00:00.065435 
00:00:00.065435 [/Devices/vga/0/LUN#999/Config/] (level 5)
00:00:00.065436   First                <integer> = 0x0000000000000000 (0)
00:00:00.065436   HasMediumAttachments <integer> = 0x0000000000000000 (0)
00:00:00.065436   Last                 <integer> = 0x0000000000000000 (0)
00:00:00.065437   iLedSet              <integer> = 0x0000000000000000 (0)
00:00:00.065437 
00:00:00.065437 [/Devices/virtio-net/] (level 2)
00:00:00.065437 
00:00:00.065437 [/EM/] (level 1)
00:00:00.065438   TripleFaultReset <integer> = 0x0000000000000000 (0)
00:00:00.065438 
00:00:00.065438 [/GCM/] (level 1)
00:00:00.065439   FixerSet <integer> = 0x0000000000000000 (0)
00:00:00.065439 
00:00:00.065439 [/GIM/] (level 1)
00:00:00.065439   Provider <string>  = "None" (cb=5)
00:00:00.065440 
00:00:00.065440 [/HM/] (level 1)
00:00:00.065440   64bitEnabled            <integer> = 0x0000000000000001 (1)
00:00:00.065441   EnableLargePages        <integer> = 0x0000000000000001 (1)
00:00:00.065441   EnableNestedPaging      <integer> = 0x0000000000000001 (1)
00:00:00.065441   EnableUX                <integer> = 0x0000000000000001 (1)
00:00:00.065442   EnableVPID              <integer> = 0x0000000000000001 (1)
00:00:00.065442   Exclusive               <integer> = 0x0000000000000001 (1)
00:00:00.065442   HMForced                <integer> = 0x0000000000000001 (1)
00:00:00.065443   IBPBOnVMEntry           <integer> = 0x0000000000000000 (0)
00:00:00.065443   IBPBOnVMExit            <integer> = 0x0000000000000000 (0)
00:00:00.065443   L1DFlushOnSched         <integer> = 0x0000000000000001 (1)
00:00:00.065444   L1DFlushOnVMEntry       <integer> = 0x0000000000000000 (0)
00:00:00.065444   LovelyMesaDrvWorkaround <integer> = 0x0000000000000001 (1)
00:00:00.065444   MDSClearOnSched         <integer> = 0x0000000000000001 (1)
00:00:00.065445   MDSClearOnVMEntry       <integer> = 0x0000000000000000 (0)
00:00:00.065445   SpecCtrlByHost          <integer> = 0x0000000000000000 (0)
00:00:00.065445   SvmVirtVmsaveVmload     <integer> = 0x0000000000000001 (1)
00:00:00.065446   UseNEMInstead           <integer> = 0x0000000000000000 (0)
00:00:00.065446 
00:00:00.065446 [/MM/] (level 1)
00:00:00.065446   CanUseLargerHeap <integer> = 0x0000000000000000 (0)
00:00:00.065447 
00:00:00.065447 [/NEM/] (level 1)
00:00:00.065447   Allow64BitGuests        <integer> = 0x0000000000000001 (1)
00:00:00.065447   LovelyMesaDrvWorkaround <integer> = 0x0000000000000001 (1)
00:00:00.065447 
00:00:00.065448 [/PDM/] (level 1)
00:00:00.065448 
00:00:00.065448 [/PDM/AsyncCompletion/] (level 2)
00:00:00.065448 
00:00:00.065448 [/PDM/AsyncCompletion/File/] (level 3)
00:00:00.065449 
00:00:00.065449 [/PDM/AsyncCompletion/File/BwGroups/] (level 4)
00:00:00.065449 
00:00:00.065449 [/PDM/BlkCache/] (level 2)
00:00:00.065450   CacheSize <integer> = 0x0000000000500000 (5 242 880, 5.0 MiB)
00:00:00.065450 
00:00:00.065450 [/PDM/Devices/] (level 2)
00:00:00.065451 
00:00:00.065451 [/PDM/Drivers/] (level 2)
00:00:00.065451 
00:00:00.065451 [/PDM/Drivers/VBoxC/] (level 3)
00:00:00.065451   Path <string>  = "/usr/lib/virtualbox/components/VBoxC" (cb=37)
00:00:00.065452 
00:00:00.065452 [/PDM/NetworkShaper/] (level 2)
00:00:00.065452 
00:00:00.065452 [/PDM/NetworkShaper/BwGroups/] (level 3)
00:00:00.065453 
00:00:00.065453 [/TM/] (level 1)
00:00:00.065453   UTCOffset <integer> = 0x0000000000000000 (0)
00:00:00.065453 
00:00:00.065453 [/USB/] (level 1)
00:00:00.065454 
00:00:00.065454 [/USB/USBProxy/] (level 2)
00:00:00.065454 
00:00:00.065454 [/USB/USBProxy/GlobalConfig/] (level 3)
00:00:00.065454 
00:00:00.065455 ********************* End of CFGM dump **********************
00:00:00.065511 HM: HMR3Init: AMD-V w/ nested paging
00:00:00.065548 CPUM: fXStateHostMask=0x7; initial: 0x7; host XCR0=0x207
00:00:00.066045 CPUM: Matched host CPU AMD 0x19/0x21/0x0 AMD_Unknown with CPU DB entry 'AMD Ryzen 7 1800X Eight-Core' (AMD 0x17/0x1/0x1 AMD_Zen_Ryzen)
00:00:00.066672 CPUM: MXCSR_MASK=0x2ffff (host: 0x2ffff)
00:00:00.066689 CPUM: Microcode revision 0x0A201016
00:00:00.066696 CPUM: Changing leaf 13[0]: EBX=0x988 -> 0x340, ECX=0x988 -> 0x340
00:00:00.066706 CPUM: MSR fudge: 0x00000001 IA32_P5_MC_TYPE
00:00:00.066710 CPUM: MSR fudge: 0x00000017 IA32_PLATFORM_ID
00:00:00.066731 CPUM: MSR fudge: 0x0000001b IA32_APIC_BASE
00:00:00.066736 CPUM: MSR fudge: 0x0000008b BIOS_SIGN
00:00:00.066740 CPUM: MSR fudge: 0x000000fe IA32_MTRRCAP
00:00:00.066744 CPUM: MSR fudge: 0x00000179 IA32_MCG_CAP
00:00:00.066748 CPUM: MSR fudge: 0x0000017a IA32_MCG_STATUS
00:00:00.066752 CPUM: MSR fudge: 0x000001a0 IA32_MISC_ENABLE
00:00:00.066766 CPUM: MSR fudge: 0x000001d9 IA32_DEBUGCTL
00:00:00.066771 CPUM: MSR fudge: 0x000001db P6_LAST_BRANCH_FROM_IP
00:00:00.066775 CPUM: MSR fudge: 0x000001dc P6_LAST_BRANCH_TO_IP
00:00:00.066779 CPUM: MSR fudge: 0x000001dd P6_LAST_INT_FROM_IP
00:00:00.066783 CPUM: MSR fudge: 0x000001de P6_LAST_INT_TO_IP
00:00:00.066787 CPUM: MSR fudge: 0x00000277 IA32_PAT
00:00:00.066791 CPUM: MSR fudge: 0x000002ff IA32_MTRR_DEF_TYPE
00:00:00.066805 CPUM: MSR fudge: 0x00000400 IA32_MCi_CTL_STATUS_ADDR_MISC
00:00:00.066821 CPUM: MSR fudge: 0x0000002c P4_EBC_FREQUENCY_ID
00:00:00.066836 CPUM: MSR fudge: 0xc0000103 AMD64_TSC_AUX
00:00:00.066930 CPUM: SetGuestCpuIdFeature: Enabled SYSENTER/EXIT
00:00:00.066936 CPUM: SetGuestCpuIdFeature: Enabled SYSCALL/RET
00:00:00.066940 CPUM: SetGuestCpuIdFeature: Enabled PAE
00:00:00.066944 CPUM: SetGuestCpuIdFeature: Enabled LAHF/SAHF
00:00:00.066948 CPUM: SetGuestCpuIdFeature: Enabled NX
00:00:00.066952 CPUM: SetGuestCpuIdFeature: Enabled LONG MODE
00:00:00.066956 CPUM: Set SSBD not required flag for AMD to work around some buggy Linux kernels!
00:00:00.067124 PGM: Host paging mode: AMD64+PGE+NX
00:00:00.067132 PGM: PGMPool: cMaxPages=2304 (u64MaxPages=2084)
00:00:00.067137 PGM: pgmR3PoolInit: cMaxPages=0x900 cMaxUsers=0x1200 cMaxPhysExts=0x1200 fCacheEnable=true
00:00:00.067545 PGM: /proc/sys/vm/max_map_count = 1048576 (rc2=VWRN_TRAILING_CHARS); cGuessNeeded=16384
00:00:00.071309 TM: GIP - u32Mode=3 (Invariant) u32UpdateHz=100 u32UpdateIntervalNS=10000000 enmUseTscDelta=2 (Practically Zero) fGetGipCpu=0x3b cCpus=32
00:00:00.071318 TM: GIP - u64CpuHz=3 694 527 574 (0xdc360456)  SUPGetCpuHzFromGip => 3 694 527 574
00:00:00.071322 TM: GIP - CPU: iCpuSet=0x0 idCpu=0x0 idApic=0x0 iGipCpu=0x9 i64TSCDelta=0 enmState=3 u64CpuHz=3692963151(*) cErrors=0
00:00:00.071326 TM: GIP - CPU: iCpuSet=0x1 idCpu=0x1 idApic=0x2 iGipCpu=0xa i64TSCDelta=0 enmState=3 u64CpuHz=3692963344(*) cErrors=0
00:00:00.071329 TM: GIP - CPU: iCpuSet=0x2 idCpu=0x2 idApic=0x4 iGipCpu=0x5 i64TSCDelta=0 enmState=3 u64CpuHz=3692963270(*) cErrors=0
00:00:00.071333 TM: GIP - CPU: iCpuSet=0x3 idCpu=0x3 idApic=0x6 iGipCpu=0x6 i64TSCDelta=0 enmState=3 u64CpuHz=3692963131(*) cErrors=0
00:00:00.071336 TM: GIP - CPU: iCpuSet=0x4 idCpu=0x4 idApic=0x8 iGipCpu=0x3 i64TSCDelta=0 enmState=3 u64CpuHz=3692962260(*) cErrors=0
00:00:00.071339 TM: GIP - CPU: iCpuSet=0x5 idCpu=0x5 idApic=0xa iGipCpu=0x1 i64TSCDelta=0 enmState=3 u64CpuHz=3692961222(*) cErrors=0
00:00:00.071343 TM: GIP - CPU: iCpuSet=0x6 idCpu=0x6 idApic=0x1 iGipCpu=0x8 i64TSCDelta=0 enmState=3 u64CpuHz=3692963254(*) cErrors=0
00:00:00.071346 TM: GIP - CPU: iCpuSet=0x7 idCpu=0x7 idApic=0x3 iGipCpu=0xb i64TSCDelta=0 enmState=3 u64CpuHz=3692963293(*) cErrors=0
00:00:00.071349 TM: GIP - CPU: iCpuSet=0x8 idCpu=0x8 idApic=0x5 iGipCpu=0x0 i64TSCDelta=0 enmState=3 u64CpuHz=3694527574(*) cErrors=0
00:00:00.071353 TM: GIP - CPU: iCpuSet=0x9 idCpu=0x9 idApic=0x7 iGipCpu=0x7 i64TSCDelta=0 enmState=3 u64CpuHz=3692963049(*) cErrors=0
00:00:00.071356 TM: GIP - CPU: iCpuSet=0xa idCpu=0xa idApic=0x9 iGipCpu=0x4 i64TSCDelta=0 enmState=3 u64CpuHz=3692963161(*) cErrors=0
00:00:00.071359 TM: GIP - CPU: iCpuSet=0xb idCpu=0xb idApic=0xb iGipCpu=0x2 i64TSCDelta=0 enmState=3 u64CpuHz=3692955879(*) cErrors=0
00:00:00.071371 TM:     cTSCTicksPerSecond=3 694 527 574 (0xdc360456) enmTSCMode=1 (VirtTSCEmulated)
00:00:00.071372 TM: cTSCTicksPerSecondHost=3 694 527 574 (0xdc360456)
00:00:00.071372 TM: TSCTiedToExecution=false TSCNotTiedToHalt=false
00:00:00.071722 EMR3Init: fIemExecutesAll=false fGuruOnTripleFault=true
00:00:00.071862 IEM: TargetCpu=CURRENT, Microarch=AMD_Unknown aidxTargetCpuEflFlavour={2,0}
00:00:00.071994 GIM: Using provider 'None' (Implementation version: 0)
00:00:00.072002 GCM: Initialized (fixer bits: 0x0)
00:00:00.096688 AIOMgr: Default manager type is 'Async'
00:00:00.096698 AIOMgr: Default file backend is 'NonBuffered'
00:00:00.096739 BlkCache: Cache successfully initialized. Cache size is 5242880 bytes
00:00:00.096746 BlkCache: Cache commit interval is 10000 ms
00:00:00.096750 BlkCache: Cache commit threshold is 2621440 bytes
00:00:00.097472 PcBios: [SMP] BIOS with 2 CPUs
00:00:00.097488 PcBios: Using the 386+ BIOS image.
00:00:00.097533 PcBios: MPS table at 000e1300
00:00:00.097938 PcBios: fCheckShutdownStatusForSoftReset=true  fClearShutdownStatusOnHardReset=true
00:00:00.097955 SUP: Opened VBoxDDR0.r0 (/usr/lib/virtualbox/VBoxDDR0.r0) at 0xXXXXXXXXXXXXXXXX.
00:00:00.098106 CPUM: SetGuestCpuIdFeature: Enabled xAPIC
00:00:00.098627 IOAPIC: Version=2.0 ChipType=ICH9
00:00:00.098665 PIT: mode=3 count=0x10000 (65536) - 18.20 Hz (ch=0)
00:00:00.098796 VMMDev: cbDefaultBudget: 1 073 741 824 (40000000)
00:00:00.099945 Shared Folders service loaded
00:00:00.100236 Guest Control service loaded
00:00:00.103891 VGA: Using the 386+ BIOS image.
00:00:00.105108 DrvVD: Flushes will be ignored
00:00:00.105115 DrvVD: Async flushes will be passed to the disk
00:00:00.105131 PIIX3 ATA: LUN#0: CD/DVD, total number of sectors 0, passthrough disabled
00:00:00.107138 PIIX3 ATA: LUN#1: no unit
00:00:00.107193 DrvVD: Flushes will be ignored
00:00:00.107197 DrvVD: Async flushes will be passed to the disk
00:00:00.107258 VD: VDInit finished with VINF_SUCCESS
00:00:00.107325 VD: Opening the disk took 122403 ns
00:00:00.107339 PIIX3 ATA: LUN#2: disk, PCHS=8322/16/63, total number of sectors 8388608
00:00:00.107416 PIIX3 ATA: LUN#3: no unit
00:00:00.107462 PIIX3 ATA: Ctl#0: finished processing RESET
00:00:00.107477 PIIX3 ATA: Ctl#1: finished processing RESET
00:00:00.107520 E1000#0: Chip=82540EM LinkUpDelay=5000ms EthernetCRC=on GSO=enabled Itr=disabled ItrRx=enabled TID=disabled R0=enabled RC=disabled
00:00:00.107589 UDPTunnel#0: sport=10004;dest=127.0.0.1;dport=10005
00:00:00.107716 E1000#1: Chip=82540EM LinkUpDelay=5000ms EthernetCRC=on GSO=enabled Itr=disabled ItrRx=enabled TID=disabled R0=enabled RC=disabled
00:00:00.107748 UDPTunnel#1: sport=10010;dest=127.0.0.1;dport=10011
00:00:00.107842 E1000#2: Chip=82540EM LinkUpDelay=5000ms EthernetCRC=on GSO=enabled Itr=disabled ItrRx=enabled TID=disabled R0=enabled RC=disabled
00:00:00.107870 UDPTunnel#2: sport=10016;dest=127.0.0.1;dport=10017
00:00:00.107970 E1000#3: Chip=82540EM LinkUpDelay=5000ms EthernetCRC=on GSO=enabled Itr=disabled ItrRx=enabled TID=disabled R0=enabled RC=disabled
00:00:00.107999 UDPTunnel#3: sport=10022;dest=127.0.0.1;dport=10023
00:00:00.108099 AC97: Using codec 'AD1980'
00:00:00.108132 Audio: Initializing ALSA driver
00:00:00.126289 Audio: Found 26 devices for driver 'ALSA'
00:00:00.126298 Audio: Device 'PipeWire Sound Server':
00:00:00.126298 Audio:   ID              = pipewire
00:00:00.126298 Audio:   Usage           = duplex
00:00:00.126298 Audio:   Flags           = NONE
00:00:00.126298 Audio:   Input channels  = 2
00:00:00.126299 Audio:   Output channels = 2
00:00:00.126302 Audio: Device 'Default ALSA Output (currently PipeWire Media Server)':
00:00:00.126303 Audio:   ID              = default
00:00:00.126303 Audio:   Usage           = duplex
00:00:00.126303 Audio:   Flags           = NONE
00:00:00.126303 Audio:   Input channels  = 2
00:00:00.126303 Audio:   Output channels = 2
00:00:00.126306 Audio: Device 'HDMI Audio Output (HDA NVidia, Q27G2G3R3B)':
00:00:00.126306 Audio:   ID              = hdmi:CARD=NVidia,DEV=0
00:00:00.126307 Audio:   Usage           = output
00:00:00.126307 Audio:   Flags           = NONE
00:00:00.126307 Audio:   Input channels  = 0
00:00:00.126307 Audio:   Output channels = 2
00:00:00.126319 Audio: Device 'HDMI Audio Output (HDA NVidia, Q27G2G3R3B)':
00:00:00.126319 Audio:   ID              = hdmi:CARD=NVidia,DEV=1
00:00:00.126319 Audio:   Usage           = output
00:00:00.126319 Audio:   Flags           = NONE
00:00:00.126319 Audio:   Input channels  = 0
00:00:00.126319 Audio:   Output channels = 2
00:00:00.126323 Audio: Device 'HDMI Audio Output (HDA NVidia, HDMI 2)':
00:00:00.126323 Audio:   ID              = hdmi:CARD=NVidia,DEV=2
00:00:00.126323 Audio:   Usage           = output
00:00:00.126323 Audio:   Flags           = NONE
00:00:00.126323 Audio:   Input channels  = 0
00:00:00.126323 Audio:   Output channels = 2
00:00:00.126326 Audio: Device 'HDMI Audio Output (HDA NVidia, HDMI 3)':
00:00:00.126326 Audio:   ID              = hdmi:CARD=NVidia,DEV=3
00:00:00.126326 Audio:   Usage           = output
00:00:00.126327 Audio:   Flags           = NONE
00:00:00.126327 Audio:   Input channels  = 0
00:00:00.126327 Audio:   Output channels = 2
00:00:00.126330 Audio: Device 'Default Audio Device (HD-Audio Generic, ALC1220 Analog)':
00:00:00.126330 Audio:   ID              = sysdefault:CARD=Generic
00:00:00.126330 Audio:   Usage           = duplex
00:00:00.126330 Audio:   Flags           = NONE
00:00:00.126330 Audio:   Input channels  = 2
00:00:00.126330 Audio:   Output channels = 2
00:00:00.126333 Audio: Device 'Front output / input (HD-Audio Generic, ALC1220 Analog)':
00:00:00.126333 Audio:   ID              = front:CARD=Generic,DEV=0
00:00:00.126334 Audio:   Usage           = duplex
00:00:00.126334 Audio:   Flags           = NONE
00:00:00.126334 Audio:   Input channels  = 2
00:00:00.126334 Audio:   Output channels = 2
00:00:00.126337 Audio: Device '2.1 Surround output to Front and Subwoofer speakers (HD-Audio Generic, ALC1220 Analog)':
00:00:00.126337 Audio:   ID              = surround21:CARD=Generic,DEV=0
00:00:00.126337 Audio:   Usage           = output
00:00:00.126337 Audio:   Flags           = NONE
00:00:00.126337 Audio:   Input channels  = 0
00:00:00.126338 Audio:   Output channels = 2
00:00:00.126340 Audio: Device '4.0 Surround output to Front and Rear speakers (HD-Audio Generic, ALC1220 Analog)':
00:00:00.126341 Audio:   ID              = surround40:CARD=Generic,DEV=0
00:00:00.126341 Audio:   Usage           = output
00:00:00.126341 Audio:   Flags           = NONE
00:00:00.126341 Audio:   Input channels  = 0
00:00:00.126341 Audio:   Output channels = 2
00:00:00.126344 Audio: Device '4.1 Surround output to Front, Rear and Subwoofer speakers (HD-Audio Generic, ALC1220 Analog)':
00:00:00.126344 Audio:   ID              = surround41:CARD=Generic,DEV=0
00:00:00.126344 Audio:   Usage           = output
00:00:00.126344 Audio:   Flags           = NONE
00:00:00.126345 Audio:   Input channels  = 0
00:00:00.126345 Audio:   Output channels = 2
00:00:00.126348 Audio: Device '5.0 Surround output to Front, Center and Rear speakers (HD-Audio Generic, ALC1220 Analog)':
00:00:00.126348 Audio:   ID              = surround50:CARD=Generic,DEV=0
00:00:00.126348 Audio:   Usage           = output
00:00:00.126348 Audio:   Flags           = NONE
00:00:00.126348 Audio:   Input channels  = 0
00:00:00.126348 Audio:   Output channels = 2
00:00:00.126351 Audio: Device '5.1 Surround output to Front, Center, Rear and Subwoofer speakers (HD-Audio Generic, ALC1220 Analog)':
00:00:00.126351 Audio:   ID              = surround51:CARD=Generic,DEV=0
00:00:00.126351 Audio:   Usage           = output
00:00:00.126352 Audio:   Flags           = NONE
00:00:00.126352 Audio:   Input channels  = 0
00:00:00.126352 Audio:   Output channels = 2
00:00:00.126355 Audio: Device '7.1 Surround output to Front, Center, Side, Rear and Woofer speakers (HD-Audio Generic, ALC1220 Analog)':
00:00:00.126355 Audio:   ID              = surround71:CARD=Generic,DEV=0
00:00:00.126355 Audio:   Usage           = output
00:00:00.126355 Audio:   Flags           = NONE
00:00:00.126355 Audio:   Input channels  = 0
00:00:00.126355 Audio:   Output channels = 2
00:00:00.126358 Audio: Device 'IEC958 (S/PDIF) Digital Audio Output (HD-Audio Generic, ALC1220 Digital)':
00:00:00.126358 Audio:   ID              = iec958:CARD=Generic,DEV=0
00:00:00.126359 Audio:   Usage           = output
00:00:00.126359 Audio:   Flags           = NONE
00:00:00.126359 Audio:   Input channels  = 0
00:00:00.126359 Audio:   Output channels = 2
00:00:00.126366 Audio: Device 'Default Audio Device (SABRE HiFi DAC MQA, USB Audio)':
00:00:00.126366 Audio:   ID              = sysdefault:CARD=MQA
00:00:00.126366 Audio:   Usage           = output
00:00:00.126366 Audio:   Flags           = NONE
00:00:00.126366 Audio:   Input channels  = 0
00:00:00.126367 Audio:   Output channels = 2
00:00:00.126370 Audio: Device 'Front output / input (SABRE HiFi DAC MQA, USB Audio)':
00:00:00.126370 Audio:   ID              = front:CARD=MQA,DEV=0
00:00:00.126370 Audio:   Usage           = output
00:00:00.126370 Audio:   Flags           = NONE
00:00:00.126370 Audio:   Input channels  = 0
00:00:00.126370 Audio:   Output channels = 2
00:00:00.126373 Audio: Device '2.1 Surround output to Front and Subwoofer speakers (SABRE HiFi DAC MQA, USB Audio)':
00:00:00.126373 Audio:   ID              = surround21:CARD=MQA,DEV=0
00:00:00.126373 Audio:   Usage           = output
00:00:00.126374 Audio:   Flags           = NONE
00:00:00.126374 Audio:   Input channels  = 0
00:00:00.126374 Audio:   Output channels = 2
00:00:00.126377 Audio: Device '4.0 Surround output to Front and Rear speakers (SABRE HiFi DAC MQA, USB Audio)':
00:00:00.126377 Audio:   ID              = surround40:CARD=MQA,DEV=0
00:00:00.126377 Audio:   Usage           = output
00:00:00.126377 Audio:   Flags           = NONE
00:00:00.126377 Audio:   Input channels  = 0
00:00:00.126377 Audio:   Output channels = 2
00:00:00.126380 Audio: Device '4.1 Surround output to Front, Rear and Subwoofer speakers (SABRE HiFi DAC MQA, USB Audio)':
00:00:00.126381 Audio:   ID              = surround41:CARD=MQA,DEV=0
00:00:00.126381 Audio:   Usage           = output
00:00:00.126381 Audio:   Flags           = NONE
00:00:00.126381 Audio:   Input channels  = 0
00:00:00.126381 Audio:   Output channels = 2
00:00:00.126384 Audio: Device '5.0 Surround output to Front, Center and Rear speakers (SABRE HiFi DAC MQA, USB Audio)':
00:00:00.126384 Audio:   ID              = surround50:CARD=MQA,DEV=0
00:00:00.126384 Audio:   Usage           = output
00:00:00.126384 Audio:   Flags           = NONE
00:00:00.126384 Audio:   Input channels  = 0
00:00:00.126385 Audio:   Output channels = 2
00:00:00.126388 Audio: Device '5.1 Surround output to Front, Center, Rear and Subwoofer speakers (SABRE HiFi DAC MQA, USB Audio)':
00:00:00.126388 Audio:   ID              = surround51:CARD=MQA,DEV=0
00:00:00.126388 Audio:   Usage           = output
00:00:00.126388 Audio:   Flags           = NONE
00:00:00.126388 Audio:   Input channels  = 0
00:00:00.126388 Audio:   Output channels = 2
00:00:00.126391 Audio: Device '7.1 Surround output to Front, Center, Side, Rear and Woofer speakers (SABRE HiFi DAC MQA, USB Audio)':
00:00:00.126391 Audio:   ID              = surround71:CARD=MQA,DEV=0
00:00:00.126391 Audio:   Usage           = output
00:00:00.126391 Audio:   Flags           = NONE
00:00:00.126392 Audio:   Input channels  = 0
00:00:00.126392 Audio:   Output channels = 2
00:00:00.126395 Audio: Device 'IEC958 (S/PDIF) Digital Audio Output (SABRE HiFi DAC MQA, USB Audio)':
00:00:00.126395 Audio:   ID              = iec958:CARD=MQA,DEV=0
00:00:00.126395 Audio:   Usage           = output
00:00:00.126395 Audio:   Flags           = NONE
00:00:00.126395 Audio:   Input channels  = 0
00:00:00.126395 Audio:   Output channels = 2
00:00:00.126398 Audio: Device 'Default Audio Device (USB PnP Audio Device, USB Audio)':
00:00:00.126398 Audio:   ID              = sysdefault:CARD=Device
00:00:00.126399 Audio:   Usage           = input
00:00:00.126399 Audio:   Flags           = NONE
00:00:00.126399 Audio:   Input channels  = 2
00:00:00.126399 Audio:   Output channels = 0
00:00:00.126402 Audio: Device 'Front output / input (USB PnP Audio Device, USB Audio)':
00:00:00.126402 Audio:   ID              = front:CARD=Device,DEV=0
00:00:00.126402 Audio:   Usage           = input
00:00:00.126403 Audio:   Flags           = NONE
00:00:00.126403 Audio:   Input channels  = 2
00:00:00.126403 Audio:   Output channels = 0
00:00:00.126512 AC97: Reset
00:00:00.126516 AC97: Mixer reset (EAID=0x809, EACS=0x9)
00:00:00.126520 AC97: Record select to left=mic, right=mic
00:00:00.126862 Serial#0: emulating 16550A (IOBase: 03f8 IRQ: 4)
00:00:00.126946 NamedPipe: location /tmp/gns3_vbox/a7e7982a-e7eb-434b-aef8-5b6748d11678, server
00:00:00.127018 PGM: The CPU physical address width is 48 bits
00:00:00.127022 PGM: PGMR3InitFinalize: 4 MB PSE mask 0000ffffffffffff -> VINF_SUCCESS
00:00:00.127029 TM: TMR3InitFinalize: fTSCModeSwitchAllowed=false
00:00:00.127155 VMM: Enabled thread-context hooks
00:00:00.127161 VMM: RTThreadPreemptIsPending() can be trusted
00:00:00.127164 VMM: Kernel preemption is possible
00:00:00.127186 HM: fWorldSwitcher=0x0 (fIbpbOnVmExit=false fIbpbOnVmEntry=false fL1dFlushOnVmEntry=false); fL1dFlushOnSched=false fMdsClearOnVmEntry=false
00:00:00.127190 HM: Using AMD-V implementation 2.0
00:00:00.127191 HM: Max resume loops                  = 8192
00:00:00.127191 HM: AMD HWCR MSR                      = 0x189000011
00:00:00.127191 HM: AMD-V revision                    = 0x1
00:00:00.127191 HM: AMD-V max ASID                    = 32768
00:00:00.127192 HM: AMD-V features                    = 0x101bbcff
00:00:00.127192 HM:   NESTED_PAGING
00:00:00.127192 HM:   LBR_VIRT
00:00:00.127192 HM:   SVM_LOCK
00:00:00.127192 HM:   NRIP_SAVE
00:00:00.127192 HM:   TSC_RATE_MSR
00:00:00.127193 HM:   VMCB_CLEAN
00:00:00.127193 HM:   FLUSH_BY_ASID
00:00:00.127193 HM:   DECODE_ASSISTS
00:00:00.127193 HM:   PAUSE_FILTER
00:00:00.127193 HM:   PAUSE_FILTER_THRESHOLD
00:00:00.127193 HM:   AVIC
00:00:00.127193 HM:   VIRT_VMSAVE_VMLOAD
00:00:00.127194 HM:   VGIF
00:00:00.127194 HM:   GMET
00:00:00.127194 HM:   SSSCHECK
00:00:00.127194 HM:   SPEC_CTRL
00:00:00.127194 HM:   Reserved bit 11
00:00:00.127194 HM:   Reserved bit 28
00:00:00.127200 HM: Enabled SVM
00:00:00.127200 HM:   Enabled nested paging
00:00:00.127202 HM:   Enabled large page support
00:00:00.127203 HM: Disabled TPR patching
00:00:00.127203 HM: Guest support: 32-bit and 64-bit
00:00:00.127203 HM: VT-x/AMD-V init method: Global
00:00:00.127204 EM: Exit history optimizations: enabled=true enabled-r0=true enabled-r0-no-preemption=false
00:00:00.127212 PcBios: ATA LUN#2 LCHS=522/255/63
00:00:00.127219 APIC: fPostedIntrsEnabled=false fVirtApicRegsEnabled=false fSupportsTscDeadline=false
00:00:00.127224 TMR3UtcNow: nsNow=1 716 238 691 883 870 000 nsPrev=0 -> cNsDelta=1 716 238 691 883 870 000 (offLag=0 offVirtualSync=0 offVirtualSyncGivenUp=0, NowAgain=1 716 238 691 883 870 000)
00:00:00.127229 VMM: fUsePeriodicPreemptionTimers=true
00:00:00.127427 CPUM: Logical host processors: 12 present, 12 max, 12 online, online mask: 0000000000000fff
00:00:00.127610 CPUM: Physical host cores: 6
00:00:00.127610 ************************* CPUID dump ************************
00:00:00.127615          Raw Standard CPUID Leaves
00:00:00.127615      Leaf/sub-leaf  eax      ebx      ecx      edx
00:00:00.127615 Gst: 00000000/0000  00000010 68747541 444d4163 69746e65
00:00:00.127616 Hst:                00000010 68747541 444d4163 69746e65
00:00:00.127617 Gst: 00000001/0000  00a20f10 00020800 56d82203 178bfbff
00:00:00.127617 Hst:                00a20f10 090c0800 7ef8320b 178bfbff
00:00:00.127617 Gst: 00000002/0000  00000000 00000000 00000000 00000000
00:00:00.127618 Hst:                00000000 00000000 00000000 00000000
00:00:00.127618 Gst: 00000003/0000  00000000 00000000 00000000 00000000
00:00:00.127618 Hst:                00000000 00000000 00000000 00000000
00:00:00.127618 Gst: 00000004/0000  00000000 00000000 00000000 00000000
00:00:00.127619 Hst:                00000000 00000000 00000000 00000000
00:00:00.127619 Gst: 00000005/0000  00000000 00000000 00000000 00000000
00:00:00.127619 Hst:                00000040 00000040 00000003 00000011
00:00:00.127619 Gst: 00000006/0000  00000004 00000000 00000000 00000000
00:00:00.127620 Hst:                00000004 00000000 00000001 00000000
00:00:00.127620 Gst: 00000007/0000  00000000 00840529 00000000 00000000
00:00:00.127620 Hst:                00000000 219c97a9 0040069c 00000010
00:00:00.127621 Gst: 00000007/0001  00000000 00000000 00000000 00000000
00:00:00.127621 Hst:                00000000 00000000 00000000 00000000
00:00:00.127621 Gst: 00000008/0000  00000000 00000000 00000000 00000000
00:00:00.127621 Hst:                00000000 00000000 00000000 00000000
00:00:00.127622 Gst: 00000009/0000  00000000 00000000 00000000 00000000
00:00:00.127622 Hst:                00000000 00000000 00000000 00000000
00:00:00.127622 Gst: 0000000a/0000  00000000 00000000 00000000 00000000
00:00:00.127622 Hst:                00000000 00000000 00000000 00000000
00:00:00.127623 Gst: 0000000b/0000  00000000 00000001 00000100 00000000
00:00:00.127623 Hst:                00000001 00000002 00000100 00000009
00:00:00.127623 Gst: 0000000b/0001  00000001 00000002 00000201 00000000
00:00:00.127624 Hst:                00000004 0000000c 00000201 00000009
00:00:00.127624 Gst: 0000000b/0002  00000000 00000000 00000002 00000000
00:00:00.127624 Hst:                00000000 00000000 00000002 00000009
00:00:00.127624 Gst: 0000000c/0000  00000000 00000000 00000000 00000000
00:00:00.127625 Hst:                00000000 00000000 00000000 00000000
00:00:00.127625 Gst: 0000000d/0000  00000007 00000340 00000340 00000000
00:00:00.127625 Hst:                00000207 00000988 00000988 00000000
00:00:00.127625 Gst: 0000000d/0001  00000000 00000358 00000000 00000000
00:00:00.127626 Hst:                0000000f 00000358 00001800 00000000
00:00:00.127626 Gst: 0000000d/0002  00000100 00000240 00000000 00000000
00:00:00.127626 Hst:                00000100 00000240 00000000 00000000
00:00:00.127627 Gst: 0000000d/0003  00000000 00000000 00000000 00000000
00:00:00.127627 Hst:                00000000 00000000 00000000 00000000
00:00:00.127627 Gst: 0000000d/0004  00000000 00000000 00000000 00000000
00:00:00.127627 Hst:                00000000 00000000 00000000 00000000
00:00:00.127628 Gst: 0000000d/0005  00000000 00000000 00000000 00000000
00:00:00.127628 Hst:                00000000 00000000 00000000 00000000
00:00:00.127628 Gst: 0000000d/0006  00000000 00000000 00000000 00000000
00:00:00.127628 Hst:                00000000 00000000 00000000 00000000
00:00:00.127629 Gst: 0000000d/0007  00000000 00000000 00000000 00000000
00:00:00.127629 Hst:                00000000 00000000 00000000 00000000
00:00:00.127629 Gst: 0000000d/0008  00000000 00000000 00000000 00000000
00:00:00.127630 Hst:                00000000 00000000 00000000 00000000
00:00:00.127630 Gst: 0000000d/0009  00000000 00000000 00000000 00000000
00:00:00.127630 Hst:                00000008 00000980 00000000 00000000
00:00:00.127630 Gst: 0000000d/000a  00000000 00000000 00000000 00000000
00:00:00.127631 Hst:                00000000 00000000 00000000 00000000
00:00:00.127631 Gst: 0000000d/000b  00000000 00000000 00000000 00000000
00:00:00.127631 Hst:                00000010 00000000 00000001 00000000
00:00:00.127631 Gst: 0000000d/000c  00000000 00000000 00000000 00000000
00:00:00.127632 Hst:                00000018 00000000 00000001 00000000
00:00:00.127632 Gst: 0000000d/000d  00000000 00000000 00000000 00000000
00:00:00.127632 Hst:                00000000 00000000 00000000 00000000
00:00:00.127637 Gst: 0000000e/0000  00000000 00000000 00000000 00000000
00:00:00.127637 Hst:                00000000 00000000 00000000 00000000
00:00:00.127637 Gst: 0000000f/0000  00000000 00000000 00000000 00000000
00:00:00.127637 Hst:                00000000 000000ff 00000000 00000002
00:00:00.127638 Hst: 00000010/0000  00000000 00000002 00000000 00000000
00:00:00.127638                                Name: AuthenticAMD
00:00:00.127639                            Supports: 0x00000000-0x00000010
00:00:00.127639                              Family: 15 	Extended: 10 	Effective: 25
00:00:00.127640                               Model:  1 	Extended: 2 	Effective: 33
00:00:00.127641                            Stepping: 0
00:00:00.127641                                Type: 0 (primary)
00:00:00.127641                             APIC ID: 0x00
00:00:00.127642                        Logical CPUs: 2
00:00:00.127642                        CLFLUSH Size: 8
00:00:00.127642                            Brand ID: 0x00
00:00:00.127643 Features
00:00:00.127643   Mnemonic - Description                                  = guest (host)
00:00:00.127643   FPU - x87 FPU on Chip                                   = 1 (1)
00:00:00.127644   VME - Virtual 8086 Mode Enhancements                    = 1 (1)
00:00:00.127645   DE - Debugging extensions                               = 1 (1)
00:00:00.127645   PSE - Page Size Extension                               = 1 (1)
00:00:00.127646   TSC - Time Stamp Counter                                = 1 (1)
00:00:00.127646   MSR - Model Specific Registers                          = 1 (1)
00:00:00.127646   PAE - Physical Address Extension                        = 1 (1)
00:00:00.127647   MCE - Machine Check Exception                           = 1 (1)
00:00:00.127647   CX8 - CMPXCHG8B instruction                             = 1 (1)
00:00:00.127648   APIC - APIC On-Chip                                     = 1 (1)
00:00:00.127648   SEP - SYSENTER and SYSEXIT Present                      = 1 (1)
00:00:00.127649   MTRR - Memory Type Range Registers                      = 1 (1)
00:00:00.127649   PGE - PTE Global Bit                                    = 1 (1)
00:00:00.127649   MCA - Machine Check Architecture                        = 1 (1)
00:00:00.127650   CMOV - Conditional Move instructions                    = 1 (1)
00:00:00.127650   PAT - Page Attribute Table                              = 1 (1)
00:00:00.127651   PSE-36 - 36-bit Page Size Extension                     = 1 (1)
00:00:00.127651   PSN - Processor Serial Number                           = 0 (0)
00:00:00.127651   CLFSH - CLFLUSH instruction                             = 1 (1)
00:00:00.127652   DS - Debug Store                                        = 0 (0)
00:00:00.127652   ACPI - Thermal Mon. & Soft. Clock Ctrl.                 = 0 (0)
00:00:00.127653   MMX - Intel MMX Technology                              = 1 (1)
00:00:00.127653   FXSR - FXSAVE and FXRSTOR instructions                  = 1 (1)
00:00:00.127654   SSE - SSE support                                       = 1 (1)
00:00:00.127654   SSE2 - SSE2 support                                     = 1 (1)
00:00:00.127654   SS - Self Snoop                                         = 0 (0)
00:00:00.127655   HTT - Hyper-Threading Technology                        = 1 (1)
00:00:00.127655   TM - Therm. Monitor                                     = 0 (0)
00:00:00.127656   PBE - Pending Break Enabled                             = 0 (0)
00:00:00.127657   SSE3 - SSE3 support                                     = 1 (1)
00:00:00.127657   PCLMUL - PCLMULQDQ support (for AES-GCM)                = 1 (1)
00:00:00.127658   DTES64 - DS Area 64-bit Layout                          = 0 (0)
00:00:00.127658   MONITOR - MONITOR/MWAIT instructions                    = 0 (1)
00:00:00.127658   CPL-DS - CPL Qualified Debug Store                      = 0 (0)
00:00:00.127659   VMX - Virtual Machine Extensions                        = 0 (0)
00:00:00.127659   SMX - Safer Mode Extensions                             = 0 (0)
00:00:00.127660   EST - Enhanced SpeedStep Technology                     = 0 (0)
00:00:00.127660   TM2 - Terminal Monitor 2                                = 0 (0)
00:00:00.127660   SSSE3 - Supplemental Streaming SIMD Extensions 3        = 1 (1)
00:00:00.127661   CNTX-ID - L1 Context ID                                 = 0 (0)
00:00:00.127661   SDBG - Silicon Debug interface                          = 0 (0)
00:00:00.127662   FMA - Fused Multiply Add extensions                     = 0 (1)
00:00:00.127662   CX16 - CMPXCHG16B instruction                           = 1 (1)
00:00:00.127662   TPRUPDATE - xTPR Update Control                         = 0 (0)
00:00:00.127663   PDCM - Perf/Debug Capability MSR                        = 0 (0)
00:00:00.127663   PCID - Process Context Identifiers                      = 0 (0)
00:00:00.127664   DCA - Direct Cache Access                               = 0 (0)
00:00:00.127664   SSE4_1 - SSE4_1 support                                 = 1 (1)
00:00:00.127664   SSE4_2 - SSE4_2 support                                 = 1 (1)
00:00:00.127665   X2APIC - x2APIC support                                 = 0 (1)
00:00:00.127665   MOVBE - MOVBE instruction                               = 1 (1)
00:00:00.127666   POPCNT - POPCNT instruction                             = 1 (1)
00:00:00.127666   TSCDEADL - Time Stamp Counter Deadline                  = 0 (0)
00:00:00.127667   AES - AES instructions                                  = 1 (1)
00:00:00.127667   XSAVE - XSAVE instruction                               = 1 (1)
00:00:00.127668   OSXSAVE - OSXSAVE instruction                           = 0 (1)
00:00:00.127668   AVX - AVX support                                       = 1 (1)
00:00:00.127668   F16C - 16-bit floating point conversion instructions    = 0 (1)
00:00:00.127669   RDRAND - RDRAND instruction                             = 1 (1)
00:00:00.127669   HVP - Hypervisor Present (we're a guest)                = 0 (0)
00:00:00.127670 Structured Extended Feature Flags Enumeration (leaf 7):
00:00:00.127670   Mnemonic - Description                                  = guest (host)
00:00:00.127670   FSGSBASE - RDFSBASE/RDGSBASE/WRFSBASE/WRGSBASE instr.   = 1 (1)
00:00:00.127670   TSCADJUST - Supports MSR_IA32_TSC_ADJUST                = 0 (0)
00:00:00.127671   SGX - Supports Software Guard Extensions                = 0 (0)
00:00:00.127671   BMI1 - Advanced Bit Manipulation extension 1            = 1 (1)
00:00:00.127671   HLE - Hardware Lock Elision                             = 0 (0)
00:00:00.127672   AVX2 - Advanced Vector Extensions 2                     = 1 (1)
00:00:00.127672   FDP_EXCPTN_ONLY - FPU DP only updated on exceptions     = 0 (0)
00:00:00.127680   SMEP - Supervisor Mode Execution Prevention             = 0 (1)
00:00:00.127680   BMI2 - Advanced Bit Manipulation extension 2            = 1 (1)
00:00:00.127681   ERMS - Enhanced REP MOVSB/STOSB instructions            = 0 (1)
00:00:00.127681   INVPCID - INVPCID instruction                           = 1 (1)
00:00:00.127682   RTM - Restricted Transactional Memory                   = 0 (0)
00:00:00.127682   PQM - Platform Quality of Service Monitoring            = 0 (1)
00:00:00.127682   DEPFPU_CS_DS - Deprecates FPU CS, FPU DS values if set  = 0 (0)
00:00:00.127683   MPE - Intel Memory Protection Extensions                = 0 (0)
00:00:00.127683   PQE - Platform Quality of Service Enforcement           = 0 (1)
00:00:00.127683   AVX512F - AVX512 Foundation instructions                = 0 (0)
00:00:00.127684   RDSEED - RDSEED instruction                             = 1 (1)
00:00:00.127684   ADX - ADCX/ADOX instructions                            = 0 (1)
00:00:00.127684   SMAP - Supervisor Mode Access Prevention                = 0 (1)
00:00:00.127685   CLFLUSHOPT - CLFLUSHOPT (Cache Line Flush) instruction  = 1 (1)
00:00:00.127685   CLWB - CLWB instruction                                 = 0 (1)
00:00:00.127685   INTEL_PT - Intel Processor Trace                        = 0 (0)
00:00:00.127686   AVX512PF - AVX512 Prefetch instructions                 = 0 (0)
00:00:00.127686   AVX512ER - AVX512 Exponential & Reciprocal instructions = 0 (0)
00:00:00.127686   AVX512CD - AVX512 Conflict Detection instructions       = 0 (0)
00:00:00.127687   SHA - Secure Hash Algorithm extensions                  = 0 (1)
00:00:00.127687   PREFETCHWT1 - PREFETCHWT1 instruction                   = 0 (0)
00:00:00.127688   UMIP - User mode insturction prevention                 = 0 (1)
00:00:00.127688   PKU - Protection Key for Usermode pages                 = 0 (1)
00:00:00.127688   OSPKE - CR4.PKU mirror                                  = 0 (1)
00:00:00.127689    7 - Reserved                                           = 0 (1)
00:00:00.127690    9 - Reserved                                           = 0 (1)
00:00:00.127690   10 - Reserved                                           = 0 (1)
00:00:00.127691   MAWAU - Value used by BNDLDX & BNDSTX                   = 0x0 (0x0)
00:00:00.127691   RDPID - Read processor ID support                       = 0 (1)
00:00:00.127692   SGX_LC - Supports SGX Launch Configuration              = 0 (0)
00:00:00.127692    4 - Reserved                                           = 0 (1)
00:00:00.127693   MD_CLEAR - Supports MDS related buffer clearing         = 0 (0)
00:00:00.127693   IBRS_IBPB - IA32_SPEC_CTRL.IBRS and IA32_PRED_CMD.IBPB  = 0 (0)
00:00:00.127693   STIBP - Supports IA32_SPEC_CTRL.STIBP                   = 0 (0)
00:00:00.127694   FLUSH_CMD - Supports IA32_FLUSH_CMD                     = 0 (0)
00:00:00.127694   ARCHCAP - Supports IA32_ARCH_CAP                        = 0 (0)
00:00:00.127694   CORECAP - Supports IA32_CORE_CAP                        = 0 (0)
00:00:00.127695   SSBD - Supports IA32_SPEC_CTRL.SSBD                     = 0 (0)
00:00:00.127695 Processor Extended State Enumeration (leaf 0xd):
00:00:00.127696    XSAVE area cur/max size by XCR0, guest: 0x340/0x340
00:00:00.127696     XSAVE area cur/max size by XCR0, host: 0x988/0x988
00:00:00.127697                    Valid XCR0 bits, guest: 0x00000000`00000007 ( x87 SSE YMM_Hi128 )
00:00:00.127698                     Valid XCR0 bits, host: 0x00000000`00000207 ( x87 SSE YMM_Hi128 9 )
00:00:00.127699                     XSAVE features, guest:
00:00:00.127699                      XSAVE features, host: XSAVEOPT XSAVEC XGETBC1 XSAVES
00:00:00.127700       XSAVE area cur size XCR0|XSS, guest: 0x358
00:00:00.127700        XSAVE area cur size XCR0|XSS, host: 0x358
00:00:00.127701                Valid IA32_XSS bits, guest: 0x00000000`00000000
00:00:00.127701                 Valid IA32_XSS bits, host: 0x00001800`00000000 ( 43 44 )
00:00:00.127702   State #2, guest: off=0x0240, cb=0x0100 IA32_XSS-bit -- YMM_Hi128
00:00:00.127702   State #2, host:  off=0x0240, cb=0x0100 IA32_XSS-bit -- YMM_Hi128
00:00:00.127703   State #9, host:  off=0x0980, cb=0x0008 IA32_XSS-bit -- 9
00:00:00.127704   State #11, host:  off=0x0000, cb=0x0010 XCR0-bit -- 11
00:00:00.127704   State #12, host:  off=0x0000, cb=0x0018 XCR0-bit -- 12
00:00:00.127706          Unknown CPUID Leaves
00:00:00.127707      Leaf/sub-leaf  eax      ebx      ecx      edx
00:00:00.127707 Gst: 0000000f/0001  00000000 00000000 00000000 00000000
00:00:00.127707 Hst:                00000000 00000040 000000ff 00000007
00:00:00.127708 Gst: 0000000f/0002  00000000 00000000 00000000 00000000
00:00:00.127708 Hst:                00000000 00000000 00000000 00000000
00:00:00.127708 Gst: 00000010/0000  00000000 00000000 00000000 00000000
00:00:00.127708 Hst:                00000000 00000002 00000000 00000000
00:00:00.127709 Gst: 00000010/0001  00000000 00000000 00000000 00000000
00:00:00.127709 Hst:                0000000f 00000000 00000004 0000000f
00:00:00.127709 Gst: 00000010/0002  00000000 00000000 00000000 00000000
00:00:00.127709 Hst:                00000000 00000000 00000000 00000000
00:00:00.127710          Raw Extended CPUID Leaves
00:00:00.127710      Leaf/sub-leaf  eax      ebx      ecx      edx
00:00:00.127710 Gst: 80000000/0000  8000001e 68747541 444d4163 69746e65
00:00:00.127711 Hst:                80000023 68747541 444d4163 69746e65
00:00:00.127711 Gst: 80000001/0000  00a20f10 20000000 000001f3 2bd3fb7f
00:00:00.127711 Hst:                00a20f10 20000000 75c237ff 2fd3fbff
00:00:00.127712 Gst: 80000002/0000  20444d41 657a7952 2035206e 30303635
00:00:00.127712 Hst:                20444d41 657a7952 2035206e 30303635
00:00:00.127712 Gst: 80000003/0000  2d362058 65726f43 6f725020 73736563
00:00:00.127713 Hst:                2d362058 65726f43 6f725020 73736563
00:00:00.127713 Gst: 80000004/0000  2020726f 20202020 20202020 00202020
00:00:00.127713 Hst:                2020726f 20202020 20202020 00202020
00:00:00.127714 Gst: 80000005/0000  ff40ff40 ff40ff40 20080140 20080140
00:00:00.127714 Hst:                ff40ff40 ff40ff40 20080140 20080140
00:00:00.127714 Gst: 80000006/0000  48002200 68004200 02006140 01009140
00:00:00.127715 Hst:                48002200 68004200 02006140 01009140
00:00:00.127715 Gst: 80000007/0000  00000000 00000000 00000000 00000100
00:00:00.127715 Hst:                00000000 0000003b 00000000 00006799
00:00:00.127716 Gst: 80000008/0000  00003030 04000000 00000001 00000000
00:00:00.127716 Hst:                00003030 111ef657 0000400b 00010000
00:00:00.127716 Gst: 80000009/0000  00000000 00000000 00000000 00000000
00:00:00.127716 Hst:                00000000 00000000 00000000 00000000
00:00:00.127717 Gst: 8000000a/0000  00000000 00000000 00000000 00000000
00:00:00.127717 Hst:                00000001 00008000 00000000 101bbcff
00:00:00.127717 Gst: 8000000b/0000  00000000 00000000 00000000 00000000
00:00:00.127717 Hst:                00000000 00000000 00000000 00000000
00:00:00.127718 Gst: 8000000c/0000  00000000 00000000 00000000 00000000
00:00:00.127718 Hst:                00000000 00000000 00000000 00000000
00:00:00.127718 Gst: 8000000d/0000  00000000 00000000 00000000 00000000
00:00:00.127719 Hst:                00000000 00000000 00000000 00000000
00:00:00.127719 Gst: 8000000e/0000  00000000 00000000 00000000 00000000
00:00:00.127719 Hst:                00000000 00000000 00000000 00000000
00:00:00.127719 Gst: 8000000f/0000  00000000 00000000 00000000 00000000
00:00:00.127720 Hst:                00000000 00000000 00000000 00000000
00:00:00.127720 Gst: 80000010/0000  00000000 00000000 00000000 00000000
00:00:00.127720 Hst:                00000000 00000000 00000000 00000000
00:00:00.127720 Gst: 80000011/0000  00000000 00000000 00000000 00000000
00:00:00.127721 Hst:                00000000 00000000 00000000 00000000
00:00:00.127721 Gst: 80000012/0000  00000000 00000000 00000000 00000000
00:00:00.127721 Hst:                00000000 00000000 00000000 00000000
00:00:00.127721 Gst: 80000013/0000  00000000 00000000 00000000 00000000
00:00:00.127722 Hst:                00000000 00000000 00000000 00000000
00:00:00.127722 Gst: 80000014/0000  00000000 00000000 00000000 00000000
00:00:00.127722 Hst:                00000000 00000000 00000000 00000000
00:00:00.127722 Gst: 80000015/0000  00000000 00000000 00000000 00000000
00:00:00.127723 Hst:                00000000 00000000 00000000 00000000
00:00:00.127723 Gst: 80000016/0000  00000000 00000000 00000000 00000000
00:00:00.127723 Hst:                00000000 00000000 00000000 00000000
00:00:00.127723 Gst: 80000017/0000  00000000 00000000 00000000 00000000
00:00:00.127724 Hst:                00000000 00000000 00000000 00000000
00:00:00.127724 Gst: 80000018/0000  00000000 00000000 00000000 00000000
00:00:00.127724 Hst:                00000000 00000000 00000000 00000000
00:00:00.127724 Gst: 80000019/0000  f040f040 f0400000 00000000 00000000
00:00:00.127725 Hst:                f040f040 f0400000 00000000 00000000
00:00:00.127725 Gst: 8000001a/0000  00000002 00000000 00000000 00000000
00:00:00.127725 Hst:                00000006 00000000 00000000 00000000
00:00:00.127725 Gst: 8000001b/0000  00000000 00000000 00000000 00000000
00:00:00.127726 Hst:                000003ff 00000000 00000000 00000000
00:00:00.127726 Gst: 8000001c/0000  00000000 00000000 00000000 00000000
00:00:00.127726 Hst:                00000000 00000000 00000000 00000000
00:00:00.127726 Gst: 8000001d/0000  00004121 01c0003f 0000003f 00000000
00:00:00.127727 Hst:                00004121 01c0003f 0000003f 00000000
00:00:00.127727 Gst: 8000001d/0001  00004122 01c0003f 0000003f 00000000
00:00:00.127727 Hst:                00004122 01c0003f 0000003f 00000000
00:00:00.127728 Gst: 8000001d/0002  00004143 01c0003f 000003ff 00000002
00:00:00.127728 Hst:                00004143 01c0003f 000003ff 00000002
00:00:00.127728 Gst: 8000001d/0003  00004163 03c0003f 00007fff 00000001
00:00:00.127729 Hst:                0002c163 03c0003f 00007fff 00000001
00:00:00.127729 Gst: 8000001d/0004  00000000 00000000 00000000 00000000
00:00:00.127729 Hst:                00000000 00000000 00000000 00000000
00:00:00.127729 Gst: 8000001e/0000  00000000 00000100 00000000 00000000
00:00:00.127730 Hst:                00000009 00000104 00000000 00000000
00:00:00.127730 Hst: 8000001f/0000  0001780f 00000173 000001fd 00000001
00:00:00.127730 Hst: 80000020/0000  00000000 00000002 00000000 00000000
00:00:00.127731 Hst: 80000021/0000  0000004d 00000000 00000000 00000000
00:00:00.127731 Hst: 80000022/0000  00000000 00000000 00000000 00000000
00:00:00.127731 Hst: 80000023/0000  00000000 00000000 00000000 00000000
00:00:00.127732 Ext Name:                        AuthenticAMD
00:00:00.127732 Ext Supports:                    0x80000000-0x8000001e
00:00:00.127732 Family:                          15  	Extended: 10 	Effective: 25
00:00:00.127732 Model:                           1  	Extended: 2 	Effective: 33
00:00:00.127733 Stepping:                        0
00:00:00.127733 Brand ID:                        0x000
00:00:00.127733 Ext Features
00:00:00.127733   Mnemonic - Description                                  = guest (host)
00:00:00.127733   FPU - x87 FPU on Chip                                   = 1 (1)
00:00:00.127734   VME - Virtual 8086 Mode Enhancements                    = 1 (1)
00:00:00.127734   DE - Debugging extensions                               = 1 (1)
00:00:00.127735   PSE - Page Size Extension                               = 1 (1)
00:00:00.127735   TSC - Time Stamp Counter                                = 1 (1)
00:00:00.127736   MSR - K86 Model Specific Registers                      = 1 (1)
00:00:00.127736   PAE - Physical Address Extension                        = 1 (1)
00:00:00.127736   MCE - Machine Check Exception                           = 0 (1)
00:00:00.127737   CX8 - CMPXCHG8B instruction                             = 1 (1)
00:00:00.127737   APIC - APIC On-Chip                                     = 1 (1)
00:00:00.127738   SEP - SYSCALL/SYSRET                                    = 1 (1)
00:00:00.127738   MTRR - Memory Type Range Registers                      = 1 (1)
00:00:00.127739   PGE - PTE Global Bit                                    = 1 (1)
00:00:00.127739   MCA - Machine Check Architecture                        = 1 (1)
00:00:00.127739   CMOV - Conditional Move instructions                    = 1 (1)
00:00:00.127740   PAT - Page Attribute Table                              = 1 (1)
00:00:00.127740   PSE-36 - 36-bit Page Size Extension                     = 1 (1)
00:00:00.127741   NX - No-Execute/Execute-Disable                         = 1 (1)
00:00:00.127741   AXMMX - AMD Extensions to MMX instructions              = 1 (1)
00:00:00.127741   MMX - Intel MMX Technology                              = 1 (1)
00:00:00.127742   FXSR - FXSAVE and FXRSTOR Instructions                  = 1 (1)
00:00:00.127742   FFXSR - AMD fast FXSAVE and FXRSTOR instructions        = 1 (1)
00:00:00.127742   Page1GB - 1 GB large page                               = 0 (1)
00:00:00.127743   RDTSCP - RDTSCP instruction                             = 1 (1)
00:00:00.127743   LM - AMD64 Long Mode                                    = 1 (1)
00:00:00.127744   3DNOWEXT - AMD Extensions to 3DNow                      = 0 (0)
00:00:00.127744   3DNOW - AMD 3DNow                                       = 0 (0)
00:00:00.127745   LahfSahf - LAHF/SAHF support in 64-bit mode             = 1 (1)
00:00:00.127745   CmpLegacy - Core multi-processing legacy mode           = 1 (1)
00:00:00.127746   SVM - AMD Secure Virtual Machine extensions             = 0 (1)
00:00:00.127746   EXTAPIC - AMD Extended APIC registers                   = 0 (1)
00:00:00.127747   CR8L - AMD LOCK MOV CR0 means MOV CR8                   = 1 (1)
00:00:00.127747   ABM - AMD Advanced Bit Manipulation                     = 1 (1)
00:00:00.127747   SSE4A - SSE4A instructions                              = 1 (1)
00:00:00.127748   MISALIGNSSE - AMD Misaligned SSE mode                   = 1 (1)
00:00:00.127748   3DNOWPRF - AMD PREFETCH and PREFETCHW instructions      = 1 (1)
00:00:00.127748   OSVW - AMD OS Visible Workaround                        = 0 (1)
00:00:00.127749   IBS - Instruct Based Sampling                           = 0 (1)
00:00:00.127749   XOP - Extended Operation support                        = 0 (0)
00:00:00.127750   SKINIT - SKINIT, STGI, and DEV support                  = 0 (1)
00:00:00.127750   WDT - AMD Watchdog Timer support                        = 0 (1)
00:00:00.127750   LWP - Lightweight Profiling support                     = 0 (0)
00:00:00.127751   FMA4 - Four operand FMA instruction support             = 0 (0)
00:00:00.127751   TCE - Translation Cache Extension support               = 0 (1)
00:00:00.127751   NodeId - NodeId in MSR C001_100C                        = 0 (0)
00:00:00.127752   TBM - Trailing Bit Manipulation instructions            = 0 (0)
00:00:00.127752   TOPOEXT - Topology Extensions                           = 0 (1)
00:00:00.127753   PRFEXTCORE - Performance Counter Extensions support     = 0 (1)
00:00:00.127753   PRFEXTNB - NB Performance Counter Extensions support    = 0 (1)
00:00:00.127753   DATABPEXT - Data-access Breakpoint Extension            = 0 (1)
00:00:00.127753   PERFTSC - Performance Time Stamp Counter                = 0 (0)
00:00:00.127754   PCX_L2I - L2I/L3 Performance Counter Extensions         = 0 (1)
00:00:00.127754   MONITORX - MWAITX and MONITORX instructions             = 0 (1)
00:00:00.127754   AddrMaskExt - BP Addressing masking extended to bit 31  = 0 (1)
00:00:00.127755 SVM Feature Identification (leaf A):
00:00:00.127755   NP - Nested Paging                                      = 0 (1)
00:00:00.127755   LbrVirt - Last Branch Record Virtualization             = 0 (1)
00:00:00.127756   SVML - SVM Lock                                         = 0 (1)
00:00:00.127756   NRIPS - NextRIP Save                                    = 0 (1)
00:00:00.127757   TscRateMsr - MSR based TSC rate control                 = 0 (1)
00:00:00.127757   VmcbClean - VMCB clean bits                             = 0 (1)
00:00:00.127758   FlushByASID - Flush by ASID                             = 0 (1)
00:00:00.127758   DecodeAssists - Decode Assists                          = 0 (1)
00:00:00.127759   PauseFilter - Pause intercept filter                    = 0 (1)
00:00:00.127759   11 - Reserved                                           = 0 (1)
00:00:00.127759   PauseFilterThreshold - Pause filter threshold           = 0 (1)
00:00:00.127760   AVIC - Advanced Virtual Interrupt Controller            = 0 (1)
00:00:00.127760   VMSAVEVirt - VMSAVE and VMLOAD Virtualization           = 0 (1)
00:00:00.127760   VGIF - Virtual Global-Interrupt Flag                    = 0 (1)
00:00:00.127761   GMET - Guest Mode Execute Trap Extension                = 0 (1)
00:00:00.127761   x2AVIC - AVIC support for x2APIC mode                   = 0 (0)
00:00:00.127761   SSSCheck - SVM supervisor shadow stack restrictions     = 0 (1)
00:00:00.127762   SpecCtrl - SPEC_CTRL virtualization                     = 0 (1)
00:00:00.127762   ROGPT - Read-Only Guest Page Table feature support      = 0 (0)
00:00:00.127762   HOST_MCE_OVERRIDE - Guest #MC can be intercepted        = 0 (0)
00:00:00.127763   TlbiCtl - INVLPGB/TLBSYNC enable and intercept          = 0 (0)
00:00:00.127763   VNMI - NMI Virtualization                               = 0 (0)
00:00:00.127763   IbsVirt - IBS Virtualization                            = 0 (0)
00:00:00.127764   ExtLvtAvicAccessChg - Extended LVT access changes       = 0 (0)
00:00:00.127764   NestedVirtVmcbAddrChk - Guest VMCB address check        = 0 (1)
00:00:00.127764   BusLockThreshold - Bus Lock Threshold                   = 0 (0)
00:00:00.127765 Full Name:                       "AMD Ryzen 5 5600X 6-Core Processor             "
00:00:00.127765 TLB 2/4M Instr/Uni:              fully  64 entries
00:00:00.127765 TLB 2/4M Data:                   fully  64 entries
00:00:00.127766 TLB 4K Instr/Uni:                fully  64 entries
00:00:00.127766 TLB 4K Data:                     fully  64 entries
00:00:00.127766 L1 Instr Cache Line Size:        64 bytes
00:00:00.127766 L1 Instr Cache Lines Per Tag:    1
00:00:00.127766 L1 Instr Cache Associativity:    8 way
00:00:00.127766 L1 Instr Cache Size:             32 KB
00:00:00.127767 L1 Data Cache Line Size:         64 bytes
00:00:00.127767 L1 Data Cache Lines Per Tag:     1
00:00:00.127767 L1 Data Cache Associativity:     8 way
00:00:00.127767 L1 Data Cache Size:              32 KB
00:00:00.127767 L2 TLB 2/4M Instr/Uni:           2 way   512 entries
00:00:00.127768 L2 TLB 2/4M Data:                4 way  2048 entries
00:00:00.127768 L2 TLB 4K Instr/Uni:             4 way   512 entries
00:00:00.127768 L2 TLB 4K Data:                  8 way  2048 entries
00:00:00.127768 L2 Cache Line Size:              64 bytes
00:00:00.127768 L2 Cache Lines Per Tag:          1
00:00:00.127768 L2 Cache Associativity:          res9  
00:00:00.127769 L2 Cache Size:                   256 KB
00:00:00.127769   TS - Temperature Sensor                                 = 0 (1)
00:00:00.127770   FID - Frequency ID control                              = 0 (0)
00:00:00.127770   VID - Voltage ID control                                = 0 (0)
00:00:00.127770   TTP - Thermal Trip                                      = 0 (1)
00:00:00.127771   TM - Hardware Thermal Control (HTC)                     = 0 (1)
00:00:00.127771   100MHzSteps - 100 MHz Multiplier control                = 0 (0)
00:00:00.127772   HwPstate - Hardware P-state control                     = 0 (1)
00:00:00.127772   TscInvariant - Invariant Time Stamp Counter             = 1 (1)
00:00:00.127772   CPB - Core Performance Boost                            = 0 (1)
00:00:00.127773   EffFreqRO - Read-only Effective Frequency Interface     = 0 (1)
00:00:00.127773   ProcFdbkIf - Processor Feedback Interface               = 0 (0)
00:00:00.127773   ProcPwrRep - Core power reporting interface support     = 0 (0)
00:00:00.127774   ConnectedStandby - Connected Standby                    = 0 (1)
00:00:00.127774   RAPL - Running average power limit                      = 0 (1)
00:00:00.127775   CLZERO - Clear zero instruction (cacheline)             = 0 (1)
00:00:00.127775   IRPerf - Instructions retired count support             = 0 (1)
00:00:00.127775   XSaveErPtr - Save/restore error pointers (FXSAVE/RSTOR*) = 0 (1)
00:00:00.127776   INVLPGB - INVLPGB and TLBSYNC instructions              = 0 (0)
00:00:00.127776   RDPRU - RDPRU instruction                               = 0 (1)
00:00:00.127776   BE - Bandwidth Enforcement extension                    = 0 (1)
00:00:00.127777   MCOMMIT - MCOMMIT instruction                           = 0 (0)
00:00:00.127777   WBNOINVD - WBNOINVD instruction                         = 0 (1)
00:00:00.127778   10 - Reserved                                           = 0 (1)
00:00:00.127778   IBPB - Supports the IBPB command in IA32_PRED_CMD       = 0 (1)
00:00:00.127778   INT_WBINVD - WBINVD/WBNOINVD interruptible              = 0 (1)
00:00:00.127779   IBRS - Indirect Branch Restricted Speculation           = 0 (1)
00:00:00.127779   STIBP - Single Thread Indirect Branch Prediction        = 0 (1)
00:00:00.127779   IbrsAlwaysOn - Processor prefers that IBRS be left on   = 0 (0)
00:00:00.127780   StibpAlwaysOn - Processor prefers that STIBP be left on = 0 (1)
00:00:00.127780   IbrsPreferred - IBRS preferred over software solution   = 0 (1)
00:00:00.127780   IbrsSameMode - IBRS limits same mode speculation        = 0 (1)
00:00:00.127780   EferLmsleUnsupported - EFER.LMSLE is unsupported        = 0 (1)
00:00:00.127781   INVLPGBnestedPages - INVLPGB for nested translation     = 0 (0)
00:00:00.127781   SSBD - Speculative Store Bypass Disable                 = 0 (1)
00:00:00.127781   SsbdVirtSpecCtrl - Use VIRT_SPEC_CTL for SSBD           = 0 (0)
00:00:00.127782   SsbdNotRequired - SSBD not needed on this processor     = 1 (0)
00:00:00.127782   CPPC - Collaborative Processor Performance Control      = 0 (0)
00:00:00.127782   PSFD - Predictive Store Forward Disable                 = 0 (1)
00:00:00.127783   BTC_NO - Unaffected by branch type confusion            = 0 (0)
00:00:00.127783   IBPB_RET - Clears RA predictor when PRED_CMD.IBPB set   = 0 (0)
00:00:00.127783 Physical Address Width:          48 bits
00:00:00.127783 Virtual Address Width:           48 bits
00:00:00.127783 Guest Physical Address Width:    0 bits
00:00:00.127784 Physical Core Count:             2
00:00:00.127784 
00:00:00.127785 ******************** End of CPUID dump **********************
00:00:00.127197 HM: fUsePauseFilter=false fUseLbrVirt=false fUseVGif=true fUseVirtVmsaveVmload=true
00:00:00.127849 VMEmt: Halt method global1 (5)
00:00:00.127870 VMEmt: HaltedGlobal1 config: cNsSpinBlockThresholdCfg=2000
00:00:00.127886 Changing the VM state from 'CREATING' to 'CREATED'
00:00:00.129803 Changing the VM state from 'CREATED' to 'POWERING_ON'
00:00:00.129985 Changing the VM state from 'POWERING_ON' to 'RUNNING'
00:00:00.129994 Console: Machine state changed to 'Running'
00:00:00.130268 VBoxHeadless: starting event loop
00:00:00.130570 VMMDev: Guest Log: BIOS: VirtualBox 7.0.18
00:00:00.130617 PCI: Setting up resources and interrupts
00:00:00.130854 PIT: mode=2 count=0x10000 (65536) - 18.20 Hz (ch=0)
00:00:00.155717 ERROR [COM]: aRC=VBOX_E_VM_ERROR (0x80bb0003) aIID={4680b2de-8690-11e9-b83d-5719e53cf1de} aComponent={DisplayWrap} aText={Could not take a screenshot (VERR_NOT_SUPPORTED)}, preserve=false aResultDetail=-37
00:00:00.155740 Display::i_handleDisplayResize: uScreenId=0 pvVRAM=0000000000000000 w=720 h=400 bpp=0 cbLine=0x0 flags=0x0 origin=0,0
00:00:00.155888 VMMDev: Guest Log: CPUID EDX: 0x178bfbff
00:00:00.155920 PIIX3 ATA: Ctl#0: RESET, DevSel=0 AIOIf=0 CmdIf0=0x00 (-1 usec ago) CmdIf1=0x00 (-1 usec ago)
00:00:00.155936 PIIX3 ATA: Ctl#0: finished processing RESET
00:00:00.156227 PIIX3 ATA: Ctl#1: RESET, DevSel=0 AIOIf=0 CmdIf0=0x00 (-1 usec ago) CmdIf1=0x00 (-1 usec ago)
00:00:00.156244 PIIX3 ATA: Ctl#1: finished processing RESET
00:00:00.156398 VMMDev: Guest Log: BIOS: ata1-0: PCHS=8322/16/63 LCHS=522/255/63
00:00:00.158360 PIT: mode=2 count=0x48d3 (18643) - 64.00 Hz (ch=0)
00:00:00.178670 Display::i_handleDisplayResize: uScreenId=0 pvVRAM=00007f92d4a00000 w=640 h=480 bpp=32 cbLine=0xA00 flags=0x0 origin=0,0
00:00:02.641727 PIT: mode=2 count=0x10000 (65536) - 18.20 Hz (ch=0)
00:00:02.641823 VMMDev: Guest Log: BIOS: Boot : bseqnr=1, bootseq=0231
00:00:02.641893 VMMDev: Guest Log: BIOS: Boot from Floppy 0 failed
00:00:02.641972 VMMDev: Guest Log: BIOS: Boot : bseqnr=2, bootseq=0023
00:00:02.642196 VMMDev: Guest Log: BIOS: CDROM boot failure code : 0003
00:00:02.642260 VMMDev: Guest Log: BIOS: Boot from CD-ROM failed
00:00:02.642334 VMMDev: Guest Log: BIOS: Boot : bseqnr=3, bootseq=0002
00:00:02.642459 VMMDev: Guest Log: BIOS: Booting from Hard Disk...
00:00:02.642585 PIIX3 ATA: Ctl#1: RESET, DevSel=0 AIOIf=0 CmdIf0=0xc4 (-1 usec ago) CmdIf1=0x00 (-1 usec ago)
00:00:02.642597 PIIX3 ATA: Ctl#1: finished processing RESET
00:00:02.643381 Display::i_handleDisplayResize: uScreenId=0 pvVRAM=0000000000000000 w=720 h=400 bpp=0 cbLine=0x0 flags=0x0 origin=0,0
00:00:05.338646 PIT: mode=2 count=0x4a9 (1193) - 1000.15 Hz (ch=0)
00:00:05.491842 PIT: mode=0 count=0x10000 (65536) - 18.20 Hz (ch=0)
00:00:05.596528 OHCI: Software reset
00:00:12.189772 PIIX3 ATA: Ctl#0: RESET, DevSel=0 AIOIf=0 CmdIf0=0xa0 (-1 usec ago) CmdIf1=0x00 (-1 usec ago)
00:00:12.189835 PIIX3 ATA: Ctl#0: finished processing RESET
00:00:12.189931 PIIX3 ATA: Ctl#1: RESET, DevSel=0 AIOIf=0 CmdIf0=0xc4 (-1 usec ago) CmdIf1=0x00 (-1 usec ago)
00:00:12.189975 PIIX3 ATA: Ctl#1: finished processing RESET
00:00:13.462677 EHCI: Hardware reset
00:00:13.463236 EHCI: USB Operational
00:00:13.475956 OHCI: USB Reset
00:00:13.526528 OHCI: Software reset
00:00:13.526571 OHCI: USB Operational
00:00:13.813076 OHCI: USB Suspended
00:00:13.813218 EHCI: USB Suspended
