00:00:00.212560 VirtualBox GUI (separate) 7.0.18 r162988 linux.amd64 (May  2 2024 10:35:36) release log
00:00:00.212561 Log opened 2024-05-25T12:12:48.873377000Z
00:00:00.212561 Build Type: release
00:00:00.212564 OS Product: Linux
00:00:00.212564 OS Release: 6.8.9-300.fc40.x86_64
00:00:00.212565 OS Version: #1 SMP PREEMPT_DYNAMIC Thu May  2 18:59:06 UTC 2024
00:00:00.212580 DMI Product Name: B550 AORUS PRO AC
00:00:00.212588 DMI Product Version: Default string
00:00:00.212591 Firmware type: UEFI
00:00:00.212647 Secure Boot: Disabled
00:00:00.212673 Host RAM: 31983MB (31.2GB) total, 21216MB (20.7GB) available
00:00:00.212675 Executable: /usr/lib/virtualbox/VirtualBoxVM
00:00:00.212675 Process ID: 17850
00:00:00.212675 Package type: LINUX_64BITS_FEDORA_40
00:00:00.213044 GUI: UIMediumEnumerator: Initial medium-enumeration finished!
00:00:00.681878 GUI: UIMediumEnumerator: Medium-enumeration started...
00:00:00.721019 GUI: UIFrameBufferPrivate::performResize: Size=640x480, Using fallback buffer since no source bitmap is provided
00:00:00.732035 GUI: UIMachineViewNormal::resendSizeHint: Restoring guest size-hint for screen 0 to 800x600
00:00:00.770361 QDBus inhibition call error for service org.freedesktop.ScreenSaver: org.gtk.GDBus.UnmappedGError.Quark._g_2dio_2derror_2dquark.Code36. GDBus.Error:org.gnome.SessionManager.GeneralError: Unable to uninhibit: Invalid cookie
00:00:00.770850 QDBus inhibition call error for service org.freedesktop.ScreenSaver: org.gtk.GDBus.UnmappedGError.Quark._g_2dio_2derror_2dquark.Code36. GDBus.Error:org.gnome.SessionManager.GeneralError: Unable to uninhibit: Invalid cookie
00:00:00.771287 QDBus inhibition call error for service org.gnome.SettingsDaemon.ScreensaverProxy: org.gtk.GDBus.UnmappedGError.Quark._g_2dio_2derror_2dquark.Code36. GDBus.Error:org.gnome.SessionManager.GeneralError: Unable to uninhibit: Invalid cookie
00:00:00.771784 QDBus inhibition call error for service org.gnome.SettingsDaemon.ScreensaverProxy: org.gtk.GDBus.UnmappedGError.Quark._g_2dio_2derror_2dquark.Code36. GDBus.Error:org.gnome.SessionManager.GeneralError: Unable to uninhibit: Invalid cookie
00:00:00.791646 GUI: UIMediumEnumerator: Medium-enumeration finished!
00:00:00.791663 GUI: UIFrameBufferPrivate::performResize: Size=800x600, Using fallback buffer since no source bitmap is provided
00:00:00.817949 GUI: UISession::sltAdditionsChange: GA state really changed, notifying listeners
00:00:00.817991 GUI: UIMachineViewNormal::adjustGuestScreenSize: Adjust guest-screen size if necessary
00:00:00.818210 GUI: UISession::sltAdditionsChange: GA state change event came, notifying listeners
00:00:00.818220 GUI: UIMachineLogicNormal::sltCheckForRequestedVisualStateType: Requested-state=1, Machine-state=6
00:00:00.818854 GUI: HID LEDs sync is not supported on this platform
00:00:00.856665 GUI: UIDesktopWidgetWatchdog::sltHandleHostScreenAvailableGeometryCalculated: Screen 1 work area is actually resized to: 0x0 x 1440x2560
00:00:00.856693 GUI: UIDesktopWidgetWatchdog::sltHandleHostScreenAvailableGeometryCalculated: Screen 0 work area is actually resized to: 1440x32 x 2560x1408
00:00:00.876956 GUI: UIMachineLogicNormal::sltCheckForRequestedVisualStateType: Requested-state=1, Machine-state=6
00:00:01.228249 GUI: UIFrameBufferPrivate::performResize: Size=800x600, Using fallback buffer since no source bitmap is provided
00:00:01.236123 GUI: UIFrameBufferPrivate::performResize: Size=800x600, Using fallback buffer since no source bitmap is provided
00:00:01.277334 GUI: UIMachineLogic: Guest-screen count changed
00:00:03.091391 GUI: UIFrameBufferPrivate::performResize: Size=800x600, Using fallback buffer since no source bitmap is provided
00:00:05.559594 GUI: UIMediumEnumerator: Medium-enumeration finished!
00:00:05.712730 GUI: UIFrameBufferPrivate::performResize: Size=800x600, Using fallback buffer since no source bitmap is provided
00:00:05.755724 GUI: UIMachineLogic: Guest-screen count changed
00:00:11.057800 GUI: UIMediumEnumerator: Medium-enumeration finished!
00:00:57.167026 GUI: UIMediumEnumerator: Medium-enumeration finished!
00:00:59.378511 GUI: UIMediumEnumerator: Medium-enumeration finished!
00:00:59.980661 GUI: UIMediumEnumerator: Medium-enumeration finished!
00:03:17.256622 GUI: UIMediumEnumerator: Medium-enumeration finished!
00:04:44.269689 GUI: Request for close-action to power VM off.
00:04:44.270037 GUI: Powering VM off..
00:04:44.279476 GUI: UIFrameBufferPrivate::performResize: Size=800x600, Using fallback buffer since no source bitmap is provided
00:04:44.284014 GUI: UIFrameBufferPrivate::performResize: Size=800x600, Using fallback buffer since no source bitmap is provided
00:04:44.298228 GUI: UIMediumEnumerator: Medium-enumeration finished!
00:04:44.378908 GUI: Passing request to close Runtime UI from UI session to UI machine.
00:04:44.379913 GUI: UICommon: Handling aboutToQuit request..
00:04:45.278531 ERROR [COM]: aRC=NS_ERROR_UNEXPECTED (0x8000ffff) aIID={c0447716-ff5a-4795-b57a-ecd5fffa18a4} aComponent={SessionWrap} aText={The session is not locked (session state: Unlocked)}, preserve=false aResultDetail=0
00:04:45.279550 ERROR [COM]: aRC=NS_ERROR_UNEXPECTED (0x8000ffff) aIID={c0447716-ff5a-4795-b57a-ecd5fffa18a4} aComponent={SessionWrap} aText={The session is not locked (session state: Unlocked)}, preserve=false aResultDetail=0
00:04:45.294398 GUI: UICommon: aboutToQuit request handled!
