00:00:00.188611 VirtualBox GUI (separate) 7.0.18 r162988 linux.amd64 (May  2 2024 10:35:36) release log
00:00:00.188612 Log opened 2024-05-21T20:49:30.197650000Z
00:00:00.188614 Build Type: release
00:00:00.188616 OS Product: Linux
00:00:00.188617 OS Release: 6.8.9-300.fc40.x86_64
00:00:00.188617 OS Version: #1 SMP PREEMPT_DYNAMIC Thu May  2 18:59:06 UTC 2024
00:00:00.188634 DMI Product Name: B550 AORUS PRO AC
00:00:00.188643 DMI Product Version: Default string
00:00:00.188648 Firmware type: UEFI
00:00:00.188853 Secure Boot: Disabled
00:00:00.188883 Host RAM: 31983MB (31.2GB) total, 21737MB (21.2GB) available
00:00:00.188885 Executable: /usr/lib/virtualbox/VirtualBoxVM
00:00:00.188885 Process ID: 25380
00:00:00.188886 Package type: LINUX_64BITS_FEDORA_40
00:00:00.189331 GUI: UIMediumEnumerator: Initial medium-enumeration finished!
00:00:00.607169 GUI: UIMediumEnumerator: Medium-enumeration started...
00:00:00.642362 GUI: UIFrameBufferPrivate::performResize: Size=640x480, Using fallback buffer since no source bitmap is provided
00:00:00.652122 GUI: UIMachineViewNormal::resendSizeHint: Restoring guest size-hint for screen 0 to 800x600
00:00:00.683523 QDBus inhibition call error for service org.freedesktop.ScreenSaver: org.gtk.GDBus.UnmappedGError.Quark._g_2dio_2derror_2dquark.Code36. GDBus.Error:org.gnome.SessionManager.GeneralError: Unable to uninhibit: Invalid cookie
00:00:00.683997 QDBus inhibition call error for service org.freedesktop.ScreenSaver: org.gtk.GDBus.UnmappedGError.Quark._g_2dio_2derror_2dquark.Code36. GDBus.Error:org.gnome.SessionManager.GeneralError: Unable to uninhibit: Invalid cookie
00:00:00.684431 QDBus inhibition call error for service org.gnome.SettingsDaemon.ScreensaverProxy: org.gtk.GDBus.UnmappedGError.Quark._g_2dio_2derror_2dquark.Code36. GDBus.Error:org.gnome.SessionManager.GeneralError: Unable to uninhibit: Invalid cookie
00:00:00.684883 QDBus inhibition call error for service org.gnome.SettingsDaemon.ScreensaverProxy: org.gtk.GDBus.UnmappedGError.Quark._g_2dio_2derror_2dquark.Code36. GDBus.Error:org.gnome.SessionManager.GeneralError: Unable to uninhibit: Invalid cookie
00:00:00.706896 GUI: UIMediumEnumerator: Medium-enumeration finished!
00:00:00.706910 GUI: UIFrameBufferPrivate::performResize: Size=800x600, Using fallback buffer since no source bitmap is provided
00:00:00.717723 GUI: UISession::sltAdditionsChange: GA state really changed, notifying listeners
00:00:00.717754 GUI: UIMachineViewNormal::adjustGuestScreenSize: Adjust guest-screen size if necessary
00:00:00.718469 GUI: UISession::sltAdditionsChange: GA state change event came, notifying listeners
00:00:00.718477 GUI: UIMachineLogicNormal::sltCheckForRequestedVisualStateType: Requested-state=1, Machine-state=6
00:00:00.719011 GUI: HID LEDs sync is not supported on this platform
00:00:00.760977 GUI: UIDesktopWidgetWatchdog::sltHandleHostScreenAvailableGeometryCalculated: Screen 1 work area is actually resized to: 0x0 x 1440x2560
00:00:00.761001 GUI: UIDesktopWidgetWatchdog::sltHandleHostScreenAvailableGeometryCalculated: Screen 0 work area is actually resized to: 1440x32 x 2560x1408
00:00:00.780415 GUI: UIMachineLogicNormal::sltCheckForRequestedVisualStateType: Requested-state=1, Machine-state=6
00:00:01.058417 GUI: UIMediumEnumerator: Medium-enumeration finished!
00:00:05.270896 GUI: UIFrameBufferPrivate::performResize: Size=800x600, Using fallback buffer since no source bitmap is provided
00:00:05.278647 GUI: UIFrameBufferPrivate::performResize: Size=800x600, Using fallback buffer since no source bitmap is provided
00:00:05.311919 GUI: UIMachineLogic: Guest-screen count changed
00:00:06.644152 GUI: UIMediumEnumerator: Medium-enumeration finished!
00:01:04.139532 GUI: UIMediumEnumerator: Medium-enumeration finished!
00:01:06.931399 GUI: UIMediumEnumerator: Medium-enumeration finished!
00:02:46.386635 GUI: UIMediumEnumerator: Medium-enumeration finished!
00:02:54.313671 GUI: Request for close-action to power VM off.
00:02:54.313803 GUI: Powering VM off..
00:02:54.319847 GUI: UIFrameBufferPrivate::performResize: Size=800x600, Using fallback buffer since no source bitmap is provided
00:02:54.322843 GUI: UIFrameBufferPrivate::performResize: Size=800x600, Using fallback buffer since no source bitmap is provided
00:02:54.333300 GUI: UIMediumEnumerator: Medium-enumeration finished!
00:02:54.400823 GUI: Passing request to close Runtime UI from UI session to UI machine.
00:02:54.401691 GUI: UICommon: Handling aboutToQuit request..
00:02:55.318465 ERROR [COM]: aRC=NS_ERROR_UNEXPECTED (0x8000ffff) aIID={c0447716-ff5a-4795-b57a-ecd5fffa18a4} aComponent={SessionWrap} aText={The session is not locked (session state: Unlocked)}, preserve=false aResultDetail=0
00:02:55.319193 ERROR [COM]: aRC=NS_ERROR_UNEXPECTED (0x8000ffff) aIID={c0447716-ff5a-4795-b57a-ecd5fffa18a4} aComponent={SessionWrap} aText={The session is not locked (session state: Unlocked)}, preserve=false aResultDetail=0
00:02:55.333855 GUI: UICommon: aboutToQuit request handled!
