00:00:00.007461 VirtualBox VM 7.0.18 r162988 linux.amd64 (May  2 2024 10:35:36) release log
00:00:00.007462 Log opened 2024-05-20T20:58:11.194898000Z
00:00:00.007463 Build Type: release
00:00:00.007464 OS Product: Linux
00:00:00.007464 OS Release: 6.8.9-300.fc40.x86_64
00:00:00.007465 OS Version: #1 SMP PREEMPT_DYNAMIC Thu May  2 18:59:06 UTC 2024
00:00:00.007480 DMI Product Name: B550 AORUS PRO AC
00:00:00.007487 DMI Product Version: Default string
00:00:00.007491 Firmware type: UEFI
00:00:00.007602 Secure Boot: Disabled
00:00:00.007624 Host RAM: 31983MB (31.2GB) total, 27156MB (26.5GB) available
00:00:00.007626 Executable: /usr/lib/virtualbox/VBoxHeadless
00:00:00.007626 Process ID: 18570
00:00:00.007626 Package type: LINUX_64BITS_FEDORA_40
00:00:00.014856 Installed Extension Packs:
00:00:00.014867   None installed!
00:00:00.015350 Console: Machine state changed to 'Starting'
00:00:00.038616 SUP: seg #0: R   0x00000000 LB 0x00061000
00:00:00.038624 SUP: seg #1: R X 0x00061000 LB 0x001b5000
00:00:00.038629 SUP: seg #2: R   0x00216000 LB 0x0006a000
00:00:00.038632 SUP: seg #3: RW  0x00280000 LB 0x0002eaf8
00:00:00.039666 SUP: Loaded VMMR0.r0 (/usr/lib/virtualbox/VMMR0.r0) at 0xXXXXXXXXXXXXXXXX - ModuleInit at XXXXXXXXXXXXXXXX and ModuleTerm at XXXXXXXXXXXXXXXX
00:00:00.039675 SUP: VMMR0EntryEx located at XXXXXXXXXXXXXXXX and VMMR0EntryFast at XXXXXXXXXXXXXXXX
00:00:00.041526 Guest OS type: 'Linux24_64'
00:00:00.042564 fHMForced=true - No raw-mode support in this build!
00:00:00.047797 File system of '/home/exeruvim/GNS3/projects/lab5/project-files/virtualbox/3d7e3235-5800-46ce-8c31-c3a0bf4cc674/ISP/Snapshots' (snapshots) is btrfs
00:00:00.047804 File system of '/home/exeruvim/GNS3/projects/lab5/project-files/virtualbox/3d7e3235-5800-46ce-8c31-c3a0bf4cc674/ISP/Snapshots/{9b147968-dfeb-46a0-8dac-7588e14e7eaa}.vdi' is btrfs
00:00:00.063605 Audio: Detected default audio driver type is 'ALSAAudio'
00:00:00.068684 Shared Clipboard: Service loaded
00:00:00.068691 Shared Clipboard: Mode: Off
00:00:00.068720 Shared Clipboard: Service running in headless mode
00:00:00.069090 Drag and drop service loaded
00:00:00.069095 Drag and drop mode: Off
00:00:00.070464 ************************* CFGM dump *************************
00:00:00.070466 [/] (level 0)
00:00:00.070470   CpuExecutionCap   <integer> = 0x0000000000000064 (100)
00:00:00.070472   EnablePAE         <integer> = 0x0000000000000001 (1)
00:00:00.070472   HMEnabled         <integer> = 0x0000000000000001 (1)
00:00:00.070473   MemBalloonSize    <integer> = 0x0000000000000000 (0, 0 B)
00:00:00.070474   Name              <string>  = "ISP" (cb=4)
00:00:00.070474   NumCPUs           <integer> = 0x0000000000000002 (2)
00:00:00.070475   PageFusionAllowed <integer> = 0x0000000000000000 (0)
00:00:00.070475   RamHoleSize       <integer> = 0x0000000020000000 (536 870 912, 512.0 MiB)
00:00:00.070476   RamSize           <integer> = 0x0000000100000000 (4 294 967 296, 4.0 GiB)
00:00:00.070476   TimerMillies      <integer> = 0x000000000000000a (10)
00:00:00.070477   UUID              <bytes>   = "7e fb 48 55 f3 0c e6 41 96 a8 2f 59 49 1f 8a c4" (cb=16)
00:00:00.070478 
00:00:00.070479 [/CPUM/] (level 1)
00:00:00.070480   Enable64bit        <integer> = 0x0000000000000001 (1)
00:00:00.070480   GuestCpuName       <string>  = "host" (cb=5)
00:00:00.070480   NestedHWVirt       <integer> = 0x0000000000000000 (0)
00:00:00.070481   PortableCpuIdLevel <integer> = 0x0000000000000000 (0)
00:00:00.070481   SpecCtrl           <integer> = 0x0000000000000000 (0)
00:00:00.070481 
00:00:00.070481 [/CPUM/IsaExts/] (level 2)
00:00:00.070482 
00:00:00.070483 [/DBGC/] (level 1)
00:00:00.070483   GlobalInitScript <string>  = "/home/exeruvim/.config/VirtualBox/dbgc-init" (cb=44)
00:00:00.070483   HistoryFile      <string>  = "/home/exeruvim/.config/VirtualBox/dbgc-history" (cb=47)
00:00:00.070484   LocalInitScript  <string>  = "/home/exeruvim/GNS3/projects/lab5/project-files/virtualbox/3d7e3235-5800-46ce-8c31-c3a0bf4cc674/ISP/dbgc-init" (cb=110)
00:00:00.070484 
00:00:00.070484 [/DBGF/] (level 1)
00:00:00.070484   Path <string>  = "/home/exeruvim/GNS3/projects/lab5/project-files/virtualbox/3d7e3235-5800-46ce-8c31-c3a0bf4cc674/ISP/debug/;/home/exeruvim/GNS3/projects/lab5/project-files/virtualbox/3d7e3235-5800-46ce-8c31-c3a0bf4cc674/ISP/;cache*/home/exeruvim/GNS3/projects/lab5/project-files/virtualbox/3d7e3235-5800-46ce-8c31-c3a0bf4cc674/ISP/dbgcache/;/home/exeruvim/" (cb=340)
00:00:00.070485 
00:00:00.070485 [/Devices/] (level 1)
00:00:00.070485 
00:00:00.070485 [/Devices/3c501/] (level 2)
00:00:00.070485 
00:00:00.070486 [/Devices/8237A/] (level 2)
00:00:00.070486 
00:00:00.070486 [/Devices/8237A/0/] (level 3)
00:00:00.070486   Trusted <integer> = 0x0000000000000001 (1)
00:00:00.070487 
00:00:00.070487 [/Devices/VMMDev/] (level 2)
00:00:00.070487 
00:00:00.070487 [/Devices/VMMDev/0/] (level 3)
00:00:00.070488   PCIBusNo      <integer> = 0x0000000000000000 (0)
00:00:00.070488   PCIDeviceNo   <integer> = 0x0000000000000004 (4)
00:00:00.070488   PCIFunctionNo <integer> = 0x0000000000000000 (0)
00:00:00.070488   Trusted       <integer> = 0x0000000000000001 (1)
00:00:00.070489 
00:00:00.070489 [/Devices/VMMDev/0/Config/] (level 4)
00:00:00.070489   GuestCoreDumpDir <string>  = "/home/exeruvim/GNS3/projects/lab5/project-files/virtualbox/3d7e3235-5800-46ce-8c31-c3a0bf4cc674/ISP/Snapshots" (cb=110)
00:00:00.070490 
00:00:00.070490 [/Devices/VMMDev/0/LUN#0/] (level 4)
00:00:00.070490   Driver <string>  = "HGCM" (cb=5)
00:00:00.070490 
00:00:00.070490 [/Devices/VMMDev/0/LUN#0/Config/] (level 5)
00:00:00.070491 
00:00:00.070491 [/Devices/VMMDev/0/LUN#999/] (level 4)
00:00:00.070491   Driver <string>  = "MainStatus" (cb=11)
00:00:00.070492 
00:00:00.070492 [/Devices/VMMDev/0/LUN#999/Config/] (level 5)
00:00:00.070492   First                <integer> = 0x0000000000000000 (0)
00:00:00.070493   HasMediumAttachments <integer> = 0x0000000000000000 (0)
00:00:00.070493   Last                 <integer> = 0x0000000000000000 (0)
00:00:00.070493   iLedSet              <integer> = 0x0000000000000008 (8)
00:00:00.070493 
00:00:00.070494 [/Devices/acpi/] (level 2)
00:00:00.070494 
00:00:00.070494 [/Devices/acpi/0/] (level 3)
00:00:00.070494   PCIBusNo      <integer> = 0x0000000000000000 (0)
00:00:00.070495   PCIDeviceNo   <integer> = 0x0000000000000007 (7)
00:00:00.070495   PCIFunctionNo <integer> = 0x0000000000000000 (0)
00:00:00.070495   Trusted       <integer> = 0x0000000000000001 (1)
00:00:00.070495 
00:00:00.070495 [/Devices/acpi/0/Config/] (level 4)
00:00:00.070496   CpuHotPlug          <integer> = 0x0000000000000000 (0)
00:00:00.070496   FdcEnabled          <integer> = 0x0000000000000000 (0)
00:00:00.070496   HostBusPciAddress   <integer> = 0x0000000000000000 (0)
00:00:00.070497   HpetEnabled         <integer> = 0x0000000000000000 (0)
00:00:00.070497   IOAPIC              <integer> = 0x0000000000000001 (1)
00:00:00.070497   IocPciAddress       <integer> = 0x0000000000010000 (65 536)
00:00:00.070498   NumCPUs             <integer> = 0x0000000000000002 (2)
00:00:00.070498   Parallel0IoPortBase <integer> = 0x0000000000000000 (0)
00:00:00.070498   Parallel0Irq        <integer> = 0x0000000000000000 (0)
00:00:00.070499   Parallel1IoPortBase <integer> = 0x0000000000000000 (0)
00:00:00.070499   Parallel1Irq        <integer> = 0x0000000000000000 (0)
00:00:00.070499   Serial0IoPortBase   <integer> = 0x00000000000003f8 (1 016)
00:00:00.070499   Serial0Irq          <integer> = 0x0000000000000004 (4)
00:00:00.070500   Serial1IoPortBase   <integer> = 0x0000000000000000 (0)
00:00:00.070500   Serial1Irq          <integer> = 0x0000000000000000 (0)
00:00:00.070500   ShowCpu             <integer> = 0x0000000000000001 (1)
00:00:00.070501   ShowRtc             <integer> = 0x0000000000000000 (0)
00:00:00.070501   SmcEnabled          <integer> = 0x0000000000000000 (0)
00:00:00.070501 
00:00:00.070501 [/Devices/acpi/0/LUN#0/] (level 4)
00:00:00.070502   Driver <string>  = "ACPIHost" (cb=9)
00:00:00.070502 
00:00:00.070502 [/Devices/acpi/0/LUN#0/Config/] (level 5)
00:00:00.070502 
00:00:00.070503 [/Devices/acpi/0/LUN#1/] (level 4)
00:00:00.070503   Driver <string>  = "ACPICpu" (cb=8)
00:00:00.070503 
00:00:00.070503 [/Devices/acpi/0/LUN#1/Config/] (level 5)
00:00:00.070504 
00:00:00.070504 [/Devices/apic/] (level 2)
00:00:00.070504 
00:00:00.070504 [/Devices/apic/0/] (level 3)
00:00:00.070505   Trusted <integer> = 0x0000000000000001 (1)
00:00:00.070505 
00:00:00.070505 [/Devices/apic/0/Config/] (level 4)
00:00:00.070505   IOAPIC  <integer> = 0x0000000000000001 (1)
00:00:00.070506   Mode    <integer> = 0x0000000000000002 (2)
00:00:00.070506   NumCPUs <integer> = 0x0000000000000002 (2)
00:00:00.070506 
00:00:00.070506 [/Devices/dp8390/] (level 2)
00:00:00.070507 
00:00:00.070507 [/Devices/e1000/] (level 2)
00:00:00.070507 
00:00:00.070507 [/Devices/e1000/0/] (level 3)
00:00:00.070508   PCIBusNo      <integer> = 0x0000000000000000 (0)
00:00:00.070508   PCIDeviceNo   <integer> = 0x0000000000000003 (3)
00:00:00.070508   PCIFunctionNo <integer> = 0x0000000000000000 (0)
00:00:00.070508   Trusted       <integer> = 0x0000000000000001 (1)
00:00:00.070509 
00:00:00.070509 [/Devices/e1000/0/Config/] (level 4)
00:00:00.070509   AdapterType    <integer> = 0x0000000000000000 (0)
00:00:00.070509   CableConnected <integer> = 0x0000000000000001 (1)
00:00:00.070510   LineSpeed      <integer> = 0x0000000000000000 (0)
00:00:00.070510   MAC            <bytes>   = "08 00 27 b8 a3 d5" (cb=6)
00:00:00.070510 
00:00:00.070510 [/Devices/e1000/0/LUN#0/] (level 4)
00:00:00.070511   Driver <string>  = "UDPTunnel" (cb=10)
00:00:00.070511 
00:00:00.070511 [/Devices/e1000/0/LUN#0/Config/] (level 5)
00:00:00.070512   dest  <string>  = "127.0.0.1" (cb=10)
00:00:00.070512   dport <string>  = "10001" (cb=6)
00:00:00.070512   sport <string>  = "10000" (cb=6)
00:00:00.070512 
00:00:00.070512 [/Devices/e1000/0/LUN#999/] (level 4)
00:00:00.070513   Driver <string>  = "MainStatus" (cb=11)
00:00:00.070513 
00:00:00.070513 [/Devices/e1000/0/LUN#999/Config/] (level 5)
00:00:00.070514   First                <integer> = 0x0000000000000000 (0)
00:00:00.070514   HasMediumAttachments <integer> = 0x0000000000000000 (0)
00:00:00.070514   Last                 <integer> = 0x0000000000000000 (0)
00:00:00.070515   iLedSet              <integer> = 0x0000000000000004 (4)
00:00:00.070515 
00:00:00.070515 [/Devices/e1000/1/] (level 3)
00:00:00.070515   PCIBusNo      <integer> = 0x0000000000000000 (0)
00:00:00.070516   PCIDeviceNo   <integer> = 0x0000000000000008 (8)
00:00:00.070516   PCIFunctionNo <integer> = 0x0000000000000000 (0)
00:00:00.070516   Trusted       <integer> = 0x0000000000000001 (1)
00:00:00.070516 
00:00:00.070516 [/Devices/e1000/1/Config/] (level 4)
00:00:00.070517   AdapterType    <integer> = 0x0000000000000000 (0)
00:00:00.070517   CableConnected <integer> = 0x0000000000000000 (0)
00:00:00.070517   LineSpeed      <integer> = 0x0000000000000000 (0)
00:00:00.070518   MAC            <bytes>   = "08 00 27 e0 30 bd" (cb=6)
00:00:00.070518 
00:00:00.070518 [/Devices/e1000/1/LUN#0/] (level 4)
00:00:00.070519   Driver <string>  = "UDPTunnel" (cb=10)
00:00:00.070519 
00:00:00.070519 [/Devices/e1000/1/LUN#0/Config/] (level 5)
00:00:00.070519   dest  <string>  = "127.0.0.1" (cb=10)
00:00:00.070519   dport <string>  = "10007" (cb=6)
00:00:00.070520   sport <string>  = "10006" (cb=6)
00:00:00.070520 
00:00:00.070520 [/Devices/e1000/1/LUN#999/] (level 4)
00:00:00.070520   Driver <string>  = "MainStatus" (cb=11)
00:00:00.070521 
00:00:00.070521 [/Devices/e1000/1/LUN#999/Config/] (level 5)
00:00:00.070521   First                <integer> = 0x0000000000000000 (0)
00:00:00.070521   HasMediumAttachments <integer> = 0x0000000000000000 (0)
00:00:00.070522   Last                 <integer> = 0x0000000000000000 (0)
00:00:00.070522   iLedSet              <integer> = 0x0000000000000005 (5)
00:00:00.070522 
00:00:00.070522 [/Devices/e1000/2/] (level 3)
00:00:00.070523   PCIBusNo      <integer> = 0x0000000000000000 (0)
00:00:00.070523   PCIDeviceNo   <integer> = 0x0000000000000009 (9)
00:00:00.070523   PCIFunctionNo <integer> = 0x0000000000000000 (0)
00:00:00.070523   Trusted       <integer> = 0x0000000000000001 (1)
00:00:00.070524 
00:00:00.070524 [/Devices/e1000/2/Config/] (level 4)
00:00:00.070524   AdapterType    <integer> = 0x0000000000000000 (0)
00:00:00.070525   CableConnected <integer> = 0x0000000000000000 (0)
00:00:00.070525   LineSpeed      <integer> = 0x0000000000000000 (0)
00:00:00.070525   MAC            <bytes>   = "08 00 27 09 75 7c" (cb=6)
00:00:00.070525 
00:00:00.070526 [/Devices/e1000/2/LUN#0/] (level 4)
00:00:00.070526   Driver <string>  = "UDPTunnel" (cb=10)
00:00:00.070526 
00:00:00.070526 [/Devices/e1000/2/LUN#0/Config/] (level 5)
00:00:00.070527   dest  <string>  = "127.0.0.1" (cb=10)
00:00:00.070527   dport <string>  = "10013" (cb=6)
00:00:00.070527   sport <string>  = "10012" (cb=6)
00:00:00.070527 
00:00:00.070527 [/Devices/e1000/2/LUN#999/] (level 4)
00:00:00.070528   Driver <string>  = "MainStatus" (cb=11)
00:00:00.070528 
00:00:00.070528 [/Devices/e1000/2/LUN#999/Config/] (level 5)
00:00:00.070528   First                <integer> = 0x0000000000000000 (0)
00:00:00.070529   HasMediumAttachments <integer> = 0x0000000000000000 (0)
00:00:00.070529   Last                 <integer> = 0x0000000000000000 (0)
00:00:00.070529   iLedSet              <integer> = 0x0000000000000006 (6)
00:00:00.070530 
00:00:00.070530 [/Devices/e1000/3/] (level 3)
00:00:00.070530   PCIBusNo      <integer> = 0x0000000000000000 (0)
00:00:00.070530   PCIDeviceNo   <integer> = 0x000000000000000a (10)
00:00:00.070531   PCIFunctionNo <integer> = 0x0000000000000000 (0)
00:00:00.070531   Trusted       <integer> = 0x0000000000000001 (1)
00:00:00.070531 
00:00:00.070531 [/Devices/e1000/3/Config/] (level 4)
00:00:00.070532   AdapterType    <integer> = 0x0000000000000000 (0)
00:00:00.070532   CableConnected <integer> = 0x0000000000000000 (0)
00:00:00.070532   LineSpeed      <integer> = 0x0000000000000000 (0)
00:00:00.070532   MAC            <bytes>   = "08 00 27 dd fb 08" (cb=6)
00:00:00.070533 
00:00:00.070533 [/Devices/e1000/3/LUN#0/] (level 4)
00:00:00.070533   Driver <string>  = "UDPTunnel" (cb=10)
00:00:00.070534 
00:00:00.070534 [/Devices/e1000/3/LUN#0/Config/] (level 5)
00:00:00.070534   dest  <string>  = "127.0.0.1" (cb=10)
00:00:00.070534   dport <string>  = "10019" (cb=6)
00:00:00.070534   sport <string>  = "10018" (cb=6)
00:00:00.070535 
00:00:00.070535 [/Devices/e1000/3/LUN#999/] (level 4)
00:00:00.070535   Driver <string>  = "MainStatus" (cb=11)
00:00:00.070535 
00:00:00.070535 [/Devices/e1000/3/LUN#999/Config/] (level 5)
00:00:00.070536   First                <integer> = 0x0000000000000000 (0)
00:00:00.070536   HasMediumAttachments <integer> = 0x0000000000000000 (0)
00:00:00.070536   Last                 <integer> = 0x0000000000000000 (0)
00:00:00.070537   iLedSet              <integer> = 0x0000000000000007 (7)
00:00:00.070537 
00:00:00.070537 [/Devices/i8254/] (level 2)
00:00:00.070537 
00:00:00.070538 [/Devices/i8254/0/] (level 3)
00:00:00.070538 
00:00:00.070538 [/Devices/i8254/0/Config/] (level 4)
00:00:00.070538 
00:00:00.070539 [/Devices/i8259/] (level 2)
00:00:00.070539 
00:00:00.070539 [/Devices/i8259/0/] (level 3)
00:00:00.070539   Trusted <integer> = 0x0000000000000001 (1)
00:00:00.070540 
00:00:00.070540 [/Devices/i8259/0/Config/] (level 4)
00:00:00.070540 
00:00:00.070540 [/Devices/ichac97/] (level 2)
00:00:00.070541 
00:00:00.070541 [/Devices/ichac97/0/] (level 3)
00:00:00.070541   PCIBusNo      <integer> = 0x0000000000000000 (0)
00:00:00.070541   PCIDeviceNo   <integer> = 0x0000000000000005 (5)
00:00:00.070541   PCIFunctionNo <integer> = 0x0000000000000000 (0)
00:00:00.070542   Trusted       <integer> = 0x0000000000000001 (1)
00:00:00.070542 
00:00:00.070542 [/Devices/ichac97/0/AudioConfig/] (level 4)
00:00:00.070543 
00:00:00.070543 [/Devices/ichac97/0/Config/] (level 4)
00:00:00.070543   Codec        <string>  = "AD1980" (cb=7)
00:00:00.070543   DebugEnabled <integer> = 0x0000000000000000 (0)
00:00:00.070544 
00:00:00.070544 [/Devices/ichac97/0/LUN#0/] (level 4)
00:00:00.070544   Driver <string>  = "AUDIO" (cb=6)
00:00:00.070544 
00:00:00.070544 [/Devices/ichac97/0/LUN#0/AttachedDriver/] (level 5)
00:00:00.070545   Driver <string>  = "ALSAAudio" (cb=10)
00:00:00.070545 
00:00:00.070545 [/Devices/ichac97/0/LUN#0/AttachedDriver/Config/] (level 6)
00:00:00.070546 
00:00:00.070546 [/Devices/ichac97/0/LUN#0/Config/] (level 5)
00:00:00.070546   DriverName    <string>  = "ALSAAudio" (cb=10)
00:00:00.070546   InputEnabled  <integer> = 0x0000000000000000 (0)
00:00:00.070547   OutputEnabled <integer> = 0x0000000000000001 (1)
00:00:00.070547 
00:00:00.070547 [/Devices/ichac97/0/LUN#1/] (level 4)
00:00:00.070547   Driver <string>  = "AUDIO" (cb=6)
00:00:00.070548 
00:00:00.070548 [/Devices/ioapic/] (level 2)
00:00:00.070548 
00:00:00.070548 [/Devices/ioapic/0/] (level 3)
00:00:00.070549   Trusted <integer> = 0x0000000000000001 (1)
00:00:00.070549 
00:00:00.070549 [/Devices/ioapic/0/Config/] (level 4)
00:00:00.070549   NumCPUs <integer> = 0x0000000000000002 (2)
00:00:00.070549 
00:00:00.070550 [/Devices/mc146818/] (level 2)
00:00:00.070550 
00:00:00.070550 [/Devices/mc146818/0/] (level 3)
00:00:00.070550 
00:00:00.070550 [/Devices/mc146818/0/Config/] (level 4)
00:00:00.070551   UseUTC <integer> = 0x0000000000000001 (1)
00:00:00.070551 
00:00:00.070551 [/Devices/parallel/] (level 2)
00:00:00.070551 
00:00:00.070552 [/Devices/pcarch/] (level 2)
00:00:00.070552 
00:00:00.070552 [/Devices/pcarch/0/] (level 3)
00:00:00.070552   Trusted <integer> = 0x0000000000000001 (1)
00:00:00.070553 
00:00:00.070553 [/Devices/pcarch/0/Config/] (level 4)
00:00:00.070553 
00:00:00.070553 [/Devices/pcbios/] (level 2)
00:00:00.070553 
00:00:00.070554 [/Devices/pcbios/0/] (level 3)
00:00:00.070554   Trusted <integer> = 0x0000000000000001 (1)
00:00:00.070554 
00:00:00.070554 [/Devices/pcbios/0/Config/] (level 4)
00:00:00.070555   APIC           <integer> = 0x0000000000000001 (1)
00:00:00.070555   BootDevice0    <string>  = "FLOPPY" (cb=7)
00:00:00.070556   BootDevice1    <string>  = "DVD" (cb=4)
00:00:00.070556   BootDevice2    <string>  = "IDE" (cb=4)
00:00:00.070556   BootDevice3    <string>  = "NONE" (cb=5)
00:00:00.070556   FloppyDevice   <string>  = "i82078" (cb=7)
00:00:00.070556   HardDiskDevice <string>  = "piix3ide" (cb=9)
00:00:00.070557   IOAPIC         <integer> = 0x0000000000000001 (1)
00:00:00.070557   McfgBase       <integer> = 0x0000000000000000 (0)
00:00:00.070557   McfgLength     <integer> = 0x0000000000000000 (0)
00:00:00.070557   NumCPUs        <integer> = 0x0000000000000002 (2)
00:00:00.070558   PXEDebug       <integer> = 0x0000000000000000 (0)
00:00:00.070558   UUID           <bytes>   = "7e fb 48 55 f3 0c e6 41 96 a8 2f 59 49 1f 8a c4" (cb=16)
00:00:00.070559   UuidLe         <integer> = 0x0000000000000001 (1)
00:00:00.070559 
00:00:00.070559 [/Devices/pcbios/0/Config/NetBoot/] (level 5)
00:00:00.070560 
00:00:00.070560 [/Devices/pcbios/0/Config/NetBoot/0/] (level 6)
00:00:00.070560   NIC           <integer> = 0x0000000000000000 (0)
00:00:00.070561   PCIBusNo      <integer> = 0x0000000000000000 (0)
00:00:00.070561   PCIDeviceNo   <integer> = 0x0000000000000003 (3)
00:00:00.070561   PCIFunctionNo <integer> = 0x0000000000000000 (0)
00:00:00.070561 
00:00:00.070561 [/Devices/pci/] (level 2)
00:00:00.070562 
00:00:00.070562 [/Devices/pci/0/] (level 3)
00:00:00.070562   Trusted <integer> = 0x0000000000000001 (1)
00:00:00.070562 
00:00:00.070563 [/Devices/pci/0/Config/] (level 4)
00:00:00.070563   IOAPIC <integer> = 0x0000000000000001 (1)
00:00:00.070563 
00:00:00.070563 [/Devices/pcibridge/] (level 2)
00:00:00.070564 
00:00:00.070564 [/Devices/pckbd/] (level 2)
00:00:00.070564 
00:00:00.070564 [/Devices/pckbd/0/] (level 3)
00:00:00.070565   Trusted <integer> = 0x0000000000000001 (1)
00:00:00.070565 
00:00:00.070565 [/Devices/pckbd/0/Config/] (level 4)
00:00:00.070565 
00:00:00.070565 [/Devices/pckbd/0/LUN#0/] (level 4)
00:00:00.070566   Driver <string>  = "KeyboardQueue" (cb=14)
00:00:00.070566 
00:00:00.070566 [/Devices/pckbd/0/LUN#0/AttachedDriver/] (level 5)
00:00:00.070567   Driver <string>  = "MainKeyboard" (cb=13)
00:00:00.070567 
00:00:00.070567 [/Devices/pckbd/0/LUN#0/Config/] (level 5)
00:00:00.070567   QueueSize <integer> = 0x0000000000000040 (64, 64 B)
00:00:00.070568 
00:00:00.070568 [/Devices/pckbd/0/LUN#1/] (level 4)
00:00:00.070568   Driver <string>  = "MouseQueue" (cb=11)
00:00:00.070568 
00:00:00.070569 [/Devices/pckbd/0/LUN#1/AttachedDriver/] (level 5)
00:00:00.070569   Driver <string>  = "MainMouse" (cb=10)
00:00:00.070569 
00:00:00.070569 [/Devices/pckbd/0/LUN#1/Config/] (level 5)
00:00:00.070570   QueueSize <integer> = 0x0000000000000080 (128, 128 B)
00:00:00.070570 
00:00:00.070570 [/Devices/pcnet/] (level 2)
00:00:00.070571 
00:00:00.070571 [/Devices/piix3ide/] (level 2)
00:00:00.070571 
00:00:00.070571 [/Devices/piix3ide/0/] (level 3)
00:00:00.070572   PCIBusNo      <integer> = 0x0000000000000000 (0)
00:00:00.070572   PCIDeviceNo   <integer> = 0x0000000000000001 (1)
00:00:00.070572   PCIFunctionNo <integer> = 0x0000000000000001 (1)
00:00:00.070572   Trusted       <integer> = 0x0000000000000001 (1)
00:00:00.070573 
00:00:00.070573 [/Devices/piix3ide/0/Config/] (level 4)
00:00:00.070573   Type <string>  = "PIIX4" (cb=6)
00:00:00.070573 
00:00:00.070573 [/Devices/piix3ide/0/LUN#0/] (level 4)
00:00:00.070574   Driver <string>  = "VD" (cb=3)
00:00:00.070574 
00:00:00.070574 [/Devices/piix3ide/0/LUN#0/Config/] (level 5)
00:00:00.070575   EmptyDrive <integer> = 0x0000000000000001 (1)
00:00:00.070575   Mountable  <integer> = 0x0000000000000001 (1)
00:00:00.070575   Type       <string>  = "DVD" (cb=4)
00:00:00.070575 
00:00:00.070575 [/Devices/piix3ide/0/LUN#2/] (level 4)
00:00:00.070576   Driver <string>  = "VD" (cb=3)
00:00:00.070576 
00:00:00.070576 [/Devices/piix3ide/0/LUN#2/Config/] (level 5)
00:00:00.070577   Format    <string>  = "VDI" (cb=4)
00:00:00.070577   Mountable <integer> = 0x0000000000000000 (0)
00:00:00.070577   Path      <string>  = "/home/exeruvim/GNS3/projects/lab5/project-files/virtualbox/3d7e3235-5800-46ce-8c31-c3a0bf4cc674/ISP/Snapshots/{9b147968-dfeb-46a0-8dac-7588e14e7eaa}.vdi" (cb=153)
00:00:00.070578   Type      <string>  = "HardDisk" (cb=9)
00:00:00.070578 
00:00:00.070578 [/Devices/piix3ide/0/LUN#2/Config/Parent/] (level 6)
00:00:00.070579   Format <string>  = "VDI" (cb=4)
00:00:00.070579   Path   <string>  = "/home/exeruvim/GNS3/projects/lab5/project-files/virtualbox/3d7e3235-5800-46ce-8c31-c3a0bf4cc674/ISP/Snapshots/{a9641df4-4381-4209-bc5f-37595b9a7614}.vdi" (cb=153)
00:00:00.070579 
00:00:00.070579 [/Devices/piix3ide/0/LUN#2/Config/Parent/Parent/] (level 7)
00:00:00.070580   Format <string>  = "VDI" (cb=4)
00:00:00.070580   Path   <string>  = "/home/exeruvim/VirtualBox VMs/v-ESR-Router/v-ESR-Router.vdi" (cb=60)
00:00:00.070581 
00:00:00.070581 [/Devices/piix3ide/0/LUN#2/Config/Parent/Parent/VDConfig/] (level 8)
00:00:00.070581   AllocationBlockSize <string>  = "1048576" (cb=8)
00:00:00.070582 
00:00:00.070582 [/Devices/piix3ide/0/LUN#2/Config/Parent/VDConfig/] (level 7)
00:00:00.070582   AllocationBlockSize <string>  = "1048576" (cb=8)
00:00:00.070582 
00:00:00.070583 [/Devices/piix3ide/0/LUN#2/Config/VDConfig/] (level 6)
00:00:00.070583   AllocationBlockSize <string>  = "1048576" (cb=8)
00:00:00.070583 
00:00:00.070583 [/Devices/piix3ide/0/LUN#999/] (level 4)
00:00:00.070584   Driver <string>  = "MainStatus" (cb=11)
00:00:00.070584 
00:00:00.070584 [/Devices/piix3ide/0/LUN#999/Config/] (level 5)
00:00:00.070585   DeviceInstance       <string>  = "piix3ide/0" (cb=11)
00:00:00.070585   First                <integer> = 0x0000000000000000 (0)
00:00:00.070585   HasMediumAttachments <integer> = 0x0000000000000001 (1)
00:00:00.070586   Last                 <integer> = 0x0000000000000003 (3)
00:00:00.070586   iLedSet              <integer> = 0x0000000000000003 (3)
00:00:00.070586 
00:00:00.070586 [/Devices/serial/] (level 2)
00:00:00.070587 
00:00:00.070587 [/Devices/serial/0/] (level 3)
00:00:00.070587   Trusted <integer> = 0x0000000000000001 (1)
00:00:00.070587 
00:00:00.070588 [/Devices/serial/0/Config/] (level 4)
00:00:00.070588   IOBase   <integer> = 0x00000000000003f8 (1 016)
00:00:00.070588   IRQ      <integer> = 0x0000000000000004 (4)
00:00:00.070589   UartType <string>  = "16550A" (cb=7)
00:00:00.070589 
00:00:00.070589 [/Devices/serial/0/LUN#0/] (level 4)
00:00:00.070589   Driver <string>  = "Char" (cb=5)
00:00:00.070590 
00:00:00.070590 [/Devices/serial/0/LUN#0/AttachedDriver/] (level 5)
00:00:00.070590   Driver <string>  = "NamedPipe" (cb=10)
00:00:00.070590 
00:00:00.070590 [/Devices/serial/0/LUN#0/AttachedDriver/Config/] (level 6)
00:00:00.070591   IsServer <integer> = 0x0000000000000001 (1)
00:00:00.070591   Location <string>  = "/tmp/gns3_vbox/3d7e3235-5800-46ce-8c31-c3a0bf4cc674" (cb=52)
00:00:00.070591 
00:00:00.070592 [/Devices/usb-ehci/] (level 2)
00:00:00.070592 
00:00:00.070592 [/Devices/usb-ehci/0/] (level 3)
00:00:00.070593   PCIBusNo      <integer> = 0x0000000000000000 (0)
00:00:00.070593   PCIDeviceNo   <integer> = 0x000000000000000b (11)
00:00:00.070593   PCIFunctionNo <integer> = 0x0000000000000000 (0)
00:00:00.070593   Trusted       <integer> = 0x0000000000000001 (1)
00:00:00.070594 
00:00:00.070594 [/Devices/usb-ehci/0/Config/] (level 4)
00:00:00.070594 
00:00:00.070594 [/Devices/usb-ehci/0/LUN#0/] (level 4)
00:00:00.070595   Driver <string>  = "VUSBRootHub" (cb=12)
00:00:00.070595 
00:00:00.070595 [/Devices/usb-ehci/0/LUN#0/Config/] (level 5)
00:00:00.070595 
00:00:00.070596 [/Devices/usb-ehci/0/LUN#999/] (level 4)
00:00:00.070596   Driver <string>  = "MainStatus" (cb=11)
00:00:00.070596 
00:00:00.070596 [/Devices/usb-ehci/0/LUN#999/Config/] (level 5)
00:00:00.070597   First                <integer> = 0x0000000000000000 (0)
00:00:00.070597   HasMediumAttachments <integer> = 0x0000000000000000 (0)
00:00:00.070597   Last                 <integer> = 0x0000000000000000 (0)
00:00:00.070598   iLedSet              <integer> = 0x0000000000000002 (2)
00:00:00.070598 
00:00:00.070598 [/Devices/usb-ohci/] (level 2)
00:00:00.070598 
00:00:00.070598 [/Devices/usb-ohci/0/] (level 3)
00:00:00.070599   PCIBusNo      <integer> = 0x0000000000000000 (0)
00:00:00.070599   PCIDeviceNo   <integer> = 0x0000000000000006 (6)
00:00:00.070599   PCIFunctionNo <integer> = 0x0000000000000000 (0)
00:00:00.070600   Trusted       <integer> = 0x0000000000000001 (1)
00:00:00.070600 
00:00:00.070600 [/Devices/usb-ohci/0/Config/] (level 4)
00:00:00.070600 
00:00:00.070600 [/Devices/usb-ohci/0/LUN#0/] (level 4)
00:00:00.070601   Driver <string>  = "VUSBRootHub" (cb=12)
00:00:00.070601 
00:00:00.070601 [/Devices/usb-ohci/0/LUN#0/Config/] (level 5)
00:00:00.070602 
00:00:00.070602 [/Devices/usb-ohci/0/LUN#999/] (level 4)
00:00:00.070602   Driver <string>  = "MainStatus" (cb=11)
00:00:00.070602 
00:00:00.070602 [/Devices/usb-ohci/0/LUN#999/Config/] (level 5)
00:00:00.070603   First                <integer> = 0x0000000000000000 (0)
00:00:00.070603   HasMediumAttachments <integer> = 0x0000000000000000 (0)
00:00:00.070603   Last                 <integer> = 0x0000000000000000 (0)
00:00:00.070604   iLedSet              <integer> = 0x0000000000000001 (1)
00:00:00.070604 
00:00:00.070604 [/Devices/vga/] (level 2)
00:00:00.070604 
00:00:00.070604 [/Devices/vga/0/] (level 3)
00:00:00.070605   PCIBusNo      <integer> = 0x0000000000000000 (0)
00:00:00.070606   PCIDeviceNo   <integer> = 0x0000000000000002 (2)
00:00:00.070606   PCIFunctionNo <integer> = 0x0000000000000000 (0)
00:00:00.070606   Trusted       <integer> = 0x0000000000000001 (1)
00:00:00.070607 
00:00:00.070607 [/Devices/vga/0/Config/] (level 4)
00:00:00.070608   3DEnabled          <integer> = 0x0000000000000000 (0)
00:00:00.070608   CustomVideoModes   <integer> = 0x0000000000000000 (0)
00:00:00.070608   FadeIn             <integer> = 0x0000000000000001 (1)
00:00:00.070609   FadeOut            <integer> = 0x0000000000000001 (1)
00:00:00.070609   HeightReduction    <integer> = 0x0000000000000000 (0)
00:00:00.070609   LogoFile           <string>  = "" (cb=1)
00:00:00.070610   LogoTime           <integer> = 0x0000000000000000 (0)
00:00:00.070610   MonitorCount       <integer> = 0x0000000000000001 (1)
00:00:00.070610   ShowBootMenu       <integer> = 0x0000000000000002 (2)
00:00:00.070610   VMSVGA3dEnabled    <integer> = 0x0000000000000000 (0)
00:00:00.070611   VMSVGAEnabled      <integer> = 0x0000000000000001 (1)
00:00:00.070611   VMSVGAPciBarLayout <integer> = 0x0000000000000001 (1)
00:00:00.070611   VMSVGAPciId        <integer> = 0x0000000000000001 (1)
00:00:00.070612   VRamSize           <integer> = 0x0000000001000000 (16 777 216, 16.0 MiB)
00:00:00.070612 
00:00:00.070612 [/Devices/vga/0/LUN#0/] (level 4)
00:00:00.070613   Driver <string>  = "MainDisplay" (cb=12)
00:00:00.070613 
00:00:00.070613 [/Devices/vga/0/LUN#0/Config/] (level 5)
00:00:00.070614 
00:00:00.070614 [/Devices/vga/0/LUN#999/] (level 4)
00:00:00.070614   Driver <string>  = "MainStatus" (cb=11)
00:00:00.070614 
00:00:00.070614 [/Devices/vga/0/LUN#999/Config/] (level 5)
00:00:00.070615   First                <integer> = 0x0000000000000000 (0)
00:00:00.070615   HasMediumAttachments <integer> = 0x0000000000000000 (0)
00:00:00.070615   Last                 <integer> = 0x0000000000000000 (0)
00:00:00.070616   iLedSet              <integer> = 0x0000000000000000 (0)
00:00:00.070616 
00:00:00.070616 [/Devices/virtio-net/] (level 2)
00:00:00.070616 
00:00:00.070617 [/EM/] (level 1)
00:00:00.070617   TripleFaultReset <integer> = 0x0000000000000000 (0)
00:00:00.070617 
00:00:00.070617 [/GCM/] (level 1)
00:00:00.070618   FixerSet <integer> = 0x0000000000000000 (0)
00:00:00.070618 
00:00:00.070618 [/GIM/] (level 1)
00:00:00.070618   Provider <string>  = "None" (cb=5)
00:00:00.070618 
00:00:00.070618 [/HM/] (level 1)
00:00:00.070619   64bitEnabled            <integer> = 0x0000000000000001 (1)
00:00:00.070620   EnableLargePages        <integer> = 0x0000000000000001 (1)
00:00:00.070620   EnableNestedPaging      <integer> = 0x0000000000000001 (1)
00:00:00.070620   EnableUX                <integer> = 0x0000000000000001 (1)
00:00:00.070620   EnableVPID              <integer> = 0x0000000000000001 (1)
00:00:00.070621   Exclusive               <integer> = 0x0000000000000001 (1)
00:00:00.070621   HMForced                <integer> = 0x0000000000000001 (1)
00:00:00.070621   IBPBOnVMEntry           <integer> = 0x0000000000000000 (0)
00:00:00.070622   IBPBOnVMExit            <integer> = 0x0000000000000000 (0)
00:00:00.070622   L1DFlushOnSched         <integer> = 0x0000000000000001 (1)
00:00:00.070622   L1DFlushOnVMEntry       <integer> = 0x0000000000000000 (0)
00:00:00.070623   LovelyMesaDrvWorkaround <integer> = 0x0000000000000001 (1)
00:00:00.070623   MDSClearOnSched         <integer> = 0x0000000000000001 (1)
00:00:00.070623   MDSClearOnVMEntry       <integer> = 0x0000000000000000 (0)
00:00:00.070624   SpecCtrlByHost          <integer> = 0x0000000000000000 (0)
00:00:00.070624   SvmVirtVmsaveVmload     <integer> = 0x0000000000000001 (1)
00:00:00.070624   UseNEMInstead           <integer> = 0x0000000000000000 (0)
00:00:00.070625 
00:00:00.070625 [/MM/] (level 1)
00:00:00.070625   CanUseLargerHeap <integer> = 0x0000000000000000 (0)
00:00:00.070625 
00:00:00.070625 [/NEM/] (level 1)
00:00:00.070625   Allow64BitGuests        <integer> = 0x0000000000000001 (1)
00:00:00.070626   LovelyMesaDrvWorkaround <integer> = 0x0000000000000001 (1)
00:00:00.070626 
00:00:00.070626 [/PDM/] (level 1)
00:00:00.070626 
00:00:00.070626 [/PDM/AsyncCompletion/] (level 2)
00:00:00.070627 
00:00:00.070627 [/PDM/AsyncCompletion/File/] (level 3)
00:00:00.070627 
00:00:00.070627 [/PDM/AsyncCompletion/File/BwGroups/] (level 4)
00:00:00.070628 
00:00:00.070628 [/PDM/BlkCache/] (level 2)
00:00:00.070628   CacheSize <integer> = 0x0000000000500000 (5 242 880, 5.0 MiB)
00:00:00.070629 
00:00:00.070629 [/PDM/Devices/] (level 2)
00:00:00.070629 
00:00:00.070629 [/PDM/Drivers/] (level 2)
00:00:00.070629 
00:00:00.070630 [/PDM/Drivers/VBoxC/] (level 3)
00:00:00.070630   Path <string>  = "/usr/lib/virtualbox/components/VBoxC" (cb=37)
00:00:00.070630 
00:00:00.070630 [/PDM/NetworkShaper/] (level 2)
00:00:00.070631 
00:00:00.070631 [/PDM/NetworkShaper/BwGroups/] (level 3)
00:00:00.070631 
00:00:00.070631 [/TM/] (level 1)
00:00:00.070632   UTCOffset <integer> = 0x0000000000000000 (0)
00:00:00.070632 
00:00:00.070632 [/USB/] (level 1)
00:00:00.070632 
00:00:00.070632 [/USB/USBProxy/] (level 2)
00:00:00.070633 
00:00:00.070633 [/USB/USBProxy/GlobalConfig/] (level 3)
00:00:00.070633 
00:00:00.070633 ********************* End of CFGM dump **********************
00:00:00.070693 HM: HMR3Init: AMD-V w/ nested paging
00:00:00.070734 CPUM: fXStateHostMask=0x7; initial: 0x7; host XCR0=0x207
00:00:00.071235 CPUM: Matched host CPU AMD 0x19/0x21/0x0 AMD_Unknown with CPU DB entry 'AMD Ryzen 7 1800X Eight-Core' (AMD 0x17/0x1/0x1 AMD_Zen_Ryzen)
00:00:00.071525 CPUM: MXCSR_MASK=0x2ffff (host: 0x2ffff)
00:00:00.071533 CPUM: Microcode revision 0x0A201016
00:00:00.071538 CPUM: Changing leaf 13[0]: EBX=0x988 -> 0x340, ECX=0x988 -> 0x340
00:00:00.071546 CPUM: MSR fudge: 0x00000001 IA32_P5_MC_TYPE
00:00:00.071549 CPUM: MSR fudge: 0x00000017 IA32_PLATFORM_ID
00:00:00.071561 CPUM: MSR fudge: 0x0000001b IA32_APIC_BASE
00:00:00.071565 CPUM: MSR fudge: 0x0000008b BIOS_SIGN
00:00:00.071568 CPUM: MSR fudge: 0x000000fe IA32_MTRRCAP
00:00:00.071571 CPUM: MSR fudge: 0x00000179 IA32_MCG_CAP
00:00:00.071574 CPUM: MSR fudge: 0x0000017a IA32_MCG_STATUS
00:00:00.071577 CPUM: MSR fudge: 0x000001a0 IA32_MISC_ENABLE
00:00:00.071587 CPUM: MSR fudge: 0x000001d9 IA32_DEBUGCTL
00:00:00.071590 CPUM: MSR fudge: 0x000001db P6_LAST_BRANCH_FROM_IP
00:00:00.071593 CPUM: MSR fudge: 0x000001dc P6_LAST_BRANCH_TO_IP
00:00:00.071597 CPUM: MSR fudge: 0x000001dd P6_LAST_INT_FROM_IP
00:00:00.071600 CPUM: MSR fudge: 0x000001de P6_LAST_INT_TO_IP
00:00:00.071603 CPUM: MSR fudge: 0x00000277 IA32_PAT
00:00:00.071606 CPUM: MSR fudge: 0x000002ff IA32_MTRR_DEF_TYPE
00:00:00.071615 CPUM: MSR fudge: 0x00000400 IA32_MCi_CTL_STATUS_ADDR_MISC
00:00:00.071626 CPUM: MSR fudge: 0x0000002c P4_EBC_FREQUENCY_ID
00:00:00.071637 CPUM: MSR fudge: 0xc0000103 AMD64_TSC_AUX
00:00:00.071683 CPUM: SetGuestCpuIdFeature: Enabled SYSENTER/EXIT
00:00:00.071687 CPUM: SetGuestCpuIdFeature: Enabled SYSCALL/RET
00:00:00.071690 CPUM: SetGuestCpuIdFeature: Enabled PAE
00:00:00.071693 CPUM: SetGuestCpuIdFeature: Enabled LAHF/SAHF
00:00:00.071696 CPUM: SetGuestCpuIdFeature: Enabled NX
00:00:00.071699 CPUM: SetGuestCpuIdFeature: Enabled LONG MODE
00:00:00.071702 CPUM: Set SSBD not required flag for AMD to work around some buggy Linux kernels!
00:00:00.071842 PGM: Host paging mode: AMD64+PGE+NX
00:00:00.071848 PGM: PGMPool: cMaxPages=2304 (u64MaxPages=2084)
00:00:00.071851 PGM: pgmR3PoolInit: cMaxPages=0x900 cMaxUsers=0x1200 cMaxPhysExts=0x1200 fCacheEnable=true
00:00:00.072189 PGM: /proc/sys/vm/max_map_count = 1048576 (rc2=VWRN_TRAILING_CHARS); cGuessNeeded=16384
00:00:00.075935 TM: GIP - u32Mode=3 (Invariant) u32UpdateHz=100 u32UpdateIntervalNS=10000000 enmUseTscDelta=2 (Practically Zero) fGetGipCpu=0x3b cCpus=32
00:00:00.075942 TM: GIP - u64CpuHz=3 694 527 574 (0xdc360456)  SUPGetCpuHzFromGip => 3 694 527 574
00:00:00.075946 TM: GIP - CPU: iCpuSet=0x0 idCpu=0x0 idApic=0x0 iGipCpu=0x9 i64TSCDelta=0 enmState=3 u64CpuHz=3692963151(*) cErrors=0
00:00:00.075950 TM: GIP - CPU: iCpuSet=0x1 idCpu=0x1 idApic=0x2 iGipCpu=0xa i64TSCDelta=0 enmState=3 u64CpuHz=3692963344(*) cErrors=0
00:00:00.075954 TM: GIP - CPU: iCpuSet=0x2 idCpu=0x2 idApic=0x4 iGipCpu=0x5 i64TSCDelta=0 enmState=3 u64CpuHz=3692963270(*) cErrors=0
00:00:00.075957 TM: GIP - CPU: iCpuSet=0x3 idCpu=0x3 idApic=0x6 iGipCpu=0x6 i64TSCDelta=0 enmState=3 u64CpuHz=3692963131(*) cErrors=0
00:00:00.075960 TM: GIP - CPU: iCpuSet=0x4 idCpu=0x4 idApic=0x8 iGipCpu=0x3 i64TSCDelta=0 enmState=3 u64CpuHz=3692962260(*) cErrors=0
00:00:00.075963 TM: GIP - CPU: iCpuSet=0x5 idCpu=0x5 idApic=0xa iGipCpu=0x1 i64TSCDelta=0 enmState=3 u64CpuHz=3692961222(*) cErrors=0
00:00:00.075966 TM: GIP - CPU: iCpuSet=0x6 idCpu=0x6 idApic=0x1 iGipCpu=0x8 i64TSCDelta=0 enmState=3 u64CpuHz=3692963254(*) cErrors=0
00:00:00.075970 TM: GIP - CPU: iCpuSet=0x7 idCpu=0x7 idApic=0x3 iGipCpu=0xb i64TSCDelta=0 enmState=3 u64CpuHz=3692963293(*) cErrors=0
00:00:00.075973 TM: GIP - CPU: iCpuSet=0x8 idCpu=0x8 idApic=0x5 iGipCpu=0x0 i64TSCDelta=0 enmState=3 u64CpuHz=3694527574(*) cErrors=0
00:00:00.075976 TM: GIP - CPU: iCpuSet=0x9 idCpu=0x9 idApic=0x7 iGipCpu=0x7 i64TSCDelta=0 enmState=3 u64CpuHz=3692963049(*) cErrors=0
00:00:00.075979 TM: GIP - CPU: iCpuSet=0xa idCpu=0xa idApic=0x9 iGipCpu=0x4 i64TSCDelta=0 enmState=3 u64CpuHz=3692963161(*) cErrors=0
00:00:00.075990 TM: GIP - CPU: iCpuSet=0xb idCpu=0xb idApic=0xb iGipCpu=0x2 i64TSCDelta=0 enmState=3 u64CpuHz=3692955879(*) cErrors=0
00:00:00.076001 TM:     cTSCTicksPerSecond=3 694 527 574 (0xdc360456) enmTSCMode=1 (VirtTSCEmulated)
00:00:00.076002 TM: cTSCTicksPerSecondHost=3 694 527 574 (0xdc360456)
00:00:00.076002 TM: TSCTiedToExecution=false TSCNotTiedToHalt=false
00:00:00.076242 EMR3Init: fIemExecutesAll=false fGuruOnTripleFault=true
00:00:00.076368 IEM: TargetCpu=CURRENT, Microarch=AMD_Unknown aidxTargetCpuEflFlavour={2,0}
00:00:00.076468 GIM: Using provider 'None' (Implementation version: 0)
00:00:00.076474 GCM: Initialized (fixer bits: 0x0)
00:00:00.099892 AIOMgr: Default manager type is 'Async'
00:00:00.099902 AIOMgr: Default file backend is 'NonBuffered'
00:00:00.099940 BlkCache: Cache successfully initialized. Cache size is 5242880 bytes
00:00:00.099945 BlkCache: Cache commit interval is 10000 ms
00:00:00.099949 BlkCache: Cache commit threshold is 2621440 bytes
00:00:00.100636 PcBios: [SMP] BIOS with 2 CPUs
00:00:00.100652 PcBios: Using the 386+ BIOS image.
00:00:00.100674 PcBios: MPS table at 000e1300
00:00:00.101035 PcBios: fCheckShutdownStatusForSoftReset=true  fClearShutdownStatusOnHardReset=true
00:00:00.101420 SUP: seg #0: R   0x00000000 LB 0x0000a000
00:00:00.101426 SUP: seg #1: R X 0x0000a000 LB 0x0002c000
00:00:00.101429 SUP: seg #2: R   0x00036000 LB 0x0000e000
00:00:00.101432 SUP: seg #3: RW  0x00044000 LB 0x00008500
00:00:00.101504 SUP: Loaded VBoxDDR0.r0 (/usr/lib/virtualbox/VBoxDDR0.r0) at 0xXXXXXXXXXXXXXXXX - ModuleInit at XXXXXXXXXXXXXXXX and ModuleTerm at XXXXXXXXXXXXXXXX
00:00:00.101645 CPUM: SetGuestCpuIdFeature: Enabled xAPIC
00:00:00.102032 IOAPIC: Version=2.0 ChipType=ICH9
00:00:00.102066 PIT: mode=3 count=0x10000 (65536) - 18.20 Hz (ch=0)
00:00:00.102160 VMMDev: cbDefaultBudget: 1 073 741 824 (40000000)
00:00:00.103217 Shared Folders service loaded
00:00:00.103490 Guest Control service loaded
00:00:00.107096 VGA: Using the 386+ BIOS image.
00:00:00.108180 DrvVD: Flushes will be ignored
00:00:00.108189 DrvVD: Async flushes will be passed to the disk
00:00:00.108208 PIIX3 ATA: LUN#0: CD/DVD, total number of sectors 0, passthrough disabled
00:00:00.110243 PIIX3 ATA: LUN#1: no unit
00:00:00.110297 DrvVD: Flushes will be ignored
00:00:00.110301 DrvVD: Async flushes will be passed to the disk
00:00:00.110360 VD: VDInit finished with VINF_SUCCESS
00:00:00.110429 VD: Opening the disk took 122763 ns
00:00:00.110443 PIIX3 ATA: LUN#2: disk, PCHS=8322/16/63, total number of sectors 8388608
00:00:00.110520 PIIX3 ATA: LUN#3: no unit
00:00:00.110570 PIIX3 ATA: Ctl#0: finished processing RESET
00:00:00.110584 PIIX3 ATA: Ctl#1: finished processing RESET
00:00:00.110632 E1000#0: Chip=82540EM LinkUpDelay=5000ms EthernetCRC=on GSO=enabled Itr=disabled ItrRx=enabled TID=disabled R0=enabled RC=disabled
00:00:00.110706 UDPTunnel#0: sport=10000;dest=127.0.0.1;dport=10001
00:00:00.110825 E1000#1: Chip=82540EM LinkUpDelay=5000ms EthernetCRC=on GSO=enabled Itr=disabled ItrRx=enabled TID=disabled R0=enabled RC=disabled
00:00:00.110856 UDPTunnel#1: sport=10006;dest=127.0.0.1;dport=10007
00:00:00.110956 E1000#2: Chip=82540EM LinkUpDelay=5000ms EthernetCRC=on GSO=enabled Itr=disabled ItrRx=enabled TID=disabled R0=enabled RC=disabled
00:00:00.110984 UDPTunnel#2: sport=10012;dest=127.0.0.1;dport=10013
00:00:00.111078 E1000#3: Chip=82540EM LinkUpDelay=5000ms EthernetCRC=on GSO=enabled Itr=disabled ItrRx=enabled TID=disabled R0=enabled RC=disabled
00:00:00.111107 UDPTunnel#3: sport=10018;dest=127.0.0.1;dport=10019
00:00:00.111203 AC97: Using codec 'AD1980'
00:00:00.111242 Audio: Initializing ALSA driver
00:00:00.129478 Audio: Found 26 devices for driver 'ALSA'
00:00:00.129486 Audio: Device 'PipeWire Sound Server':
00:00:00.129486 Audio:   ID              = pipewire
00:00:00.129486 Audio:   Usage           = duplex
00:00:00.129486 Audio:   Flags           = NONE
00:00:00.129487 Audio:   Input channels  = 2
00:00:00.129487 Audio:   Output channels = 2
00:00:00.129500 Audio: Device 'Default ALSA Output (currently PipeWire Media Server)':
00:00:00.129500 Audio:   ID              = default
00:00:00.129500 Audio:   Usage           = duplex
00:00:00.129500 Audio:   Flags           = NONE
00:00:00.129500 Audio:   Input channels  = 2
00:00:00.129500 Audio:   Output channels = 2
00:00:00.129503 Audio: Device 'HDMI Audio Output (HDA NVidia, Q27G2G3R3B)':
00:00:00.129504 Audio:   ID              = hdmi:CARD=NVidia,DEV=0
00:00:00.129504 Audio:   Usage           = output
00:00:00.129504 Audio:   Flags           = NONE
00:00:00.129504 Audio:   Input channels  = 0
00:00:00.129504 Audio:   Output channels = 2
00:00:00.129507 Audio: Device 'HDMI Audio Output (HDA NVidia, Q27G2G3R3B)':
00:00:00.129507 Audio:   ID              = hdmi:CARD=NVidia,DEV=1
00:00:00.129507 Audio:   Usage           = output
00:00:00.129507 Audio:   Flags           = NONE
00:00:00.129508 Audio:   Input channels  = 0
00:00:00.129508 Audio:   Output channels = 2
00:00:00.129511 Audio: Device 'HDMI Audio Output (HDA NVidia, HDMI 2)':
00:00:00.129511 Audio:   ID              = hdmi:CARD=NVidia,DEV=2
00:00:00.129511 Audio:   Usage           = output
00:00:00.129511 Audio:   Flags           = NONE
00:00:00.129511 Audio:   Input channels  = 0
00:00:00.129511 Audio:   Output channels = 2
00:00:00.129514 Audio: Device 'HDMI Audio Output (HDA NVidia, HDMI 3)':
00:00:00.129514 Audio:   ID              = hdmi:CARD=NVidia,DEV=3
00:00:00.129514 Audio:   Usage           = output
00:00:00.129514 Audio:   Flags           = NONE
00:00:00.129515 Audio:   Input channels  = 0
00:00:00.129515 Audio:   Output channels = 2
00:00:00.129518 Audio: Device 'Default Audio Device (HD-Audio Generic, ALC1220 Analog)':
00:00:00.129518 Audio:   ID              = sysdefault:CARD=Generic
00:00:00.129518 Audio:   Usage           = duplex
00:00:00.129518 Audio:   Flags           = NONE
00:00:00.129518 Audio:   Input channels  = 2
00:00:00.129518 Audio:   Output channels = 2
00:00:00.129521 Audio: Device 'Front output / input (HD-Audio Generic, ALC1220 Analog)':
00:00:00.129521 Audio:   ID              = front:CARD=Generic,DEV=0
00:00:00.129521 Audio:   Usage           = duplex
00:00:00.129522 Audio:   Flags           = NONE
00:00:00.129522 Audio:   Input channels  = 2
00:00:00.129522 Audio:   Output channels = 2
00:00:00.129525 Audio: Device '2.1 Surround output to Front and Subwoofer speakers (HD-Audio Generic, ALC1220 Analog)':
00:00:00.129525 Audio:   ID              = surround21:CARD=Generic,DEV=0
00:00:00.129525 Audio:   Usage           = output
00:00:00.129525 Audio:   Flags           = NONE
00:00:00.129525 Audio:   Input channels  = 0
00:00:00.129525 Audio:   Output channels = 2
00:00:00.129528 Audio: Device '4.0 Surround output to Front and Rear speakers (HD-Audio Generic, ALC1220 Analog)':
00:00:00.129528 Audio:   ID              = surround40:CARD=Generic,DEV=0
00:00:00.129529 Audio:   Usage           = output
00:00:00.129529 Audio:   Flags           = NONE
00:00:00.129529 Audio:   Input channels  = 0
00:00:00.129529 Audio:   Output channels = 2
00:00:00.129532 Audio: Device '4.1 Surround output to Front, Rear and Subwoofer speakers (HD-Audio Generic, ALC1220 Analog)':
00:00:00.129532 Audio:   ID              = surround41:CARD=Generic,DEV=0
00:00:00.129532 Audio:   Usage           = output
00:00:00.129532 Audio:   Flags           = NONE
00:00:00.129532 Audio:   Input channels  = 0
00:00:00.129532 Audio:   Output channels = 2
00:00:00.129535 Audio: Device '5.0 Surround output to Front, Center and Rear speakers (HD-Audio Generic, ALC1220 Analog)':
00:00:00.129536 Audio:   ID              = surround50:CARD=Generic,DEV=0
00:00:00.129536 Audio:   Usage           = output
00:00:00.129536 Audio:   Flags           = NONE
00:00:00.129536 Audio:   Input channels  = 0
00:00:00.129536 Audio:   Output channels = 2
00:00:00.129539 Audio: Device '5.1 Surround output to Front, Center, Rear and Subwoofer speakers (HD-Audio Generic, ALC1220 Analog)':
00:00:00.129539 Audio:   ID              = surround51:CARD=Generic,DEV=0
00:00:00.129539 Audio:   Usage           = output
00:00:00.129539 Audio:   Flags           = NONE
00:00:00.129539 Audio:   Input channels  = 0
00:00:00.129540 Audio:   Output channels = 2
00:00:00.129547 Audio: Device '7.1 Surround output to Front, Center, Side, Rear and Woofer speakers (HD-Audio Generic, ALC1220 Analog)':
00:00:00.129547 Audio:   ID              = surround71:CARD=Generic,DEV=0
00:00:00.129547 Audio:   Usage           = output
00:00:00.129547 Audio:   Flags           = NONE
00:00:00.129547 Audio:   Input channels  = 0
00:00:00.129547 Audio:   Output channels = 2
00:00:00.129550 Audio: Device 'IEC958 (S/PDIF) Digital Audio Output (HD-Audio Generic, ALC1220 Digital)':
00:00:00.129550 Audio:   ID              = iec958:CARD=Generic,DEV=0
00:00:00.129551 Audio:   Usage           = output
00:00:00.129551 Audio:   Flags           = NONE
00:00:00.129551 Audio:   Input channels  = 0
00:00:00.129551 Audio:   Output channels = 2
00:00:00.129554 Audio: Device 'Default Audio Device (SABRE HiFi DAC MQA, USB Audio)':
00:00:00.129554 Audio:   ID              = sysdefault:CARD=MQA
00:00:00.129554 Audio:   Usage           = output
00:00:00.129554 Audio:   Flags           = NONE
00:00:00.129554 Audio:   Input channels  = 0
00:00:00.129555 Audio:   Output channels = 2
00:00:00.129557 Audio: Device 'Front output / input (SABRE HiFi DAC MQA, USB Audio)':
00:00:00.129558 Audio:   ID              = front:CARD=MQA,DEV=0
00:00:00.129558 Audio:   Usage           = output
00:00:00.129558 Audio:   Flags           = NONE
00:00:00.129558 Audio:   Input channels  = 0
00:00:00.129558 Audio:   Output channels = 2
00:00:00.129561 Audio: Device '2.1 Surround output to Front and Subwoofer speakers (SABRE HiFi DAC MQA, USB Audio)':
00:00:00.129561 Audio:   ID              = surround21:CARD=MQA,DEV=0
00:00:00.129561 Audio:   Usage           = output
00:00:00.129561 Audio:   Flags           = NONE
00:00:00.129561 Audio:   Input channels  = 0
00:00:00.129562 Audio:   Output channels = 2
00:00:00.129564 Audio: Device '4.0 Surround output to Front and Rear speakers (SABRE HiFi DAC MQA, USB Audio)':
00:00:00.129565 Audio:   ID              = surround40:CARD=MQA,DEV=0
00:00:00.129565 Audio:   Usage           = output
00:00:00.129565 Audio:   Flags           = NONE
00:00:00.129565 Audio:   Input channels  = 0
00:00:00.129565 Audio:   Output channels = 2
00:00:00.129568 Audio: Device '4.1 Surround output to Front, Rear and Subwoofer speakers (SABRE HiFi DAC MQA, USB Audio)':
00:00:00.129568 Audio:   ID              = surround41:CARD=MQA,DEV=0
00:00:00.129568 Audio:   Usage           = output
00:00:00.129568 Audio:   Flags           = NONE
00:00:00.129568 Audio:   Input channels  = 0
00:00:00.129569 Audio:   Output channels = 2
00:00:00.129571 Audio: Device '5.0 Surround output to Front, Center and Rear speakers (SABRE HiFi DAC MQA, USB Audio)':
00:00:00.129572 Audio:   ID              = surround50:CARD=MQA,DEV=0
00:00:00.129572 Audio:   Usage           = output
00:00:00.129572 Audio:   Flags           = NONE
00:00:00.129572 Audio:   Input channels  = 0
00:00:00.129572 Audio:   Output channels = 2
00:00:00.129575 Audio: Device '5.1 Surround output to Front, Center, Rear and Subwoofer speakers (SABRE HiFi DAC MQA, USB Audio)':
00:00:00.129575 Audio:   ID              = surround51:CARD=MQA,DEV=0
00:00:00.129575 Audio:   Usage           = output
00:00:00.129575 Audio:   Flags           = NONE
00:00:00.129575 Audio:   Input channels  = 0
00:00:00.129576 Audio:   Output channels = 2
00:00:00.129579 Audio: Device '7.1 Surround output to Front, Center, Side, Rear and Woofer speakers (SABRE HiFi DAC MQA, USB Audio)':
00:00:00.129579 Audio:   ID              = surround71:CARD=MQA,DEV=0
00:00:00.129579 Audio:   Usage           = output
00:00:00.129579 Audio:   Flags           = NONE
00:00:00.129579 Audio:   Input channels  = 0
00:00:00.129579 Audio:   Output channels = 2
00:00:00.129582 Audio: Device 'IEC958 (S/PDIF) Digital Audio Output (SABRE HiFi DAC MQA, USB Audio)':
00:00:00.129582 Audio:   ID              = iec958:CARD=MQA,DEV=0
00:00:00.129582 Audio:   Usage           = output
00:00:00.129582 Audio:   Flags           = NONE
00:00:00.129583 Audio:   Input channels  = 0
00:00:00.129583 Audio:   Output channels = 2
00:00:00.129591 Audio: Device 'Default Audio Device (USB PnP Audio Device, USB Audio)':
00:00:00.129592 Audio:   ID              = sysdefault:CARD=Device
00:00:00.129592 Audio:   Usage           = input
00:00:00.129592 Audio:   Flags           = NONE
00:00:00.129592 Audio:   Input channels  = 2
00:00:00.129592 Audio:   Output channels = 0
00:00:00.129595 Audio: Device 'Front output / input (USB PnP Audio Device, USB Audio)':
00:00:00.129595 Audio:   ID              = front:CARD=Device,DEV=0
00:00:00.129595 Audio:   Usage           = input
00:00:00.129595 Audio:   Flags           = NONE
00:00:00.129596 Audio:   Input channels  = 2
00:00:00.129596 Audio:   Output channels = 0
00:00:00.129702 AC97: Reset
00:00:00.129706 AC97: Mixer reset (EAID=0x809, EACS=0x9)
00:00:00.129709 AC97: Record select to left=mic, right=mic
00:00:00.130051 Serial#0: emulating 16550A (IOBase: 03f8 IRQ: 4)
00:00:00.130136 NamedPipe: location /tmp/gns3_vbox/3d7e3235-5800-46ce-8c31-c3a0bf4cc674, server
00:00:00.130215 PGM: The CPU physical address width is 48 bits
00:00:00.130220 PGM: PGMR3InitFinalize: 4 MB PSE mask 0000ffffffffffff -> VINF_SUCCESS
00:00:00.130228 TM: TMR3InitFinalize: fTSCModeSwitchAllowed=false
00:00:00.130357 VMM: Enabled thread-context hooks
00:00:00.130362 VMM: RTThreadPreemptIsPending() can be trusted
00:00:00.130365 VMM: Kernel preemption is possible
00:00:00.130439 HM: fWorldSwitcher=0x0 (fIbpbOnVmExit=false fIbpbOnVmEntry=false fL1dFlushOnVmEntry=false); fL1dFlushOnSched=false fMdsClearOnVmEntry=false
00:00:00.130445 HM: Using AMD-V implementation 2.0
00:00:00.130445 HM: Max resume loops                  = 8192
00:00:00.130445 HM: AMD HWCR MSR                      = 0x189000011
00:00:00.130446 HM: AMD-V revision                    = 0x1
00:00:00.130446 HM: AMD-V max ASID                    = 32768
00:00:00.130446 HM: AMD-V features                    = 0x101bbcff
00:00:00.130447 HM:   NESTED_PAGING
00:00:00.130447 HM:   LBR_VIRT
00:00:00.130447 HM:   SVM_LOCK
00:00:00.130447 HM:   NRIP_SAVE
00:00:00.130447 HM:   TSC_RATE_MSR
00:00:00.130447 HM:   VMCB_CLEAN
00:00:00.130447 HM:   FLUSH_BY_ASID
00:00:00.130447 HM:   DECODE_ASSISTS
00:00:00.130448 HM:   PAUSE_FILTER
00:00:00.130448 HM:   PAUSE_FILTER_THRESHOLD
00:00:00.130448 HM:   AVIC
00:00:00.130448 HM:   VIRT_VMSAVE_VMLOAD
00:00:00.130448 HM:   VGIF
00:00:00.130448 HM:   GMET
00:00:00.130448 HM:   SSSCHECK
00:00:00.130448 HM:   SPEC_CTRL
00:00:00.130449 HM:   Reserved bit 11
00:00:00.130449 HM:   Reserved bit 28
00:00:00.130456 HM: Enabled SVM
00:00:00.130456 HM:   Enabled nested paging
00:00:00.130458 HM:   Enabled large page support
00:00:00.130459 HM: Disabled TPR patching
00:00:00.130460 HM: Guest support: 32-bit and 64-bit
00:00:00.130460 HM: VT-x/AMD-V init method: Global
00:00:00.130460 EM: Exit history optimizations: enabled=true enabled-r0=true enabled-r0-no-preemption=false
00:00:00.130469 PcBios: ATA LUN#2 LCHS=522/255/63
00:00:00.130476 APIC: fPostedIntrsEnabled=false fVirtApicRegsEnabled=false fSupportsTscDeadline=false
00:00:00.130481 TMR3UtcNow: nsNow=1 716 238 691 317 924 000 nsPrev=0 -> cNsDelta=1 716 238 691 317 924 000 (offLag=0 offVirtualSync=0 offVirtualSyncGivenUp=0, NowAgain=1 716 238 691 317 924 000)
00:00:00.130486 VMM: fUsePeriodicPreemptionTimers=true
00:00:00.130684 CPUM: Logical host processors: 12 present, 12 max, 12 online, online mask: 0000000000000fff
00:00:00.130864 CPUM: Physical host cores: 6
00:00:00.130864 ************************* CPUID dump ************************
00:00:00.130869          Raw Standard CPUID Leaves
00:00:00.130870      Leaf/sub-leaf  eax      ebx      ecx      edx
00:00:00.130870 Gst: 00000000/0000  00000010 68747541 444d4163 69746e65
00:00:00.130871 Hst:                00000010 68747541 444d4163 69746e65
00:00:00.130871 Gst: 00000001/0000  00a20f10 00020800 56d82203 178bfbff
00:00:00.130871 Hst:                00a20f10 060c0800 7ef8320b 178bfbff
00:00:00.130872 Gst: 00000002/0000  00000000 00000000 00000000 00000000
00:00:00.130872 Hst:                00000000 00000000 00000000 00000000
00:00:00.130872 Gst: 00000003/0000  00000000 00000000 00000000 00000000
00:00:00.130873 Hst:                00000000 00000000 00000000 00000000
00:00:00.130873 Gst: 00000004/0000  00000000 00000000 00000000 00000000
00:00:00.130873 Hst:                00000000 00000000 00000000 00000000
00:00:00.130873 Gst: 00000005/0000  00000000 00000000 00000000 00000000
00:00:00.130873 Hst:                00000040 00000040 00000003 00000011
00:00:00.130874 Gst: 00000006/0000  00000004 00000000 00000000 00000000
00:00:00.130874 Hst:                00000004 00000000 00000001 00000000
00:00:00.130874 Gst: 00000007/0000  00000000 00840529 00000000 00000000
00:00:00.130875 Hst:                00000000 219c97a9 0040069c 00000010
00:00:00.130875 Gst: 00000007/0001  00000000 00000000 00000000 00000000
00:00:00.130875 Hst:                00000000 00000000 00000000 00000000
00:00:00.130875 Gst: 00000008/0000  00000000 00000000 00000000 00000000
00:00:00.130883 Hst:                00000000 00000000 00000000 00000000
00:00:00.130884 Gst: 00000009/0000  00000000 00000000 00000000 00000000
00:00:00.130884 Hst:                00000000 00000000 00000000 00000000
00:00:00.130884 Gst: 0000000a/0000  00000000 00000000 00000000 00000000
00:00:00.130885 Hst:                00000000 00000000 00000000 00000000
00:00:00.130885 Gst: 0000000b/0000  00000000 00000001 00000100 00000000
00:00:00.130885 Hst:                00000001 00000002 00000100 00000006
00:00:00.130885 Gst: 0000000b/0001  00000001 00000002 00000201 00000000
00:00:00.130886 Hst:                00000004 0000000c 00000201 00000006
00:00:00.130886 Gst: 0000000b/0002  00000000 00000000 00000002 00000000
00:00:00.130886 Hst:                00000000 00000000 00000002 00000006
00:00:00.130886 Gst: 0000000c/0000  00000000 00000000 00000000 00000000
00:00:00.130887 Hst:                00000000 00000000 00000000 00000000
00:00:00.130887 Gst: 0000000d/0000  00000007 00000340 00000340 00000000
00:00:00.130887 Hst:                00000207 00000988 00000988 00000000
00:00:00.130887 Gst: 0000000d/0001  00000000 00000358 00000000 00000000
00:00:00.130888 Hst:                0000000f 00000358 00001800 00000000
00:00:00.130888 Gst: 0000000d/0002  00000100 00000240 00000000 00000000
00:00:00.130888 Hst:                00000100 00000240 00000000 00000000
00:00:00.130889 Gst: 0000000d/0003  00000000 00000000 00000000 00000000
00:00:00.130889 Hst:                00000000 00000000 00000000 00000000
00:00:00.130889 Gst: 0000000d/0004  00000000 00000000 00000000 00000000
00:00:00.130889 Hst:                00000000 00000000 00000000 00000000
00:00:00.130889 Gst: 0000000d/0005  00000000 00000000 00000000 00000000
00:00:00.130890 Hst:                00000000 00000000 00000000 00000000
00:00:00.130890 Gst: 0000000d/0006  00000000 00000000 00000000 00000000
00:00:00.130890 Hst:                00000000 00000000 00000000 00000000
00:00:00.130890 Gst: 0000000d/0007  00000000 00000000 00000000 00000000
00:00:00.130891 Hst:                00000000 00000000 00000000 00000000
00:00:00.130891 Gst: 0000000d/0008  00000000 00000000 00000000 00000000
00:00:00.130891 Hst:                00000000 00000000 00000000 00000000
00:00:00.130891 Gst: 0000000d/0009  00000000 00000000 00000000 00000000
00:00:00.130892 Hst:                00000008 00000980 00000000 00000000
00:00:00.130892 Gst: 0000000d/000a  00000000 00000000 00000000 00000000
00:00:00.130892 Hst:                00000000 00000000 00000000 00000000
00:00:00.130892 Gst: 0000000d/000b  00000000 00000000 00000000 00000000
00:00:00.130893 Hst:                00000010 00000000 00000001 00000000
00:00:00.130893 Gst: 0000000d/000c  00000000 00000000 00000000 00000000
00:00:00.130893 Hst:                00000018 00000000 00000001 00000000
00:00:00.130894 Gst: 0000000d/000d  00000000 00000000 00000000 00000000
00:00:00.130894 Hst:                00000000 00000000 00000000 00000000
00:00:00.130898 Gst: 0000000e/0000  00000000 00000000 00000000 00000000
00:00:00.130899 Hst:                00000000 00000000 00000000 00000000
00:00:00.130899 Gst: 0000000f/0000  00000000 00000000 00000000 00000000
00:00:00.130899 Hst:                00000000 000000ff 00000000 00000002
00:00:00.130899 Hst: 00000010/0000  00000000 00000002 00000000 00000000
00:00:00.130900                                Name: AuthenticAMD
00:00:00.130900                            Supports: 0x00000000-0x00000010
00:00:00.130901                              Family: 15 	Extended: 10 	Effective: 25
00:00:00.130902                               Model:  1 	Extended: 2 	Effective: 33
00:00:00.130902                            Stepping: 0
00:00:00.130902                                Type: 0 (primary)
00:00:00.130903                             APIC ID: 0x00
00:00:00.130903                        Logical CPUs: 2
00:00:00.130904                        CLFLUSH Size: 8
00:00:00.130904                            Brand ID: 0x00
00:00:00.130904 Features
00:00:00.130905   Mnemonic - Description                                  = guest (host)
00:00:00.130905   FPU - x87 FPU on Chip                                   = 1 (1)
00:00:00.130906   VME - Virtual 8086 Mode Enhancements                    = 1 (1)
00:00:00.130906   DE - Debugging extensions                               = 1 (1)
00:00:00.130907   PSE - Page Size Extension                               = 1 (1)
00:00:00.130907   TSC - Time Stamp Counter                                = 1 (1)
00:00:00.130908   MSR - Model Specific Registers                          = 1 (1)
00:00:00.130908   PAE - Physical Address Extension                        = 1 (1)
00:00:00.130908   MCE - Machine Check Exception                           = 1 (1)
00:00:00.130909   CX8 - CMPXCHG8B instruction                             = 1 (1)
00:00:00.130909   APIC - APIC On-Chip                                     = 1 (1)
00:00:00.130910   SEP - SYSENTER and SYSEXIT Present                      = 1 (1)
00:00:00.130910   MTRR - Memory Type Range Registers                      = 1 (1)
00:00:00.130910   PGE - PTE Global Bit                                    = 1 (1)
00:00:00.130911   MCA - Machine Check Architecture                        = 1 (1)
00:00:00.130911   CMOV - Conditional Move instructions                    = 1 (1)
00:00:00.130912   PAT - Page Attribute Table                              = 1 (1)
00:00:00.130912   PSE-36 - 36-bit Page Size Extension                     = 1 (1)
00:00:00.130912   PSN - Processor Serial Number                           = 0 (0)
00:00:00.130913   CLFSH - CLFLUSH instruction                             = 1 (1)
00:00:00.130913   DS - Debug Store                                        = 0 (0)
00:00:00.130914   ACPI - Thermal Mon. & Soft. Clock Ctrl.                 = 0 (0)
00:00:00.130914   MMX - Intel MMX Technology                              = 1 (1)
00:00:00.130915   FXSR - FXSAVE and FXRSTOR instructions                  = 1 (1)
00:00:00.130915   SSE - SSE support                                       = 1 (1)
00:00:00.130915   SSE2 - SSE2 support                                     = 1 (1)
00:00:00.130916   SS - Self Snoop                                         = 0 (0)
00:00:00.130916   HTT - Hyper-Threading Technology                        = 1 (1)
00:00:00.130917   TM - Therm. Monitor                                     = 0 (0)
00:00:00.130917   PBE - Pending Break Enabled                             = 0 (0)
00:00:00.130918   SSE3 - SSE3 support                                     = 1 (1)
00:00:00.130918   PCLMUL - PCLMULQDQ support (for AES-GCM)                = 1 (1)
00:00:00.130919   DTES64 - DS Area 64-bit Layout                          = 0 (0)
00:00:00.130919   MONITOR - MONITOR/MWAIT instructions                    = 0 (1)
00:00:00.130919   CPL-DS - CPL Qualified Debug Store                      = 0 (0)
00:00:00.130920   VMX - Virtual Machine Extensions                        = 0 (0)
00:00:00.130920   SMX - Safer Mode Extensions                             = 0 (0)
00:00:00.130921   EST - Enhanced SpeedStep Technology                     = 0 (0)
00:00:00.130921   TM2 - Terminal Monitor 2                                = 0 (0)
00:00:00.130921   SSSE3 - Supplemental Streaming SIMD Extensions 3        = 1 (1)
00:00:00.130922   CNTX-ID - L1 Context ID                                 = 0 (0)
00:00:00.130922   SDBG - Silicon Debug interface                          = 0 (0)
00:00:00.130923   FMA - Fused Multiply Add extensions                     = 0 (1)
00:00:00.130923   CX16 - CMPXCHG16B instruction                           = 1 (1)
00:00:00.130923   TPRUPDATE - xTPR Update Control                         = 0 (0)
00:00:00.130924   PDCM - Perf/Debug Capability MSR                        = 0 (0)
00:00:00.130924   PCID - Process Context Identifiers                      = 0 (0)
00:00:00.130924   DCA - Direct Cache Access                               = 0 (0)
00:00:00.130925   SSE4_1 - SSE4_1 support                                 = 1 (1)
00:00:00.130925   SSE4_2 - SSE4_2 support                                 = 1 (1)
00:00:00.130926   X2APIC - x2APIC support                                 = 0 (1)
00:00:00.130926   MOVBE - MOVBE instruction                               = 1 (1)
00:00:00.130927   POPCNT - POPCNT instruction                             = 1 (1)
00:00:00.130927   TSCDEADL - Time Stamp Counter Deadline                  = 0 (0)
00:00:00.130928   AES - AES instructions                                  = 1 (1)
00:00:00.130928   XSAVE - XSAVE instruction                               = 1 (1)
00:00:00.130928   OSXSAVE - OSXSAVE instruction                           = 0 (1)
00:00:00.130929   AVX - AVX support                                       = 1 (1)
00:00:00.130929   F16C - 16-bit floating point conversion instructions    = 0 (1)
00:00:00.130930   RDRAND - RDRAND instruction                             = 1 (1)
00:00:00.130930   HVP - Hypervisor Present (we're a guest)                = 0 (0)
00:00:00.130930 Structured Extended Feature Flags Enumeration (leaf 7):
00:00:00.130931   Mnemonic - Description                                  = guest (host)
00:00:00.130931   FSGSBASE - RDFSBASE/RDGSBASE/WRFSBASE/WRGSBASE instr.   = 1 (1)
00:00:00.130931   TSCADJUST - Supports MSR_IA32_TSC_ADJUST                = 0 (0)
00:00:00.130931   SGX - Supports Software Guard Extensions                = 0 (0)
00:00:00.130932   BMI1 - Advanced Bit Manipulation extension 1            = 1 (1)
00:00:00.130932   HLE - Hardware Lock Elision                             = 0 (0)
00:00:00.130933   AVX2 - Advanced Vector Extensions 2                     = 1 (1)
00:00:00.130933   FDP_EXCPTN_ONLY - FPU DP only updated on exceptions     = 0 (0)
00:00:00.130933   SMEP - Supervisor Mode Execution Prevention             = 0 (1)
00:00:00.130934   BMI2 - Advanced Bit Manipulation extension 2            = 1 (1)
00:00:00.130934   ERMS - Enhanced REP MOVSB/STOSB instructions            = 0 (1)
00:00:00.130934   INVPCID - INVPCID instruction                           = 1 (1)
00:00:00.130935   RTM - Restricted Transactional Memory                   = 0 (0)
00:00:00.130935   PQM - Platform Quality of Service Monitoring            = 0 (1)
00:00:00.130935   DEPFPU_CS_DS - Deprecates FPU CS, FPU DS values if set  = 0 (0)
00:00:00.130936   MPE - Intel Memory Protection Extensions                = 0 (0)
00:00:00.130936   PQE - Platform Quality of Service Enforcement           = 0 (1)
00:00:00.130936   AVX512F - AVX512 Foundation instructions                = 0 (0)
00:00:00.130937   RDSEED - RDSEED instruction                             = 1 (1)
00:00:00.130937   ADX - ADCX/ADOX instructions                            = 0 (1)
00:00:00.130937   SMAP - Supervisor Mode Access Prevention                = 0 (1)
00:00:00.130938   CLFLUSHOPT - CLFLUSHOPT (Cache Line Flush) instruction  = 1 (1)
00:00:00.130938   CLWB - CLWB instruction                                 = 0 (1)
00:00:00.130939   INTEL_PT - Intel Processor Trace                        = 0 (0)
00:00:00.130939   AVX512PF - AVX512 Prefetch instructions                 = 0 (0)
00:00:00.130939   AVX512ER - AVX512 Exponential & Reciprocal instructions = 0 (0)
00:00:00.130939   AVX512CD - AVX512 Conflict Detection instructions       = 0 (0)
00:00:00.130940   SHA - Secure Hash Algorithm extensions                  = 0 (1)
00:00:00.130940   PREFETCHWT1 - PREFETCHWT1 instruction                   = 0 (0)
00:00:00.130941   UMIP - User mode insturction prevention                 = 0 (1)
00:00:00.130941   PKU - Protection Key for Usermode pages                 = 0 (1)
00:00:00.130941   OSPKE - CR4.PKU mirror                                  = 0 (1)
00:00:00.130942    7 - Reserved                                           = 0 (1)
00:00:00.130942    9 - Reserved                                           = 0 (1)
00:00:00.130943   10 - Reserved                                           = 0 (1)
00:00:00.130943   MAWAU - Value used by BNDLDX & BNDSTX                   = 0x0 (0x0)
00:00:00.130944   RDPID - Read processor ID support                       = 0 (1)
00:00:00.130944   SGX_LC - Supports SGX Launch Configuration              = 0 (0)
00:00:00.130945    4 - Reserved                                           = 0 (1)
00:00:00.130945   MD_CLEAR - Supports MDS related buffer clearing         = 0 (0)
00:00:00.130946   IBRS_IBPB - IA32_SPEC_CTRL.IBRS and IA32_PRED_CMD.IBPB  = 0 (0)
00:00:00.130946   STIBP - Supports IA32_SPEC_CTRL.STIBP                   = 0 (0)
00:00:00.130946   FLUSH_CMD - Supports IA32_FLUSH_CMD                     = 0 (0)
00:00:00.130947   ARCHCAP - Supports IA32_ARCH_CAP                        = 0 (0)
00:00:00.130947   CORECAP - Supports IA32_CORE_CAP                        = 0 (0)
00:00:00.130947   SSBD - Supports IA32_SPEC_CTRL.SSBD                     = 0 (0)
00:00:00.130948 Processor Extended State Enumeration (leaf 0xd):
00:00:00.130948    XSAVE area cur/max size by XCR0, guest: 0x340/0x340
00:00:00.130949     XSAVE area cur/max size by XCR0, host: 0x988/0x988
00:00:00.130949                    Valid XCR0 bits, guest: 0x00000000`00000007 ( x87 SSE YMM_Hi128 )
00:00:00.130950                     Valid XCR0 bits, host: 0x00000000`00000207 ( x87 SSE YMM_Hi128 9 )
00:00:00.130951                     XSAVE features, guest:
00:00:00.130951                      XSAVE features, host: XSAVEOPT XSAVEC XGETBC1 XSAVES
00:00:00.130952       XSAVE area cur size XCR0|XSS, guest: 0x358
00:00:00.130952        XSAVE area cur size XCR0|XSS, host: 0x358
00:00:00.130952                Valid IA32_XSS bits, guest: 0x00000000`00000000
00:00:00.130953                 Valid IA32_XSS bits, host: 0x00001800`00000000 ( 43 44 )
00:00:00.130953   State #2, guest: off=0x0240, cb=0x0100 IA32_XSS-bit -- YMM_Hi128
00:00:00.130954   State #2, host:  off=0x0240, cb=0x0100 IA32_XSS-bit -- YMM_Hi128
00:00:00.130955   State #9, host:  off=0x0980, cb=0x0008 IA32_XSS-bit -- 9
00:00:00.130955   State #11, host:  off=0x0000, cb=0x0010 XCR0-bit -- 11
00:00:00.130956   State #12, host:  off=0x0000, cb=0x0018 XCR0-bit -- 12
00:00:00.130958          Unknown CPUID Leaves
00:00:00.130958      Leaf/sub-leaf  eax      ebx      ecx      edx
00:00:00.130958 Gst: 0000000f/0001  00000000 00000000 00000000 00000000
00:00:00.130959 Hst:                00000000 00000040 000000ff 00000007
00:00:00.130959 Gst: 0000000f/0002  00000000 00000000 00000000 00000000
00:00:00.130959 Hst:                00000000 00000000 00000000 00000000
00:00:00.130959 Gst: 00000010/0000  00000000 00000000 00000000 00000000
00:00:00.130960 Hst:                00000000 00000002 00000000 00000000
00:00:00.130960 Gst: 00000010/0001  00000000 00000000 00000000 00000000
00:00:00.130960 Hst:                0000000f 00000000 00000004 0000000f
00:00:00.130961 Gst: 00000010/0002  00000000 00000000 00000000 00000000
00:00:00.130961 Hst:                00000000 00000000 00000000 00000000
00:00:00.130961          Raw Extended CPUID Leaves
00:00:00.130961      Leaf/sub-leaf  eax      ebx      ecx      edx
00:00:00.130962 Gst: 80000000/0000  8000001e 68747541 444d4163 69746e65
00:00:00.130962 Hst:                80000023 68747541 444d4163 69746e65
00:00:00.130962 Gst: 80000001/0000  00a20f10 20000000 000001f3 2bd3fb7f
00:00:00.130963 Hst:                00a20f10 20000000 75c237ff 2fd3fbff
00:00:00.130963 Gst: 80000002/0000  20444d41 657a7952 2035206e 30303635
00:00:00.130963 Hst:                20444d41 657a7952 2035206e 30303635
00:00:00.130964 Gst: 80000003/0000  2d362058 65726f43 6f725020 73736563
00:00:00.130964 Hst:                2d362058 65726f43 6f725020 73736563
00:00:00.130964 Gst: 80000004/0000  2020726f 20202020 20202020 00202020
00:00:00.130964 Hst:                2020726f 20202020 20202020 00202020
00:00:00.130965 Gst: 80000005/0000  ff40ff40 ff40ff40 20080140 20080140
00:00:00.130965 Hst:                ff40ff40 ff40ff40 20080140 20080140
00:00:00.130965 Gst: 80000006/0000  48002200 68004200 02006140 01009140
00:00:00.130966 Hst:                48002200 68004200 02006140 01009140
00:00:00.130966 Gst: 80000007/0000  00000000 00000000 00000000 00000100
00:00:00.130966 Hst:                00000000 0000003b 00000000 00006799
00:00:00.130967 Gst: 80000008/0000  00003030 04000000 00000001 00000000
00:00:00.130967 Hst:                00003030 111ef657 0000400b 00010000
00:00:00.130967 Gst: 80000009/0000  00000000 00000000 00000000 00000000
00:00:00.130967 Hst:                00000000 00000000 00000000 00000000
00:00:00.130968 Gst: 8000000a/0000  00000000 00000000 00000000 00000000
00:00:00.130968 Hst:                00000001 00008000 00000000 101bbcff
00:00:00.130968 Gst: 8000000b/0000  00000000 00000000 00000000 00000000
00:00:00.130969 Hst:                00000000 00000000 00000000 00000000
00:00:00.130969 Gst: 8000000c/0000  00000000 00000000 00000000 00000000
00:00:00.130969 Hst:                00000000 00000000 00000000 00000000
00:00:00.130969 Gst: 8000000d/0000  00000000 00000000 00000000 00000000
00:00:00.130970 Hst:                00000000 00000000 00000000 00000000
00:00:00.130970 Gst: 8000000e/0000  00000000 00000000 00000000 00000000
00:00:00.130970 Hst:                00000000 00000000 00000000 00000000
00:00:00.130970 Gst: 8000000f/0000  00000000 00000000 00000000 00000000
00:00:00.130971 Hst:                00000000 00000000 00000000 00000000
00:00:00.130971 Gst: 80000010/0000  00000000 00000000 00000000 00000000
00:00:00.130971 Hst:                00000000 00000000 00000000 00000000
00:00:00.130971 Gst: 80000011/0000  00000000 00000000 00000000 00000000
00:00:00.130972 Hst:                00000000 00000000 00000000 00000000
00:00:00.130972 Gst: 80000012/0000  00000000 00000000 00000000 00000000
00:00:00.130972 Hst:                00000000 00000000 00000000 00000000
00:00:00.130972 Gst: 80000013/0000  00000000 00000000 00000000 00000000
00:00:00.130973 Hst:                00000000 00000000 00000000 00000000
00:00:00.130973 Gst: 80000014/0000  00000000 00000000 00000000 00000000
00:00:00.130973 Hst:                00000000 00000000 00000000 00000000
00:00:00.130973 Gst: 80000015/0000  00000000 00000000 00000000 00000000
00:00:00.130974 Hst:                00000000 00000000 00000000 00000000
00:00:00.130974 Gst: 80000016/0000  00000000 00000000 00000000 00000000
00:00:00.130974 Hst:                00000000 00000000 00000000 00000000
00:00:00.130975 Gst: 80000017/0000  00000000 00000000 00000000 00000000
00:00:00.130975 Hst:                00000000 00000000 00000000 00000000
00:00:00.130975 Gst: 80000018/0000  00000000 00000000 00000000 00000000
00:00:00.130975 Hst:                00000000 00000000 00000000 00000000
00:00:00.130976 Gst: 80000019/0000  f040f040 f0400000 00000000 00000000
00:00:00.130976 Hst:                f040f040 f0400000 00000000 00000000
00:00:00.130976 Gst: 8000001a/0000  00000002 00000000 00000000 00000000
00:00:00.130977 Hst:                00000006 00000000 00000000 00000000
00:00:00.130977 Gst: 8000001b/0000  00000000 00000000 00000000 00000000
00:00:00.130977 Hst:                000003ff 00000000 00000000 00000000
00:00:00.130978 Gst: 8000001c/0000  00000000 00000000 00000000 00000000
00:00:00.130978 Hst:                00000000 00000000 00000000 00000000
00:00:00.130978 Gst: 8000001d/0000  00004121 01c0003f 0000003f 00000000
00:00:00.130978 Hst:                00004121 01c0003f 0000003f 00000000
00:00:00.130979 Gst: 8000001d/0001  00004122 01c0003f 0000003f 00000000
00:00:00.130979 Hst:                00004122 01c0003f 0000003f 00000000
00:00:00.130979 Gst: 8000001d/0002  00004143 01c0003f 000003ff 00000002
00:00:00.130979 Hst:                00004143 01c0003f 000003ff 00000002
00:00:00.130980 Gst: 8000001d/0003  00004163 03c0003f 00007fff 00000001
00:00:00.130980 Hst:                0002c163 03c0003f 00007fff 00000001
00:00:00.130980 Gst: 8000001d/0004  00000000 00000000 00000000 00000000
00:00:00.130981 Hst:                00000000 00000000 00000000 00000000
00:00:00.130981 Gst: 8000001e/0000  00000000 00000100 00000000 00000000
00:00:00.130981 Hst:                00000006 00000103 00000000 00000000
00:00:00.130982 Hst: 8000001f/0000  0001780f 00000173 000001fd 00000001
00:00:00.130982 Hst: 80000020/0000  00000000 00000002 00000000 00000000
00:00:00.130982 Hst: 80000021/0000  0000004d 00000000 00000000 00000000
00:00:00.130983 Hst: 80000022/0000  00000000 00000000 00000000 00000000
00:00:00.130983 Hst: 80000023/0000  00000000 00000000 00000000 00000000
00:00:00.130983 Ext Name:                        AuthenticAMD
00:00:00.130983 Ext Supports:                    0x80000000-0x8000001e
00:00:00.130984 Family:                          15  	Extended: 10 	Effective: 25
00:00:00.130984 Model:                           1  	Extended: 2 	Effective: 33
00:00:00.130984 Stepping:                        0
00:00:00.130984 Brand ID:                        0x000
00:00:00.130985 Ext Features
00:00:00.130985   Mnemonic - Description                                  = guest (host)
00:00:00.130985   FPU - x87 FPU on Chip                                   = 1 (1)
00:00:00.130985   VME - Virtual 8086 Mode Enhancements                    = 1 (1)
00:00:00.130986   DE - Debugging extensions                               = 1 (1)
00:00:00.130986   PSE - Page Size Extension                               = 1 (1)
00:00:00.130987   TSC - Time Stamp Counter                                = 1 (1)
00:00:00.130987   MSR - K86 Model Specific Registers                      = 1 (1)
00:00:00.130988   PAE - Physical Address Extension                        = 1 (1)
00:00:00.130988   MCE - Machine Check Exception                           = 0 (1)
00:00:00.130988   CX8 - CMPXCHG8B instruction                             = 1 (1)
00:00:00.130989   APIC - APIC On-Chip                                     = 1 (1)
00:00:00.130989   SEP - SYSCALL/SYSRET                                    = 1 (1)
00:00:00.130990   MTRR - Memory Type Range Registers                      = 1 (1)
00:00:00.130990   PGE - PTE Global Bit                                    = 1 (1)
00:00:00.130991   MCA - Machine Check Architecture                        = 1 (1)
00:00:00.130991   CMOV - Conditional Move instructions                    = 1 (1)
00:00:00.130991   PAT - Page Attribute Table                              = 1 (1)
00:00:00.130992   PSE-36 - 36-bit Page Size Extension                     = 1 (1)
00:00:00.130992   NX - No-Execute/Execute-Disable                         = 1 (1)
00:00:00.130993   AXMMX - AMD Extensions to MMX instructions              = 1 (1)
00:00:00.130993   MMX - Intel MMX Technology                              = 1 (1)
00:00:00.130993   FXSR - FXSAVE and FXRSTOR Instructions                  = 1 (1)
00:00:00.130994   FFXSR - AMD fast FXSAVE and FXRSTOR instructions        = 1 (1)
00:00:00.130994   Page1GB - 1 GB large page                               = 0 (1)
00:00:00.130994   RDTSCP - RDTSCP instruction                             = 1 (1)
00:00:00.130995   LM - AMD64 Long Mode                                    = 1 (1)
00:00:00.130995   3DNOWEXT - AMD Extensions to 3DNow                      = 0 (0)
00:00:00.130996   3DNOW - AMD 3DNow                                       = 0 (0)
00:00:00.130996   LahfSahf - LAHF/SAHF support in 64-bit mode             = 1 (1)
00:00:00.130997   CmpLegacy - Core multi-processing legacy mode           = 1 (1)
00:00:00.130997   SVM - AMD Secure Virtual Machine extensions             = 0 (1)
00:00:00.130997   EXTAPIC - AMD Extended APIC registers                   = 0 (1)
00:00:00.130998   CR8L - AMD LOCK MOV CR0 means MOV CR8                   = 1 (1)
00:00:00.130998   ABM - AMD Advanced Bit Manipulation                     = 1 (1)
00:00:00.130998   SSE4A - SSE4A instructions                              = 1 (1)
00:00:00.130999   MISALIGNSSE - AMD Misaligned SSE mode                   = 1 (1)
00:00:00.130999   3DNOWPRF - AMD PREFETCH and PREFETCHW instructions      = 1 (1)
00:00:00.130999   OSVW - AMD OS Visible Workaround                        = 0 (1)
00:00:00.131000   IBS - Instruct Based Sampling                           = 0 (1)
00:00:00.131000   XOP - Extended Operation support                        = 0 (0)
00:00:00.131001   SKINIT - SKINIT, STGI, and DEV support                  = 0 (1)
00:00:00.131001   WDT - AMD Watchdog Timer support                        = 0 (1)
00:00:00.131001   LWP - Lightweight Profiling support                     = 0 (0)
00:00:00.131002   FMA4 - Four operand FMA instruction support             = 0 (0)
00:00:00.131002   TCE - Translation Cache Extension support               = 0 (1)
00:00:00.131002   NodeId - NodeId in MSR C001_100C                        = 0 (0)
00:00:00.131003   TBM - Trailing Bit Manipulation instructions            = 0 (0)
00:00:00.131003   TOPOEXT - Topology Extensions                           = 0 (1)
00:00:00.131003   PRFEXTCORE - Performance Counter Extensions support     = 0 (1)
00:00:00.131004   PRFEXTNB - NB Performance Counter Extensions support    = 0 (1)
00:00:00.131004   DATABPEXT - Data-access Breakpoint Extension            = 0 (1)
00:00:00.131004   PERFTSC - Performance Time Stamp Counter                = 0 (0)
00:00:00.131005   PCX_L2I - L2I/L3 Performance Counter Extensions         = 0 (1)
00:00:00.131005   MONITORX - MWAITX and MONITORX instructions             = 0 (1)
00:00:00.131005   AddrMaskExt - BP Addressing masking extended to bit 31  = 0 (1)
00:00:00.131006 SVM Feature Identification (leaf A):
00:00:00.131006   NP - Nested Paging                                      = 0 (1)
00:00:00.131006   LbrVirt - Last Branch Record Virtualization             = 0 (1)
00:00:00.131007   SVML - SVM Lock                                         = 0 (1)
00:00:00.131007   NRIPS - NextRIP Save                                    = 0 (1)
00:00:00.131008   TscRateMsr - MSR based TSC rate control                 = 0 (1)
00:00:00.131008   VmcbClean - VMCB clean bits                             = 0 (1)
00:00:00.131008   FlushByASID - Flush by ASID                             = 0 (1)
00:00:00.131009   DecodeAssists - Decode Assists                          = 0 (1)
00:00:00.131009   PauseFilter - Pause intercept filter                    = 0 (1)
00:00:00.131010   11 - Reserved                                           = 0 (1)
00:00:00.131010   PauseFilterThreshold - Pause filter threshold           = 0 (1)
00:00:00.131010   AVIC - Advanced Virtual Interrupt Controller            = 0 (1)
00:00:00.131011   VMSAVEVirt - VMSAVE and VMLOAD Virtualization           = 0 (1)
00:00:00.131011   VGIF - Virtual Global-Interrupt Flag                    = 0 (1)
00:00:00.131011   GMET - Guest Mode Execute Trap Extension                = 0 (1)
00:00:00.131012   x2AVIC - AVIC support for x2APIC mode                   = 0 (0)
00:00:00.131012   SSSCheck - SVM supervisor shadow stack restrictions     = 0 (1)
00:00:00.131012   SpecCtrl - SPEC_CTRL virtualization                     = 0 (1)
00:00:00.131013   ROGPT - Read-Only Guest Page Table feature support      = 0 (0)
00:00:00.131013   HOST_MCE_OVERRIDE - Guest #MC can be intercepted        = 0 (0)
00:00:00.131013   TlbiCtl - INVLPGB/TLBSYNC enable and intercept          = 0 (0)
00:00:00.131014   VNMI - NMI Virtualization                               = 0 (0)
00:00:00.131014   IbsVirt - IBS Virtualization                            = 0 (0)
00:00:00.131014   ExtLvtAvicAccessChg - Extended LVT access changes       = 0 (0)
00:00:00.131015   NestedVirtVmcbAddrChk - Guest VMCB address check        = 0 (1)
00:00:00.131015   BusLockThreshold - Bus Lock Threshold                   = 0 (0)
00:00:00.131015 Full Name:                       "AMD Ryzen 5 5600X 6-Core Processor             "
00:00:00.131016 TLB 2/4M Instr/Uni:              fully  64 entries
00:00:00.131016 TLB 2/4M Data:                   fully  64 entries
00:00:00.131016 TLB 4K Instr/Uni:                fully  64 entries
00:00:00.131016 TLB 4K Data:                     fully  64 entries
00:00:00.131017 L1 Instr Cache Line Size:        64 bytes
00:00:00.131017 L1 Instr Cache Lines Per Tag:    1
00:00:00.131017 L1 Instr Cache Associativity:    8 way
00:00:00.131017 L1 Instr Cache Size:             32 KB
00:00:00.131017 L1 Data Cache Line Size:         64 bytes
00:00:00.131017 L1 Data Cache Lines Per Tag:     1
00:00:00.131017 L1 Data Cache Associativity:     8 way
00:00:00.131018 L1 Data Cache Size:              32 KB
00:00:00.131018 L2 TLB 2/4M Instr/Uni:           2 way   512 entries
00:00:00.131018 L2 TLB 2/4M Data:                4 way  2048 entries
00:00:00.131018 L2 TLB 4K Instr/Uni:             4 way   512 entries
00:00:00.131019 L2 TLB 4K Data:                  8 way  2048 entries
00:00:00.131019 L2 Cache Line Size:              64 bytes
00:00:00.131019 L2 Cache Lines Per Tag:          1
00:00:00.131019 L2 Cache Associativity:          res9  
00:00:00.131019 L2 Cache Size:                   256 KB
00:00:00.131019   TS - Temperature Sensor                                 = 0 (1)
00:00:00.131020   FID - Frequency ID control                              = 0 (0)
00:00:00.131020   VID - Voltage ID control                                = 0 (0)
00:00:00.131021   TTP - Thermal Trip                                      = 0 (1)
00:00:00.131021   TM - Hardware Thermal Control (HTC)                     = 0 (1)
00:00:00.131022   100MHzSteps - 100 MHz Multiplier control                = 0 (0)
00:00:00.131022   HwPstate - Hardware P-state control                     = 0 (1)
00:00:00.131023   TscInvariant - Invariant Time Stamp Counter             = 1 (1)
00:00:00.131023   CPB - Core Performance Boost                            = 0 (1)
00:00:00.131023   EffFreqRO - Read-only Effective Frequency Interface     = 0 (1)
00:00:00.131024   ProcFdbkIf - Processor Feedback Interface               = 0 (0)
00:00:00.131024   ProcPwrRep - Core power reporting interface support     = 0 (0)
00:00:00.131024   ConnectedStandby - Connected Standby                    = 0 (1)
00:00:00.131025   RAPL - Running average power limit                      = 0 (1)
00:00:00.131025   CLZERO - Clear zero instruction (cacheline)             = 0 (1)
00:00:00.131025   IRPerf - Instructions retired count support             = 0 (1)
00:00:00.131026   XSaveErPtr - Save/restore error pointers (FXSAVE/RSTOR*) = 0 (1)
00:00:00.131026   INVLPGB - INVLPGB and TLBSYNC instructions              = 0 (0)
00:00:00.131026   RDPRU - RDPRU instruction                               = 0 (1)
00:00:00.131027   BE - Bandwidth Enforcement extension                    = 0 (1)
00:00:00.131027   MCOMMIT - MCOMMIT instruction                           = 0 (0)
00:00:00.131028   WBNOINVD - WBNOINVD instruction                         = 0 (1)
00:00:00.131028   10 - Reserved                                           = 0 (1)
00:00:00.131028   IBPB - Supports the IBPB command in IA32_PRED_CMD       = 0 (1)
00:00:00.131029   INT_WBINVD - WBINVD/WBNOINVD interruptible              = 0 (1)
00:00:00.131029   IBRS - Indirect Branch Restricted Speculation           = 0 (1)
00:00:00.131029   STIBP - Single Thread Indirect Branch Prediction        = 0 (1)
00:00:00.131030   IbrsAlwaysOn - Processor prefers that IBRS be left on   = 0 (0)
00:00:00.131030   StibpAlwaysOn - Processor prefers that STIBP be left on = 0 (1)
00:00:00.131030   IbrsPreferred - IBRS preferred over software solution   = 0 (1)
00:00:00.131030   IbrsSameMode - IBRS limits same mode speculation        = 0 (1)
00:00:00.131031   EferLmsleUnsupported - EFER.LMSLE is unsupported        = 0 (1)
00:00:00.131031   INVLPGBnestedPages - INVLPGB for nested translation     = 0 (0)
00:00:00.131031   SSBD - Speculative Store Bypass Disable                 = 0 (1)
00:00:00.131032   SsbdVirtSpecCtrl - Use VIRT_SPEC_CTL for SSBD           = 0 (0)
00:00:00.131032   SsbdNotRequired - SSBD not needed on this processor     = 1 (0)
00:00:00.131032   CPPC - Collaborative Processor Performance Control      = 0 (0)
00:00:00.131033   PSFD - Predictive Store Forward Disable                 = 0 (1)
00:00:00.131033   BTC_NO - Unaffected by branch type confusion            = 0 (0)
00:00:00.131033   IBPB_RET - Clears RA predictor when PRED_CMD.IBPB set   = 0 (0)
00:00:00.131033 Physical Address Width:          48 bits
00:00:00.131034 Virtual Address Width:           48 bits
00:00:00.131034 Guest Physical Address Width:    0 bits
00:00:00.131034 Physical Core Count:             2
00:00:00.131035 
00:00:00.131035 ******************** End of CPUID dump **********************
00:00:00.130452 HM: fUsePauseFilter=false fUseLbrVirt=false fUseVGif=true fUseVirtVmsaveVmload=true
00:00:00.131102 VMEmt: Halt method global1 (5)
00:00:00.131124 VMEmt: HaltedGlobal1 config: cNsSpinBlockThresholdCfg=2000
00:00:00.131139 Changing the VM state from 'CREATING' to 'CREATED'
00:00:00.133041 Changing the VM state from 'CREATED' to 'POWERING_ON'
00:00:00.133207 Changing the VM state from 'POWERING_ON' to 'RUNNING'
00:00:00.133215 Console: Machine state changed to 'Running'
00:00:00.133426 VBoxHeadless: starting event loop
00:00:00.133815 VMMDev: Guest Log: BIOS: VirtualBox 7.0.18
00:00:00.133865 PCI: Setting up resources and interrupts
00:00:00.134075 PIT: mode=2 count=0x10000 (65536) - 18.20 Hz (ch=0)
00:00:00.160851 Display::i_handleDisplayResize: uScreenId=0 pvVRAM=0000000000000000 w=720 h=400 bpp=0 cbLine=0x0 flags=0x0 origin=0,0
00:00:00.160993 VMMDev: Guest Log: CPUID EDX: 0x178bfbff
00:00:00.161024 PIIX3 ATA: Ctl#0: RESET, DevSel=0 AIOIf=0 CmdIf0=0x00 (-1 usec ago) CmdIf1=0x00 (-1 usec ago)
00:00:00.161042 PIIX3 ATA: Ctl#0: finished processing RESET
00:00:00.161290 PIIX3 ATA: Ctl#1: RESET, DevSel=0 AIOIf=0 CmdIf0=0x00 (-1 usec ago) CmdIf1=0x00 (-1 usec ago)
00:00:00.161307 PIIX3 ATA: Ctl#1: finished processing RESET
00:00:00.161440 VMMDev: Guest Log: BIOS: ata1-0: PCHS=8322/16/63 LCHS=522/255/63
00:00:00.163270 PIT: mode=2 count=0x48d3 (18643) - 64.00 Hz (ch=0)
00:00:00.189026 Display::i_handleDisplayResize: uScreenId=0 pvVRAM=00007fa197000000 w=640 h=480 bpp=32 cbLine=0xA00 flags=0x0 origin=0,0
00:00:02.642158 PIT: mode=2 count=0x10000 (65536) - 18.20 Hz (ch=0)
00:00:02.642253 VMMDev: Guest Log: BIOS: Boot : bseqnr=1, bootseq=0231
00:00:02.642324 VMMDev: Guest Log: BIOS: Boot from Floppy 0 failed
00:00:02.642407 VMMDev: Guest Log: BIOS: Boot : bseqnr=2, bootseq=0023
00:00:02.642591 VMMDev: Guest Log: BIOS: CDROM boot failure code : 0003
00:00:02.642652 VMMDev: Guest Log: BIOS: Boot from CD-ROM failed
00:00:02.642728 VMMDev: Guest Log: BIOS: Boot : bseqnr=3, bootseq=0002
00:00:02.642853 VMMDev: Guest Log: BIOS: Booting from Hard Disk...
00:00:02.642990 PIIX3 ATA: Ctl#1: RESET, DevSel=0 AIOIf=0 CmdIf0=0xc4 (-1 usec ago) CmdIf1=0x00 (-1 usec ago)
00:00:02.643001 PIIX3 ATA: Ctl#1: finished processing RESET
00:00:02.648329 Display::i_handleDisplayResize: uScreenId=0 pvVRAM=0000000000000000 w=720 h=400 bpp=0 cbLine=0x0 flags=0x0 origin=0,0
00:00:05.400059 PIT: mode=2 count=0x4a9 (1193) - 1000.15 Hz (ch=0)
00:00:05.612150 PIT: mode=0 count=0x10000 (65536) - 18.20 Hz (ch=0)
00:00:05.723853 OHCI: Software reset
00:00:12.375783 PIIX3 ATA: Ctl#1: RESET, DevSel=0 AIOIf=0 CmdIf0=0xc4 (-1 usec ago) CmdIf1=0x00 (-1 usec ago)
00:00:12.375839 PIIX3 ATA: Ctl#1: finished processing RESET
00:00:12.375928 PIIX3 ATA: Ctl#0: RESET, DevSel=0 AIOIf=0 CmdIf0=0xa0 (-1 usec ago) CmdIf1=0x00 (-1 usec ago)
00:00:12.375970 PIIX3 ATA: Ctl#0: finished processing RESET
00:00:14.136043 EHCI: Hardware reset
00:00:14.136757 EHCI: USB Operational
00:00:14.296979 OHCI: USB Reset
00:00:14.347251 OHCI: Software reset
00:00:14.347299 OHCI: USB Operational
00:00:14.625806 OHCI: USB Suspended
00:00:14.625958 EHCI: USB Suspended
