00:00:00.215052 VirtualBox GUI (separate) 7.0.18 r162988 linux.amd64 (May  2 2024 10:35:36) release log
00:00:00.215053 Log opened 2024-05-25T12:11:37.236045000Z
00:00:00.215053 Build Type: release
00:00:00.215055 OS Product: Linux
00:00:00.215055 OS Release: 6.8.9-300.fc40.x86_64
00:00:00.215056 OS Version: #1 SMP PREEMPT_DYNAMIC Thu May  2 18:59:06 UTC 2024
00:00:00.215074 DMI Product Name: B550 AORUS PRO AC
00:00:00.215081 DMI Product Version: Default string
00:00:00.215085 Firmware type: UEFI
00:00:00.215142 Secure Boot: Disabled
00:00:00.215169 Host RAM: 31983MB (31.2GB) total, 21306MB (20.8GB) available
00:00:00.215171 Executable: /usr/lib/virtualbox/VirtualBoxVM
00:00:00.215171 Process ID: 17802
00:00:00.215171 Package type: LINUX_64BITS_FEDORA_40
00:00:00.215686 GUI: UIMediumEnumerator: Initial medium-enumeration finished!
00:00:00.694595 GUI: UIMediumEnumerator: Medium-enumeration started...
00:00:00.732499 GUI: UIFrameBufferPrivate::performResize: Size=640x480, Using fallback buffer since no source bitmap is provided
00:00:00.750298 GUI: UIMachineViewNormal::resendSizeHint: Restoring guest size-hint for screen 0 to 800x600
00:00:00.779039 QDBus inhibition call error for service org.freedesktop.ScreenSaver: org.gtk.GDBus.UnmappedGError.Quark._g_2dio_2derror_2dquark.Code36. GDBus.Error:org.gnome.SessionManager.GeneralError: Unable to uninhibit: Invalid cookie
00:00:00.779658 QDBus inhibition call error for service org.freedesktop.ScreenSaver: org.gtk.GDBus.UnmappedGError.Quark._g_2dio_2derror_2dquark.Code36. GDBus.Error:org.gnome.SessionManager.GeneralError: Unable to uninhibit: Invalid cookie
00:00:00.780240 QDBus inhibition call error for service org.gnome.SettingsDaemon.ScreensaverProxy: org.gtk.GDBus.UnmappedGError.Quark._g_2dio_2derror_2dquark.Code36. GDBus.Error:org.gnome.SessionManager.GeneralError: Unable to uninhibit: Invalid cookie
00:00:00.780777 QDBus inhibition call error for service org.gnome.SettingsDaemon.ScreensaverProxy: org.gtk.GDBus.UnmappedGError.Quark._g_2dio_2derror_2dquark.Code36. GDBus.Error:org.gnome.SessionManager.GeneralError: Unable to uninhibit: Invalid cookie
00:00:00.801987 GUI: UIMediumEnumerator: Medium-enumeration finished!
00:00:00.802007 GUI: UIFrameBufferPrivate::performResize: Size=800x600, Using fallback buffer since no source bitmap is provided
00:00:00.826574 GUI: UISession::sltAdditionsChange: GA state really changed, notifying listeners
00:00:00.826617 GUI: UIMachineViewNormal::adjustGuestScreenSize: Adjust guest-screen size if necessary
00:00:00.826805 GUI: UISession::sltAdditionsChange: GA state change event came, notifying listeners
00:00:00.826811 GUI: UIMachineLogicNormal::sltCheckForRequestedVisualStateType: Requested-state=1, Machine-state=6
00:00:00.827517 GUI: HID LEDs sync is not supported on this platform
00:00:00.861725 GUI: UIDesktopWidgetWatchdog::sltHandleHostScreenAvailableGeometryCalculated: Screen 1 work area is actually resized to: 0x0 x 1440x2560
00:00:00.861762 GUI: UIDesktopWidgetWatchdog::sltHandleHostScreenAvailableGeometryCalculated: Screen 0 work area is actually resized to: 1440x32 x 2560x1408
00:00:00.883312 GUI: UIMachineLogicNormal::sltCheckForRequestedVisualStateType: Requested-state=1, Machine-state=6
00:01:06.699657 GUI: UIMediumEnumerator: Medium-enumeration finished!
00:06:11.674192 GUI: Request for close-action to power VM off.
00:06:11.674346 GUI: Powering VM off..
00:06:11.678485 GUI: UIFrameBufferPrivate::performResize: Size=800x600, Using fallback buffer since no source bitmap is provided
00:06:11.728771 GUI: Passing request to close Runtime UI from UI session to UI machine.
00:06:11.729608 GUI: UICommon: Handling aboutToQuit request..
00:06:12.620638 ERROR [COM]: aRC=NS_ERROR_UNEXPECTED (0x8000ffff) aIID={c0447716-ff5a-4795-b57a-ecd5fffa18a4} aComponent={SessionWrap} aText={The session is not locked (session state: Unlocked)}, preserve=false aResultDetail=0
00:06:12.621430 ERROR [COM]: aRC=NS_ERROR_UNEXPECTED (0x8000ffff) aIID={c0447716-ff5a-4795-b57a-ecd5fffa18a4} aComponent={SessionWrap} aText={The session is not locked (session state: Unlocked)}, preserve=false aResultDetail=0
00:06:12.636069 GUI: UICommon: aboutToQuit request handled!
